2024-04-09 12:31:21.765 [http-nio-80-exec-3] INFO 
				jdbc.resultsettable - 
|-------------------------------------------------------------|----------|
|password                                                     |active_yn |
|-------------------------------------------------------------|----------|
|$2a$10$QV9eob..yRc0mUicPaYtqufst7vNCWMit2BcV9lg16u6q0KjPGaDW |y         |
|-------------------------------------------------------------|----------|

2024-04-09 12:31:43.392 [http-nio-80-exec-1] INFO 
				jdbc.resultsettable - 
|-------|
|img_id |
|-------|
|26     |
|-------|

2024-04-09 12:31:43.412 [http-nio-80-exec-1] INFO 
				jdbc.resultsettable - 
|-----------|
|product_id |
|-----------|
|31         |
|-----------|

2024-04-09 12:31:43.433 [http-nio-80-exec-1] INFO 
				jdbc.resultsettable - 
|-----------|----------|-------|------|------------|------------------|----------|----------------------|----------------------|-----------|-------|------|
|product_id |seller_id |img_id |price |description |quality_condition |category  |created_at            |updated_at            |read_count |status |title |
|-----------|----------|-------|------|------------|------------------|----------|----------------------|----------------------|-----------|-------|------|
|31         |t         |26     |5000  |test        |사용감약간             |furniture |2024-04-09 12:31:43.0 |2024-04-09 12:31:43.0 |1          |판매중    |test  |
|-----------|----------|-------|------|------------|------------------|----------|----------------------|----------------------|-----------|-------|------|

2024-04-09 12:31:43.436 [http-nio-80-exec-1] INFO 
				jdbc.resultsettable - 
|-----------------------------------------|
|img_uuid                                 |
|-----------------------------------------|
|d5d92191-bd92-424e-badc-ca7c8f8812a8.png |
|63c6a62e-67d2-4d4e-92aa-0b66a425b3a5.png |
|-----------------------------------------|

2024-04-09 17:42:22.589 [http-nio-80-exec-9] INFO 
				jdbc.resultsettable - 
|-------------------------------------------------------------|----------|
|password                                                     |active_yn |
|-------------------------------------------------------------|----------|
|$2a$10$QV9eob..yRc0mUicPaYtqufst7vNCWMit2BcV9lg16u6q0KjPGaDW |y         |
|-------------------------------------------------------------|----------|

2024-04-09 17:42:24.925 [http-nio-80-exec-5] INFO 
				jdbc.resultsettable - 
|-------------------------------------------------------------|----------|
|password                                                     |active_yn |
|-------------------------------------------------------------|----------|
|$2a$10$QV9eob..yRc0mUicPaYtqufst7vNCWMit2BcV9lg16u6q0KjPGaDW |y         |
|-------------------------------------------------------------|----------|

2024-04-09 17:42:27.929 [http-nio-80-exec-1] INFO 
				jdbc.resultsettable - 
|-------------------------------------------------------------|----------|
|password                                                     |active_yn |
|-------------------------------------------------------------|----------|
|$2a$10$QV9eob..yRc0mUicPaYtqufst7vNCWMit2BcV9lg16u6q0KjPGaDW |y         |
|-------------------------------------------------------------|----------|

2024-04-09 17:42:55.427 [http-nio-80-exec-6] INFO 
				jdbc.resultsettable - 
|-------|
|img_id |
|-------|
|27     |
|-------|

2024-04-09 17:42:55.451 [http-nio-80-exec-6] INFO 
				jdbc.resultsettable - 
|-----------|
|product_id |
|-----------|
|32         |
|-----------|

2024-04-09 17:42:55.498 [http-nio-80-exec-6] INFO 
				jdbc.resultsettable - 
|-----------|----------|-------|------|------------|------------------|---------|----------------------|----------------------|-----------|-------|------|
|product_id |seller_id |img_id |price |description |quality_condition |category |created_at            |updated_at            |read_count |status |title |
|-----------|----------|-------|------|------------|------------------|---------|----------------------|----------------------|-----------|-------|------|
|32         |t         |27     |5000  |test        |사용감약간             |digital  |2024-04-09 17:42:55.0 |2024-04-09 17:42:55.0 |1          |판매중    |test  |
|-----------|----------|-------|------|------------|------------------|---------|----------------------|----------------------|-----------|-------|------|

2024-04-09 17:42:55.498 [http-nio-80-exec-6] INFO 
				jdbc.resultsettable - 
|-----------------------------------------|
|img_uuid                                 |
|-----------------------------------------|
|a355cb7b-b14b-4939-b95c-f0d585a8e710.png |
|c5a4cfd1-5f04-466f-8805-a57d20ef9d07.png |
|-----------------------------------------|

2024-04-09 17:44:14.475 [http-nio-80-exec-4] INFO 
				jdbc.resultsettable - 
|-------|
|img_id |
|-------|
|28     |
|-------|

2024-04-09 17:44:14.492 [http-nio-80-exec-4] INFO 
				jdbc.resultsettable - 
|-----------|
|product_id |
|-----------|
|33         |
|-----------|

2024-04-09 17:44:14.511 [http-nio-80-exec-4] INFO 
				jdbc.resultsettable - 
|-----------|----------|-------|------|------------|------------------|----------|----------------------|----------------------|-----------|-------|------|
|product_id |seller_id |img_id |price |description |quality_condition |category  |created_at            |updated_at            |read_count |status |title |
|-----------|----------|-------|------|------------|------------------|----------|----------------------|----------------------|-----------|-------|------|
|33         |t         |28     |5000  |test        |사용감약간             |furniture |2024-04-09 17:44:14.0 |2024-04-09 17:44:14.0 |1          |판매중    |test  |
|-----------|----------|-------|------|------------|------------------|----------|----------------------|----------------------|-----------|-------|------|

2024-04-09 17:44:14.511 [http-nio-80-exec-4] INFO 
				jdbc.resultsettable - 
|-----------------------------------------|
|img_uuid                                 |
|-----------------------------------------|
|40be3ebe-8224-4b2d-b820-ccee61fb4c87.png |
|-----------------------------------------|

2024-04-09 17:49:34.505 [http-nio-80-exec-5] INFO 
				jdbc.resultsettable - 
|-------------------------------------------------------------|----------|
|password                                                     |active_yn |
|-------------------------------------------------------------|----------|
|$2a$10$QV9eob..yRc0mUicPaYtqufst7vNCWMit2BcV9lg16u6q0KjPGaDW |y         |
|-------------------------------------------------------------|----------|

2024-04-09 17:49:50.674 [http-nio-80-exec-7] INFO 
				jdbc.resultsettable - 
|-------|
|img_id |
|-------|
|29     |
|-------|

2024-04-09 17:49:50.695 [http-nio-80-exec-7] INFO 
				jdbc.resultsettable - 
|-----------|
|product_id |
|-----------|
|34         |
|-----------|

2024-04-09 17:50:37.193 [http-nio-80-exec-4] INFO 
				jdbc.resultsettable - 
|-------|
|img_id |
|-------|
|30     |
|-------|

2024-04-09 17:50:37.212 [http-nio-80-exec-4] INFO 
				jdbc.resultsettable - 
|-----------|
|product_id |
|-----------|
|35         |
|-----------|

2024-04-09 17:50:37.242 [http-nio-80-exec-4] INFO 
				jdbc.resultsettable - 
|-----------|----------|-------|------|------------|------------------|----------|----------------------|----------------------|-----------|-------|------|
|product_id |seller_id |img_id |price |description |quality_condition |category  |created_at            |updated_at            |read_count |status |title |
|-----------|----------|-------|------|------------|------------------|----------|----------------------|----------------------|-----------|-------|------|
|35         |t         |30     |5000  |tdst        |사용감약간             |furniture |2024-04-09 17:50:37.0 |2024-04-09 17:50:37.0 |1          |판매중    |q     |
|-----------|----------|-------|------|------------|------------------|----------|----------------------|----------------------|-----------|-------|------|

2024-04-09 17:50:37.246 [http-nio-80-exec-4] INFO 
				jdbc.resultsettable - 
|-----------------------------------------|
|img_uuid                                 |
|-----------------------------------------|
|2c1904c8-75b6-4a1f-aa90-3ef76bd6888e.png |
|-----------------------------------------|

2024-04-09 17:52:09.516 [http-nio-80-exec-5] INFO 
				jdbc.resultsettable - 
|-------------------------------------------------------------|----------|
|password                                                     |active_yn |
|-------------------------------------------------------------|----------|
|$2a$10$QV9eob..yRc0mUicPaYtqufst7vNCWMit2BcV9lg16u6q0KjPGaDW |y         |
|-------------------------------------------------------------|----------|

2024-04-09 17:52:21.914 [http-nio-80-exec-5] INFO 
				jdbc.resultsettable - 
|-------|
|img_id |
|-------|
|31     |
|-------|

2024-04-09 17:52:21.948 [http-nio-80-exec-5] INFO 
				jdbc.resultsettable - 
|-----------|
|product_id |
|-----------|
|36         |
|-----------|

2024-04-09 17:52:21.977 [http-nio-80-exec-5] INFO 
				jdbc.resultsettable - 
|-----------|----------|-------|------|------------|------------------|----------|----------------------|----------------------|-----------|-------|------|
|product_id |seller_id |img_id |price |description |quality_condition |category  |created_at            |updated_at            |read_count |status |title |
|-----------|----------|-------|------|------------|------------------|----------|----------------------|----------------------|-----------|-------|------|
|36         |t         |31     |5000  |test        |사용감약간             |furniture |2024-04-09 17:52:21.0 |2024-04-09 17:52:21.0 |1          |판매중    |test  |
|-----------|----------|-------|------|------------|------------------|----------|----------------------|----------------------|-----------|-------|------|

2024-04-09 17:52:21.977 [http-nio-80-exec-5] INFO 
				jdbc.resultsettable - 
|-----------------------------------------|
|img_uuid                                 |
|-----------------------------------------|
|651ab628-da46-4a83-9d76-b9454ede0357.png |
|-----------------------------------------|

2024-04-09 18:23:04.007 [http-nio-80-exec-4] INFO 
				jdbc.resultsettable - 
|-------------------------------------------------------------|----------|
|password                                                     |active_yn |
|-------------------------------------------------------------|----------|
|$2a$10$QV9eob..yRc0mUicPaYtqufst7vNCWMit2BcV9lg16u6q0KjPGaDW |y         |
|-------------------------------------------------------------|----------|

2024-04-09 18:26:43.604 [http-nio-80-exec-6] INFO 
				jdbc.resultsettable - 
|--------|
|user_id |
|--------|
|test    |
|--------|

2024-04-09 18:29:56.008 [http-nio-80-exec-10] INFO 
				jdbc.resultsettable - 
|-------------------------------------------------------------|----------|
|password                                                     |active_yn |
|-------------------------------------------------------------|----------|
|$2a$10$QV9eob..yRc0mUicPaYtqufst7vNCWMit2BcV9lg16u6q0KjPGaDW |y         |
|-------------------------------------------------------------|----------|

2024-04-09 22:46:34.541 [http-nio-80-exec-3] INFO 
				jdbc.resultsettable - 
|-------------------------------------------------------------|----------|
|password                                                     |active_yn |
|-------------------------------------------------------------|----------|
|$2a$10$QV9eob..yRc0mUicPaYtqufst7vNCWMit2BcV9lg16u6q0KjPGaDW |y         |
|-------------------------------------------------------------|----------|

2024-04-09 23:31:04.074 [http-nio-80-exec-8] INFO 
				jdbc.resultsettable - 
|-------------------------------------------------------------|----------|
|password                                                     |active_yn |
|-------------------------------------------------------------|----------|
|$2a$10$QV9eob..yRc0mUicPaYtqufst7vNCWMit2BcV9lg16u6q0KjPGaDW |y         |
|-------------------------------------------------------------|----------|

2024-04-09 23:31:23.224 [http-nio-80-exec-4] INFO 
				jdbc.resultsettable - 
|-------|
|img_id |
|-------|
|1      |
|-------|

2024-04-09 23:31:23.248 [http-nio-80-exec-4] INFO 
				jdbc.resultsettable - 
|-----------|
|product_id |
|-----------|
|37         |
|-----------|

2024-04-09 23:31:23.280 [http-nio-80-exec-4] INFO 
				jdbc.resultsettable - 
|-----------|----------|-------|------|---------------------|---------------|------------|------------------|----------|----------------------|----------------------|-----------|-------|------|
|product_id |seller_id |img_id |price |included_delivery_yn |delivery_price |description |quality_condition |category  |created_at            |updated_at            |read_count |status |title |
|-----------|----------|-------|------|---------------------|---------------|------------|------------------|----------|----------------------|----------------------|-----------|-------|------|
|37         |t         |1      |5000  |y                    |무료배송           |test        |사용감약간             |furniture |2024-04-09 23:31:23.0 |2024-04-09 23:31:23.0 |1          |판매중    |test  |
|-----------|----------|-------|------|---------------------|---------------|------------|------------------|----------|----------------------|----------------------|-----------|-------|------|

2024-04-09 23:31:23.290 [http-nio-80-exec-4] INFO 
				jdbc.resultsettable - 
|-----------------------------------------|
|img_uuid                                 |
|-----------------------------------------|
|07b2b23a-705e-4f04-9a4a-908c76df39ab.png |
|-----------------------------------------|

2024-04-09 23:31:43.744 [http-nio-80-exec-10] INFO 
				jdbc.resultsettable - 
|-----------|----------|-------|------|---------------------|---------------|------------|------------------|----------|----------------------|----------------------|-----------|-------|------|
|product_id |seller_id |img_id |price |included_delivery_yn |delivery_price |description |quality_condition |category  |created_at            |updated_at            |read_count |status |title |
|-----------|----------|-------|------|---------------------|---------------|------------|------------------|----------|----------------------|----------------------|-----------|-------|------|
|37         |t         |1      |5000  |y                    |무료배송           |test        |사용감약간             |furniture |2024-04-09 23:31:23.0 |2024-04-09 23:31:23.0 |2          |판매중    |test  |
|-----------|----------|-------|------|---------------------|---------------|------------|------------------|----------|----------------------|----------------------|-----------|-------|------|

2024-04-09 23:31:43.746 [http-nio-80-exec-10] INFO 
				jdbc.resultsettable - 
|-----------------------------------------|
|img_uuid                                 |
|-----------------------------------------|
|07b2b23a-705e-4f04-9a4a-908c76df39ab.png |
|-----------------------------------------|

2024-04-09 23:44:29.714 [http-nio-80-exec-5] INFO 
				jdbc.resultsettable - 
|-------------------------------------------------------------|----------|
|password                                                     |active_yn |
|-------------------------------------------------------------|----------|
|$2a$10$QV9eob..yRc0mUicPaYtqufst7vNCWMit2BcV9lg16u6q0KjPGaDW |y         |
|-------------------------------------------------------------|----------|

2024-04-09 23:44:40.890 [http-nio-80-exec-8] INFO 
				jdbc.resultsettable - 
|-------|
|img_id |
|-------|
|2      |
|-------|

2024-04-09 23:44:40.908 [http-nio-80-exec-8] INFO 
				jdbc.resultsettable - 
|-----------|
|product_id |
|-----------|
|38         |
|-----------|

2024-04-09 23:44:40.937 [http-nio-80-exec-8] INFO 
				jdbc.resultsettable - 
|-----------|----------|-------|------|------------|------------------|---------|----------------------|----------------------|-----------|-------|------|
|product_id |seller_id |img_id |price |description |quality_condition |category |created_at            |updated_at            |read_count |status |title |
|-----------|----------|-------|------|------------|------------------|---------|----------------------|----------------------|-----------|-------|------|
|38         |t         |2      |5000  |test        |새상품(미사용)          |cosmetic |2024-04-09 23:44:40.0 |2024-04-09 23:44:40.0 |1          |판매중    |test  |
|-----------|----------|-------|------|------------|------------------|---------|----------------------|----------------------|-----------|-------|------|

2024-04-09 23:44:40.941 [http-nio-80-exec-8] INFO 
				jdbc.resultsettable - 
|-----------------------------------------|
|img_uuid                                 |
|-----------------------------------------|
|93571381-69cd-4b44-9a2b-8bec9604e1d8.png |
|-----------------------------------------|

2024-04-09 23:48:01.751 [http-nio-80-exec-2] INFO 
				jdbc.resultsettable - 
|-------|
|img_id |
|-------|
|3      |
|-------|

2024-04-09 23:48:01.765 [http-nio-80-exec-2] INFO 
				jdbc.resultsettable - 
|-----------|
|product_id |
|-----------|
|39         |
|-----------|

2024-04-09 23:48:01.785 [http-nio-80-exec-2] INFO 
				jdbc.resultsettable - 
|-----------|----------|-------|------|------------|------------------|---------|----------------------|----------------------|-----------|-------|------|
|product_id |seller_id |img_id |price |description |quality_condition |category |created_at            |updated_at            |read_count |status |title |
|-----------|----------|-------|------|------------|------------------|---------|----------------------|----------------------|-----------|-------|------|
|39         |t         |3      |5000  |rwr         |새상품(미사용)          |cosmetic |2024-04-09 23:48:01.0 |2024-04-09 23:48:01.0 |1          |판매중    |fd    |
|-----------|----------|-------|------|------------|------------------|---------|----------------------|----------------------|-----------|-------|------|

2024-04-09 23:48:01.790 [http-nio-80-exec-2] INFO 
				jdbc.resultsettable - 
|-----------------------------------------|
|img_uuid                                 |
|-----------------------------------------|
|bb9dc268-0349-403f-8f0e-259c27bec345.txt |
|-----------------------------------------|

2024-04-09 23:51:57.775 [http-nio-80-exec-6] INFO 
				jdbc.resultsettable - 
|-------|
|img_id |
|-------|
|4      |
|-------|

2024-04-09 23:51:57.802 [http-nio-80-exec-6] INFO 
				jdbc.resultsettable - 
|-----------|
|product_id |
|-----------|
|40         |
|-----------|

2024-04-09 23:51:57.835 [http-nio-80-exec-6] INFO 
				jdbc.resultsettable - 
|-----------|----------|-------|------|------------|------------------|----------|----------------------|----------------------|-----------|-------|------|
|product_id |seller_id |img_id |price |description |quality_condition |category  |created_at            |updated_at            |read_count |status |title |
|-----------|----------|-------|------|------------|------------------|----------|----------------------|----------------------|-----------|-------|------|
|40         |t         |4      |5000  |test        |사용감많음             |furniture |2024-04-09 23:51:57.0 |2024-04-09 23:51:57.0 |1          |판매중    |test  |
|-----------|----------|-------|------|------------|------------------|----------|----------------------|----------------------|-----------|-------|------|

2024-04-09 23:51:57.842 [http-nio-80-exec-6] INFO 
				jdbc.resultsettable - 
|-----------------------------------------|
|img_uuid                                 |
|-----------------------------------------|
|35178387-96a5-4465-b534-c58212d4285a.png |
|-----------------------------------------|

2024-04-09 23:54:52.785 [http-nio-80-exec-3] INFO 
				jdbc.resultsettable - 
|-------|
|img_id |
|-------|
|5      |
|-------|

2024-04-09 23:54:52.811 [http-nio-80-exec-3] INFO 
				jdbc.resultsettable - 
|-----------|
|product_id |
|-----------|
|41         |
|-----------|

2024-04-09 23:54:52.848 [http-nio-80-exec-3] INFO 
				jdbc.resultsettable - 
|-----------|----------|-------|------|------------|------------------|----------|----------------------|----------------------|-----------|-------|------|
|product_id |seller_id |img_id |price |description |quality_condition |category  |created_at            |updated_at            |read_count |status |title |
|-----------|----------|-------|------|------------|------------------|----------|----------------------|----------------------|-----------|-------|------|
|41         |t         |5      |5000  |test        |사용감많음             |furniture |2024-04-09 23:54:52.0 |2024-04-09 23:54:52.0 |1          |판매중    |test  |
|-----------|----------|-------|------|------------|------------------|----------|----------------------|----------------------|-----------|-------|------|

2024-04-09 23:54:52.853 [http-nio-80-exec-3] INFO 
				jdbc.resultsettable - 
|-----------------------------------------|
|img_uuid                                 |
|-----------------------------------------|
|42e67687-300a-4317-b630-0b1f31b8f544.png |
|-----------------------------------------|

