2024-04-03 01:14:59.607 [http-nio-80-exec-1] INFO 
				jdbc.resultsettable - 
|-------------------------------------------------------------|----------|
|password                                                     |active_yn |
|-------------------------------------------------------------|----------|
|$2a$10$H8jm56odPlL.f2gI1rYiJeIxbYzNJ3a7OW3J6twJl9peZp1xzfUqa |y         |
|-------------------------------------------------------------|----------|

2024-04-03 01:15:02.069 [http-nio-80-exec-10] INFO 
				jdbc.resultsettable - 
|-------------------------------------------------------------|----------|
|password                                                     |active_yn |
|-------------------------------------------------------------|----------|
|$2a$10$H8jm56odPlL.f2gI1rYiJeIxbYzNJ3a7OW3J6twJl9peZp1xzfUqa |y         |
|-------------------------------------------------------------|----------|

2024-04-03 01:15:08.562 [http-nio-80-exec-4] INFO 
				jdbc.resultsettable - 
|-------------------------------------------------------------|----------|
|password                                                     |active_yn |
|-------------------------------------------------------------|----------|
|$2a$10$H8jm56odPlL.f2gI1rYiJeIxbYzNJ3a7OW3J6twJl9peZp1xzfUqa |y         |
|-------------------------------------------------------------|----------|

2024-04-03 01:15:14.351 [http-nio-80-exec-8] INFO 
				jdbc.resultsettable - 
|-------------------------------------------------------------|----------|
|password                                                     |active_yn |
|-------------------------------------------------------------|----------|
|$2a$10$H8jm56odPlL.f2gI1rYiJeIxbYzNJ3a7OW3J6twJl9peZp1xzfUqa |y         |
|-------------------------------------------------------------|----------|

2024-04-03 01:15:20.682 [http-nio-80-exec-9] INFO 
				jdbc.resultsettable - 
|-------------------------------------------------------------|----------|
|password                                                     |active_yn |
|-------------------------------------------------------------|----------|
|$2a$10$n6qhK7wVa9He95XoqdEUTOJ00qx16QD7tlPnTekoA4a8ZYRqlB1j6 |y         |
|-------------------------------------------------------------|----------|

2024-04-03 01:16:10.953 [http-nio-80-exec-2] INFO 
				jdbc.resultsettable - 
|-----------------|
|last_insert_id() |
|-----------------|
|61               |
|-----------------|

2024-04-03 01:16:22.162 [http-nio-80-exec-8] INFO 
				jdbc.resultsettable - 
|-----------------|
|last_insert_id() |
|-----------------|
|62               |
|-----------------|

2024-04-03 12:37:59.689 [http-nio-80-exec-7] INFO 
				jdbc.resultsettable - 
|-------------------------------------------------------------|----------|
|password                                                     |active_yn |
|-------------------------------------------------------------|----------|
|$2a$10$H8jm56odPlL.f2gI1rYiJeIxbYzNJ3a7OW3J6twJl9peZp1xzfUqa |y         |
|-------------------------------------------------------------|----------|

2024-04-03 17:06:27.158 [http-nio-80-exec-7] INFO 
				jdbc.resultsettable - 
|-------------------------------------------------------------|----------|
|password                                                     |active_yn |
|-------------------------------------------------------------|----------|
|$2a$10$H8jm56odPlL.f2gI1rYiJeIxbYzNJ3a7OW3J6twJl9peZp1xzfUqa |y         |
|-------------------------------------------------------------|----------|

2024-04-03 17:49:38.711 [http-nio-80-exec-4] INFO 
				jdbc.resultsettable - 
|-------------------------------------------------------------|----------|
|password                                                     |active_yn |
|-------------------------------------------------------------|----------|
|$2a$10$H8jm56odPlL.f2gI1rYiJeIxbYzNJ3a7OW3J6twJl9peZp1xzfUqa |y         |
|-------------------------------------------------------------|----------|

