2024-04-08 00:00:22.912 [http-nio-80-exec-2] INFO 
				jdbc.resultsettable - 
|-------|
|img_id |
|-------|
|1      |
|-------|

2024-04-08 00:00:57.045 [http-nio-80-exec-4] INFO 
				jdbc.resultsettable - 
|-------|
|img_id |
|-------|
|2      |
|-------|

2024-04-08 01:41:58.572 [http-nio-80-exec-1] INFO 
				jdbc.resultsettable - 
|---------|----------|
|password |active_yn |
|---------|----------|
|---------|----------|

2024-04-08 01:42:05.343 [http-nio-80-exec-7] INFO 
				jdbc.resultsettable - 
|-------------------------------------------------------------|----------|
|password                                                     |active_yn |
|-------------------------------------------------------------|----------|
|$2a$10$FnQl1AuSgv.MO2OFX1gcguwjU24/WnQg7VwBmK8PkyWstWDctwAWG |y         |
|-------------------------------------------------------------|----------|

2024-04-08 01:42:19.687 [http-nio-80-exec-1] INFO 
				jdbc.resultsettable - 
|-------|
|img_id |
|-------|
|3      |
|-------|

2024-04-08 01:44:38.452 [http-nio-80-exec-5] INFO 
				jdbc.resultsettable - 
|-------------------------------------------------------------|----------|
|password                                                     |active_yn |
|-------------------------------------------------------------|----------|
|$2a$10$FnQl1AuSgv.MO2OFX1gcguwjU24/WnQg7VwBmK8PkyWstWDctwAWG |y         |
|-------------------------------------------------------------|----------|

2024-04-08 01:44:49.969 [http-nio-80-exec-7] INFO 
				jdbc.resultsettable - 
|-------|
|img_id |
|-------|
|4      |
|-------|

2024-04-08 01:57:24.829 [http-nio-80-exec-6] INFO 
				jdbc.resultsettable - 
|-------------------------------------------------------------|----------|
|password                                                     |active_yn |
|-------------------------------------------------------------|----------|
|$2a$10$FnQl1AuSgv.MO2OFX1gcguwjU24/WnQg7VwBmK8PkyWstWDctwAWG |y         |
|-------------------------------------------------------------|----------|

2024-04-08 01:57:42.029 [http-nio-80-exec-2] INFO 
				jdbc.resultsettable - 
|-------|
|img_id |
|-------|
|5      |
|-------|

2024-04-08 14:01:30.417 [http-nio-80-exec-7] INFO 
				jdbc.resultsettable - 
|--------|
|user_id |
|--------|
|--------|

2024-04-08 14:01:58.416 [http-nio-80-exec-6] INFO 
				jdbc.resultsettable - 
|-------------------------------------------------------------|----------|
|password                                                     |active_yn |
|-------------------------------------------------------------|----------|
|$2a$10$QV9eob..yRc0mUicPaYtqufst7vNCWMit2BcV9lg16u6q0KjPGaDW |y         |
|-------------------------------------------------------------|----------|

2024-04-08 14:02:23.452 [http-nio-80-exec-8] INFO 
				jdbc.resultsettable - 
|-------|
|img_id |
|-------|
|6      |
|-------|

2024-04-08 14:26:46.351 [http-nio-80-exec-8] INFO 
				jdbc.resultsettable - 
|-------|
|img_id |
|-------|
|7      |
|-------|

2024-04-08 14:27:26.667 [http-nio-80-exec-1] INFO 
				jdbc.resultsettable - 
|-------|
|img_id |
|-------|
|8      |
|-------|

2024-04-08 16:14:14.548 [http-nio-80-exec-6] INFO 
				jdbc.resultsettable - 
|-------------------------------------------------------------|----------|
|password                                                     |active_yn |
|-------------------------------------------------------------|----------|
|$2a$10$QV9eob..yRc0mUicPaYtqufst7vNCWMit2BcV9lg16u6q0KjPGaDW |y         |
|-------------------------------------------------------------|----------|

2024-04-08 21:01:55.378 [http-nio-80-exec-8] INFO 
				jdbc.resultsettable - 
|-------------------------------------------------------------|----------|
|password                                                     |active_yn |
|-------------------------------------------------------------|----------|
|$2a$10$QV9eob..yRc0mUicPaYtqufst7vNCWMit2BcV9lg16u6q0KjPGaDW |y         |
|-------------------------------------------------------------|----------|

2024-04-08 21:02:13.673 [http-nio-80-exec-3] INFO 
				jdbc.resultsettable - 
|-------|
|img_id |
|-------|
|9      |
|-------|

2024-04-08 21:03:19.821 [http-nio-80-exec-3] INFO 
				jdbc.resultsettable - 
|-------|
|img_id |
|-------|
|10     |
|-------|

2024-04-08 21:05:23.703 [http-nio-80-exec-4] INFO 
				jdbc.resultsettable - 
|-------|
|img_id |
|-------|
|11     |
|-------|

2024-04-08 21:06:40.326 [http-nio-80-exec-2] INFO 
				jdbc.resultsettable - 
|-------|
|img_id |
|-------|
|12     |
|-------|

2024-04-08 21:09:13.817 [http-nio-80-exec-6] INFO 
				jdbc.resultsettable - 
|-------|
|img_id |
|-------|
|13     |
|-------|

2024-04-08 21:14:55.574 [http-nio-80-exec-4] INFO 
				jdbc.resultsettable - 
|-------------------------------------------------------------|----------|
|password                                                     |active_yn |
|-------------------------------------------------------------|----------|
|$2a$10$QV9eob..yRc0mUicPaYtqufst7vNCWMit2BcV9lg16u6q0KjPGaDW |y         |
|-------------------------------------------------------------|----------|

2024-04-08 21:15:16.087 [http-nio-80-exec-8] INFO 
				jdbc.resultsettable - 
|-------|
|img_id |
|-------|
|14     |
|-------|

2024-04-08 21:16:46.701 [http-nio-80-exec-3] INFO 
				jdbc.resultsettable - 
|-------|
|img_id |
|-------|
|15     |
|-------|

2024-04-08 21:18:44.699 [http-nio-80-exec-3] INFO 
				jdbc.resultsettable - 
|-------|
|img_id |
|-------|
|16     |
|-------|

2024-04-08 21:21:43.314 [http-nio-80-exec-4] INFO 
				jdbc.resultsettable - 
|-------|
|img_id |
|-------|
|17     |
|-------|

2024-04-08 21:24:43.183 [http-nio-80-exec-4] INFO 
				jdbc.resultsettable - 
|-------|
|img_id |
|-------|
|18     |
|-------|

2024-04-08 21:27:59.384 [http-nio-80-exec-1] INFO 
				jdbc.resultsettable - 
|-----------|----------|-------|------|------------|------------------|---------|-----------|-----------|-----------|-------|------|
|product_id |seller_id |img_id |price |description |quality_condition |category |created_at |updated_at |read_count |status |title |
|-----------|----------|-------|------|------------|------------------|---------|-----------|-----------|-----------|-------|------|
|-----------|----------|-------|------|------------|------------------|---------|-----------|-----------|-----------|-------|------|

2024-04-08 21:27:59.387 [http-nio-80-exec-1] INFO 
				jdbc.resultsettable - 
|-----------------------------------------|
|img_uuid                                 |
|-----------------------------------------|
|4099827f-a8ac-48e7-9244-ec1f1c610a39.png |
|0770e90f-887b-458a-9c75-a661cdaa9771.png |
|-----------------------------------------|

2024-04-08 21:28:29.455 [http-nio-80-exec-8] INFO 
				jdbc.resultsettable - 
|-------|
|img_id |
|-------|
|19     |
|-------|

2024-04-08 21:28:29.490 [http-nio-80-exec-1] INFO 
				jdbc.resultsettable - 
|-----------|----------|-------|------|------------|------------------|---------|-----------|-----------|-----------|-------|------|
|product_id |seller_id |img_id |price |description |quality_condition |category |created_at |updated_at |read_count |status |title |
|-----------|----------|-------|------|------------|------------------|---------|-----------|-----------|-----------|-------|------|
|-----------|----------|-------|------|------------|------------------|---------|-----------|-----------|-----------|-------|------|

2024-04-08 21:28:29.493 [http-nio-80-exec-1] INFO 
				jdbc.resultsettable - 
|-----------------------------------------|
|img_uuid                                 |
|-----------------------------------------|
|7344db16-e142-45ba-8e2d-41e423a47cdf.png |
|52ec367c-7030-4b22-988a-5650a07c6daf.png |
|-----------------------------------------|

2024-04-08 21:31:01.564 [http-nio-80-exec-4] INFO 
				jdbc.resultsettable - 
|-------------------------------------------------------------|----------|
|password                                                     |active_yn |
|-------------------------------------------------------------|----------|
|$2a$10$QV9eob..yRc0mUicPaYtqufst7vNCWMit2BcV9lg16u6q0KjPGaDW |y         |
|-------------------------------------------------------------|----------|

2024-04-08 21:31:14.664 [http-nio-80-exec-7] INFO 
				jdbc.resultsettable - 
|-------|
|img_id |
|-------|
|20     |
|-------|

2024-04-08 21:44:02.262 [http-nio-80-exec-4] INFO 
				jdbc.resultsettable - 
|-----------|----------|-------|------|------------|------------------|---------|-----------|-----------|-----------|-------|------|
|product_id |seller_id |img_id |price |description |quality_condition |category |created_at |updated_at |read_count |status |title |
|-----------|----------|-------|------|------------|------------------|---------|-----------|-----------|-----------|-------|------|
|-----------|----------|-------|------|------------|------------------|---------|-----------|-----------|-----------|-------|------|

2024-04-08 21:44:02.266 [http-nio-80-exec-4] INFO 
				jdbc.resultsettable - 
|-----------------------------------------|
|img_uuid                                 |
|-----------------------------------------|
|f130aed2-330b-4ea9-bafb-b3834820a2d1.png |
|c9f8fe3e-510e-49b9-9169-2f560baadcbe.png |
|-----------------------------------------|

2024-04-08 21:44:14.633 [http-nio-80-exec-1] INFO 
				jdbc.resultsettable - 
|-----------|----------|-------|------|------------|------------------|---------|-----------|-----------|-----------|-------|------|
|product_id |seller_id |img_id |price |description |quality_condition |category |created_at |updated_at |read_count |status |title |
|-----------|----------|-------|------|------------|------------------|---------|-----------|-----------|-----------|-------|------|
|-----------|----------|-------|------|------------|------------------|---------|-----------|-----------|-----------|-------|------|

2024-04-08 21:44:14.640 [http-nio-80-exec-1] INFO 
				jdbc.resultsettable - 
|-----------------------------------------|
|img_uuid                                 |
|-----------------------------------------|
|f130aed2-330b-4ea9-bafb-b3834820a2d1.png |
|c9f8fe3e-510e-49b9-9169-2f560baadcbe.png |
|-----------------------------------------|

2024-04-08 21:50:25.668 [http-nio-80-exec-8] INFO 
				jdbc.resultsettable - 
|-------------------------------------------------------------|----------|
|password                                                     |active_yn |
|-------------------------------------------------------------|----------|
|$2a$10$QV9eob..yRc0mUicPaYtqufst7vNCWMit2BcV9lg16u6q0KjPGaDW |y         |
|-------------------------------------------------------------|----------|

2024-04-08 21:50:42.254 [http-nio-80-exec-2] INFO 
				jdbc.resultsettable - 
|-------|
|img_id |
|-------|
|21     |
|-------|

2024-04-08 22:37:04.025 [http-nio-80-exec-10] INFO 
				jdbc.resultsettable - 
|-------------------------------------------------------------|----------|
|password                                                     |active_yn |
|-------------------------------------------------------------|----------|
|$2a$10$QV9eob..yRc0mUicPaYtqufst7vNCWMit2BcV9lg16u6q0KjPGaDW |y         |
|-------------------------------------------------------------|----------|

2024-04-08 22:37:08.215 [http-nio-80-exec-9] INFO 
				jdbc.resultsettable - 
|-------------------------------------------------------------|----------|
|password                                                     |active_yn |
|-------------------------------------------------------------|----------|
|$2a$10$QV9eob..yRc0mUicPaYtqufst7vNCWMit2BcV9lg16u6q0KjPGaDW |y         |
|-------------------------------------------------------------|----------|

2024-04-08 22:37:14.559 [http-nio-80-exec-6] INFO 
				jdbc.resultsettable - 
|-------------------------------------------------------------|----------|
|password                                                     |active_yn |
|-------------------------------------------------------------|----------|
|$2a$10$FnQl1AuSgv.MO2OFX1gcguwjU24/WnQg7VwBmK8PkyWstWDctwAWG |y         |
|-------------------------------------------------------------|----------|

2024-04-08 22:37:25.162 [http-nio-80-exec-3] INFO 
				jdbc.resultsettable - 
|-------------------------------------------------------------|----------|
|password                                                     |active_yn |
|-------------------------------------------------------------|----------|
|$2a$10$QV9eob..yRc0mUicPaYtqufst7vNCWMit2BcV9lg16u6q0KjPGaDW |y         |
|-------------------------------------------------------------|----------|

2024-04-08 22:37:38.477 [http-nio-80-exec-7] INFO 
				jdbc.resultsettable - 
|-------|
|img_id |
|-------|
|22     |
|-------|

2024-04-08 22:37:38.512 [http-nio-80-exec-7] INFO 
				jdbc.resultsettable - 
|-----------|----------|-------|------|------------|------------------|---------|-----------|-----------|-----------|-------|------|
|product_id |seller_id |img_id |price |description |quality_condition |category |created_at |updated_at |read_count |status |title |
|-----------|----------|-------|------|------------|------------------|---------|-----------|-----------|-----------|-------|------|
|-----------|----------|-------|------|------------|------------------|---------|-----------|-----------|-----------|-------|------|

2024-04-08 22:38:42.334 [http-nio-80-exec-6] INFO 
				jdbc.resultsettable - 
|-------|
|img_id |
|-------|
|23     |
|-------|

2024-04-08 22:38:42.364 [http-nio-80-exec-3] INFO 
				jdbc.resultsettable - 
|-----------|----------|-------|------|------------|------------------|---------|-----------|-----------|-----------|-------|------|
|product_id |seller_id |img_id |price |description |quality_condition |category |created_at |updated_at |read_count |status |title |
|-----------|----------|-------|------|------------|------------------|---------|-----------|-----------|-----------|-------|------|
|-----------|----------|-------|------|------------|------------------|---------|-----------|-----------|-----------|-------|------|

2024-04-08 22:38:42.365 [http-nio-80-exec-3] INFO 
				jdbc.resultsettable - 
|---------|
|img_uuid |
|---------|
|---------|

2024-04-08 22:57:30.013 [http-nio-80-exec-7] INFO 
				jdbc.resultsettable - 
|-------------------------------------------------------------|----------|
|password                                                     |active_yn |
|-------------------------------------------------------------|----------|
|$2a$10$QV9eob..yRc0mUicPaYtqufst7vNCWMit2BcV9lg16u6q0KjPGaDW |y         |
|-------------------------------------------------------------|----------|

2024-04-08 22:57:41.395 [http-nio-80-exec-4] INFO 
				jdbc.resultsettable - 
|-------|
|img_id |
|-------|
|24     |
|-------|

2024-04-08 22:57:41.412 [http-nio-80-exec-4] INFO 
				jdbc.resultsettable - 
|-----------|
|product_id |
|-----------|
|29         |
|-----------|

2024-04-08 22:58:15.337 [http-nio-80-exec-4] INFO 
				jdbc.resultsettable - 
|-----------|----------|-------|------|------------|------------------|---------|-----------|-----------|-----------|-------|------|
|product_id |seller_id |img_id |price |description |quality_condition |category |created_at |updated_at |read_count |status |title |
|-----------|----------|-------|------|------------|------------------|---------|-----------|-----------|-----------|-------|------|
|-----------|----------|-------|------|------------|------------------|---------|-----------|-----------|-----------|-------|------|

2024-04-08 22:58:15.339 [http-nio-80-exec-4] INFO 
				jdbc.resultsettable - 
|---------|
|img_uuid |
|---------|
|---------|

2024-04-08 23:05:38.450 [http-nio-80-exec-2] INFO 
				jdbc.resultsettable - 
|-------------------------------------------------------------|----------|
|password                                                     |active_yn |
|-------------------------------------------------------------|----------|
|$2a$10$QV9eob..yRc0mUicPaYtqufst7vNCWMit2BcV9lg16u6q0KjPGaDW |y         |
|-------------------------------------------------------------|----------|

2024-04-08 23:05:50.867 [http-nio-80-exec-2] INFO 
				jdbc.resultsettable - 
|-------|
|img_id |
|-------|
|25     |
|-------|

2024-04-08 23:05:50.887 [http-nio-80-exec-2] INFO 
				jdbc.resultsettable - 
|-----------|
|product_id |
|-----------|
|30         |
|-----------|

2024-04-08 23:05:50.911 [http-nio-80-exec-2] INFO 
				jdbc.resultsettable - 
|-----------|----------|-------|------|------------|------------------|----------|----------------------|----------------------|-----------|-------|-------|
|product_id |seller_id |img_id |price |description |quality_condition |category  |created_at            |updated_at            |read_count |status |title  |
|-----------|----------|-------|------|------------|------------------|----------|----------------------|----------------------|-----------|-------|-------|
|30         |t         |25     |5000  |test        |사용감약간             |furniture |2024-04-08 23:05:50.0 |2024-04-08 23:05:50.0 |1          |판매중    |testte |
|-----------|----------|-------|------|------------|------------------|----------|----------------------|----------------------|-----------|-------|-------|

2024-04-08 23:05:50.916 [http-nio-80-exec-2] INFO 
				jdbc.resultsettable - 
|-----------------------------------------|
|img_uuid                                 |
|-----------------------------------------|
|bb419760-21e8-4a5f-9ee3-79aa58057cc2.png |
|566ec535-5daf-4b3c-a86d-3f0c54e8bac6.png |
|-----------------------------------------|

