2024-04-02 00:39:38.219 [http-nio-80-exec-6] INFO 
				jdbc.resultsettable - 
|-------|
|img_id |
|-------|
|-------|

2024-04-02 00:55:56.232 [http-nio-80-exec-8] INFO 
				jdbc.resultsettable - 
|-------|
|img_id |
|-------|
|-------|

2024-04-02 01:08:26.785 [http-nio-80-exec-4] INFO 
				jdbc.resultsettable - 
|-------|
|img_id |
|-------|
|-------|

2024-04-02 01:10:28.789 [http-nio-80-exec-6] INFO 
				jdbc.resultsettable - 
|-------|
|img_id |
|-------|
|-------|

2024-04-02 01:10:44.492 [http-nio-80-exec-9] INFO 
				jdbc.resultsettable - 
|-------|
|img_id |
|-------|
|-------|

2024-04-02 01:13:28.676 [http-nio-80-exec-2] INFO 
				jdbc.resultsettable - 
|-------|
|img_id |
|-------|
|-------|

2024-04-02 01:20:47.306 [http-nio-80-exec-8] INFO 
				jdbc.resultsettable - 
|-------|
|img_id |
|-------|
|-------|

2024-04-02 01:29:01.337 [http-nio-80-exec-4] INFO 
				jdbc.resultsettable - 
|-------|
|img_id |
|-------|
|-------|

2024-04-02 10:25:17.425 [http-nio-80-exec-10] INFO 
				jdbc.resultsettable - 
|------|
|imgid |
|------|
|15    |
|------|

2024-04-02 11:00:34.115 [http-nio-80-exec-3] INFO 
				jdbc.resultsettable - 
|-------------------------------------------------------------|----------|
|password                                                     |active_yn |
|-------------------------------------------------------------|----------|
|$2a$10$T6wjp9aMYFplmWMpLeJ2tOAMaLko9HHvrzT6tuw/QDxxnhm7Py116 |Y         |
|-------------------------------------------------------------|----------|

2024-04-02 11:01:07.420 [http-nio-80-exec-4] INFO 
				jdbc.resultsettable - 
|-------------------------------------------------------------|----------|
|password                                                     |active_yn |
|-------------------------------------------------------------|----------|
|$2a$10$T6wjp9aMYFplmWMpLeJ2tOAMaLko9HHvrzT6tuw/QDxxnhm7Py116 |Y         |
|-------------------------------------------------------------|----------|

2024-04-02 11:01:53.728 [http-nio-80-exec-6] INFO 
				jdbc.resultsettable - 
|-------------------------------------------------------------|----------|
|password                                                     |active_yn |
|-------------------------------------------------------------|----------|
|$2a$10$T6wjp9aMYFplmWMpLeJ2tOAMaLko9HHvrzT6tuw/QDxxnhm7Py116 |Y         |
|-------------------------------------------------------------|----------|

2024-04-02 11:02:57.996 [http-nio-80-exec-10] INFO 
				jdbc.resultsettable - 
|-------------------------------------------------------------|----------|
|password                                                     |active_yn |
|-------------------------------------------------------------|----------|
|$2a$10$T6wjp9aMYFplmWMpLeJ2tOAMaLko9HHvrzT6tuw/QDxxnhm7Py116 |Y         |
|-------------------------------------------------------------|----------|

2024-04-02 11:03:00.948 [http-nio-80-exec-1] INFO 
				jdbc.resultsettable - 
|-------------------------------------------------------------|----------|
|password                                                     |active_yn |
|-------------------------------------------------------------|----------|
|$2a$10$T6wjp9aMYFplmWMpLeJ2tOAMaLko9HHvrzT6tuw/QDxxnhm7Py116 |Y         |
|-------------------------------------------------------------|----------|

2024-04-02 11:03:04.401 [http-nio-80-exec-2] INFO 
				jdbc.resultsettable - 
|-------------------------------------------------------------|----------|
|password                                                     |active_yn |
|-------------------------------------------------------------|----------|
|$2a$10$fH8jwrJFrn7F8uB1OJ5iXum8p8o.qb585UD0ofuKtKNyATSCLfwqy |Y         |
|-------------------------------------------------------------|----------|

2024-04-02 11:03:24.500 [http-nio-80-exec-3] INFO 
				jdbc.resultsettable - 
|-------------------------------------------------------------|----------|
|password                                                     |active_yn |
|-------------------------------------------------------------|----------|
|$2a$10$T6wjp9aMYFplmWMpLeJ2tOAMaLko9HHvrzT6tuw/QDxxnhm7Py116 |Y         |
|-------------------------------------------------------------|----------|

2024-04-02 11:03:28.620 [http-nio-80-exec-4] INFO 
				jdbc.resultsettable - 
|-------------------------------------------------------------|----------|
|password                                                     |active_yn |
|-------------------------------------------------------------|----------|
|$2a$10$T6wjp9aMYFplmWMpLeJ2tOAMaLko9HHvrzT6tuw/QDxxnhm7Py116 |Y         |
|-------------------------------------------------------------|----------|

2024-04-02 11:03:42.445 [http-nio-80-exec-7] INFO 
				jdbc.resultsettable - 
|--------|
|user_id |
|--------|
|a       |
|--------|

2024-04-02 11:05:00.474 [http-nio-80-exec-10] INFO 
				jdbc.resultsettable - 
|--------|
|user_id |
|--------|
|w       |
|--------|

2024-04-02 11:05:03.678 [http-nio-80-exec-1] INFO 
				jdbc.resultsettable - 
|--------|
|user_id |
|--------|
|w       |
|--------|

2024-04-02 11:05:11.212 [http-nio-80-exec-2] INFO 
				jdbc.resultsettable - 
|--------|
|user_id |
|--------|
|--------|

2024-04-02 11:08:02.530 [http-nio-80-exec-9] INFO 
				jdbc.resultsettable - 
|--------|
|user_id |
|--------|
|--------|

2024-04-02 11:11:03.486 [http-nio-80-exec-3] INFO 
				jdbc.resultsettable - 
|--------|
|user_id |
|--------|
|--------|

2024-04-02 11:16:04.646 [http-nio-80-exec-7] INFO 
				jdbc.resultsettable - 
|-------------------------------------------------------------|----------|
|password                                                     |active_yn |
|-------------------------------------------------------------|----------|
|$2a$10$T6wjp9aMYFplmWMpLeJ2tOAMaLko9HHvrzT6tuw/QDxxnhm7Py116 |Y         |
|-------------------------------------------------------------|----------|

2024-04-02 11:16:07.348 [http-nio-80-exec-4] INFO 
				jdbc.resultsettable - 
|-------------------------------------------------------------|----------|
|password                                                     |active_yn |
|-------------------------------------------------------------|----------|
|$2a$10$H8jm56odPlL.f2gI1rYiJeIxbYzNJ3a7OW3J6twJl9peZp1xzfUqa |y         |
|-------------------------------------------------------------|----------|

2024-04-02 11:24:40.935 [http-nio-80-exec-6] INFO 
				jdbc.resultsettable - 
|-------------------------------------------------------------|----------|
|password                                                     |active_yn |
|-------------------------------------------------------------|----------|
|$2a$10$H8jm56odPlL.f2gI1rYiJeIxbYzNJ3a7OW3J6twJl9peZp1xzfUqa |y         |
|-------------------------------------------------------------|----------|

2024-04-02 11:25:49.677 [http-nio-80-exec-9] INFO 
				jdbc.resultsettable - 
|-------------------------------------------------------------|----------|
|password                                                     |active_yn |
|-------------------------------------------------------------|----------|
|$2a$10$H8jm56odPlL.f2gI1rYiJeIxbYzNJ3a7OW3J6twJl9peZp1xzfUqa |y         |
|-------------------------------------------------------------|----------|

2024-04-02 11:26:21.854 [http-nio-80-exec-6] INFO 
				jdbc.resultsettable - 
|-------------------------------------------------------------|----------|
|password                                                     |active_yn |
|-------------------------------------------------------------|----------|
|$2a$10$H8jm56odPlL.f2gI1rYiJeIxbYzNJ3a7OW3J6twJl9peZp1xzfUqa |y         |
|-------------------------------------------------------------|----------|

2024-04-02 11:27:03.229 [http-nio-80-exec-6] INFO 
				jdbc.resultsettable - 
|-------------------------------------------------------------|----------|
|password                                                     |active_yn |
|-------------------------------------------------------------|----------|
|$2a$10$H8jm56odPlL.f2gI1rYiJeIxbYzNJ3a7OW3J6twJl9peZp1xzfUqa |y         |
|-------------------------------------------------------------|----------|

2024-04-02 11:35:34.232 [http-nio-80-exec-4] INFO 
				jdbc.resultsettable - 
|------|
|imgid |
|------|
|16    |
|------|

2024-04-02 11:56:59.930 [http-nio-80-exec-4] INFO 
				jdbc.resultsettable - 
|------|
|imgid |
|------|
|17    |
|------|

2024-04-02 12:22:02.329 [http-nio-80-exec-7] INFO 
				jdbc.resultsettable - 
|------|
|imgid |
|------|
|18    |
|------|

2024-04-02 12:35:33.466 [http-nio-80-exec-2] INFO 
				jdbc.resultsettable - 
|-------------------------------------------------------------|----------|
|password                                                     |active_yn |
|-------------------------------------------------------------|----------|
|$2a$10$H8jm56odPlL.f2gI1rYiJeIxbYzNJ3a7OW3J6twJl9peZp1xzfUqa |y         |
|-------------------------------------------------------------|----------|

2024-04-02 12:35:52.662 [http-nio-80-exec-4] INFO 
				jdbc.resultsettable - 
|------|
|imgid |
|------|
|19    |
|------|

2024-04-02 12:38:34.855 [http-nio-80-exec-1] INFO 
				jdbc.resultsettable - 
|------|
|imgid |
|------|
|20    |
|------|

2024-04-02 12:39:05.473 [http-nio-80-exec-4] INFO 
				jdbc.resultsettable - 
|------|
|imgid |
|------|
|21    |
|------|

2024-04-02 12:40:06.948 [http-nio-80-exec-9] INFO 
				jdbc.resultsettable - 
|------|
|imgid |
|------|
|22    |
|------|

2024-04-02 14:42:29.667 [http-nio-80-exec-4] INFO 
				jdbc.resultsettable - 
|-------------------------------------------------------------|----------|
|password                                                     |active_yn |
|-------------------------------------------------------------|----------|
|$2a$10$H8jm56odPlL.f2gI1rYiJeIxbYzNJ3a7OW3J6twJl9peZp1xzfUqa |y         |
|-------------------------------------------------------------|----------|

2024-04-02 14:42:51.716 [http-nio-80-exec-9] INFO 
				jdbc.resultsettable - 
|------|
|imgid |
|------|
|23    |
|------|

2024-04-02 14:49:30.324 [http-nio-80-exec-4] INFO 
				jdbc.resultsettable - 
|-------------------------------------------------------------|----------|
|password                                                     |active_yn |
|-------------------------------------------------------------|----------|
|$2a$10$H8jm56odPlL.f2gI1rYiJeIxbYzNJ3a7OW3J6twJl9peZp1xzfUqa |y         |
|-------------------------------------------------------------|----------|

2024-04-02 14:49:48.521 [http-nio-80-exec-4] INFO 
				jdbc.resultsettable - 
|------|
|imgid |
|------|
|24    |
|------|

2024-04-02 15:13:21.107 [http-nio-80-exec-7] INFO 
				jdbc.resultsettable - 
|-------------------------------------------------------------|----------|
|password                                                     |active_yn |
|-------------------------------------------------------------|----------|
|$2a$10$H8jm56odPlL.f2gI1rYiJeIxbYzNJ3a7OW3J6twJl9peZp1xzfUqa |y         |
|-------------------------------------------------------------|----------|

2024-04-02 15:15:04.825 [http-nio-80-exec-4] INFO 
				jdbc.resultsettable - 
|-------------------------------------------------------------|----------|
|password                                                     |active_yn |
|-------------------------------------------------------------|----------|
|$2a$10$H8jm56odPlL.f2gI1rYiJeIxbYzNJ3a7OW3J6twJl9peZp1xzfUqa |y         |
|-------------------------------------------------------------|----------|

2024-04-02 15:48:03.067 [http-nio-80-exec-3] INFO 
				jdbc.resultsettable - 
|-------------------------------------------------------------|----------|
|password                                                     |active_yn |
|-------------------------------------------------------------|----------|
|$2a$10$H8jm56odPlL.f2gI1rYiJeIxbYzNJ3a7OW3J6twJl9peZp1xzfUqa |y         |
|-------------------------------------------------------------|----------|

2024-04-02 15:49:02.087 [http-nio-80-exec-3] INFO 
				jdbc.resultsettable - 
|-----------------|
|last_insert_id() |
|-----------------|
|25               |
|-----------------|

2024-04-02 16:02:02.543 [http-nio-80-exec-8] INFO 
				jdbc.resultsettable - 
|------|
|imgid |
|------|
|26    |
|------|

2024-04-02 16:03:54.683 [http-nio-80-exec-3] INFO 
				jdbc.resultsettable - 
|-------------------------------------------------------------|----------|
|password                                                     |active_yn |
|-------------------------------------------------------------|----------|
|$2a$10$H8jm56odPlL.f2gI1rYiJeIxbYzNJ3a7OW3J6twJl9peZp1xzfUqa |y         |
|-------------------------------------------------------------|----------|

2024-04-02 16:04:20.620 [http-nio-80-exec-5] INFO 
				jdbc.resultsettable - 
|------|
|imgid |
|------|
|27    |
|------|

2024-04-02 16:09:48.847 [http-nio-80-exec-6] INFO 
				jdbc.resultsettable - 
|------|
|imgid |
|------|
|28    |
|------|

2024-04-02 16:10:02.389 [http-nio-80-exec-6] INFO 
				jdbc.resultsettable - 
|-------------------------------------------------------------|----------|
|password                                                     |active_yn |
|-------------------------------------------------------------|----------|
|$2a$10$H8jm56odPlL.f2gI1rYiJeIxbYzNJ3a7OW3J6twJl9peZp1xzfUqa |y         |
|-------------------------------------------------------------|----------|

2024-04-02 16:10:33.334 [http-nio-80-exec-6] INFO 
				jdbc.resultsettable - 
|------|
|imgid |
|------|
|29    |
|------|

2024-04-02 16:14:01.642 [http-nio-80-exec-1] INFO 
				jdbc.resultsettable - 
|------|
|imgid |
|------|
|30    |
|------|

2024-04-02 16:19:58.827 [http-nio-80-exec-4] INFO 
				jdbc.resultsettable - 
|---------|----------|
|password |active_yn |
|---------|----------|
|---------|----------|

2024-04-02 16:20:01.053 [http-nio-80-exec-8] INFO 
				jdbc.resultsettable - 
|---------|----------|
|password |active_yn |
|---------|----------|
|---------|----------|

2024-04-02 16:20:04.759 [http-nio-80-exec-7] INFO 
				jdbc.resultsettable - 
|-------------------------------------------------------------|----------|
|password                                                     |active_yn |
|-------------------------------------------------------------|----------|
|$2a$10$H8jm56odPlL.f2gI1rYiJeIxbYzNJ3a7OW3J6twJl9peZp1xzfUqa |y         |
|-------------------------------------------------------------|----------|

2024-04-02 16:20:24.708 [http-nio-80-exec-3] INFO 
				jdbc.resultsettable - 
|------|
|imgid |
|------|
|31    |
|------|

2024-04-02 16:25:56.583 [http-nio-80-exec-6] INFO 
				jdbc.resultsettable - 
|---------|----------|
|password |active_yn |
|---------|----------|
|---------|----------|

2024-04-02 16:25:59.989 [http-nio-80-exec-7] INFO 
				jdbc.resultsettable - 
|-------------------------------------------------------------|----------|
|password                                                     |active_yn |
|-------------------------------------------------------------|----------|
|$2a$10$H8jm56odPlL.f2gI1rYiJeIxbYzNJ3a7OW3J6twJl9peZp1xzfUqa |y         |
|-------------------------------------------------------------|----------|

2024-04-02 16:27:36.467 [http-nio-80-exec-4] INFO 
				jdbc.resultsettable - 
|-------------------------------------------------------------|----------|
|password                                                     |active_yn |
|-------------------------------------------------------------|----------|
|$2a$10$H8jm56odPlL.f2gI1rYiJeIxbYzNJ3a7OW3J6twJl9peZp1xzfUqa |y         |
|-------------------------------------------------------------|----------|

2024-04-02 16:27:56.260 [http-nio-80-exec-3] INFO 
				jdbc.resultsettable - 
|------|
|imgid |
|------|
|33    |
|------|

2024-04-02 16:31:58.070 [http-nio-80-exec-3] INFO 
				jdbc.resultsettable - 
|-------------------------------------------------------------|----------|
|password                                                     |active_yn |
|-------------------------------------------------------------|----------|
|$2a$10$H8jm56odPlL.f2gI1rYiJeIxbYzNJ3a7OW3J6twJl9peZp1xzfUqa |y         |
|-------------------------------------------------------------|----------|

2024-04-02 16:32:33.882 [http-nio-80-exec-6] INFO 
				jdbc.resultsettable - 
|------|
|imgid |
|------|
|33    |
|------|

2024-04-02 16:36:27.145 [http-nio-80-exec-10] INFO 
				jdbc.resultsettable - 
|------|
|imgid |
|------|
|34    |
|------|

2024-04-02 17:11:55.613 [http-nio-80-exec-1] INFO 
				jdbc.resultsettable - 
|-------------------------------------------------------------|----------|
|password                                                     |active_yn |
|-------------------------------------------------------------|----------|
|$2a$10$H8jm56odPlL.f2gI1rYiJeIxbYzNJ3a7OW3J6twJl9peZp1xzfUqa |y         |
|-------------------------------------------------------------|----------|

2024-04-02 17:12:16.188 [http-nio-80-exec-4] INFO 
				jdbc.resultsettable - 
|------|
|imgid |
|------|
|36    |
|------|

2024-04-02 17:25:40.242 [http-nio-80-exec-1] INFO 
				jdbc.resultsettable - 
|------|
|imgid |
|------|
|37    |
|------|

2024-04-02 17:25:53.822 [http-nio-80-exec-10] INFO 
				jdbc.resultsettable - 
|-------------------------------------------------------------|----------|
|password                                                     |active_yn |
|-------------------------------------------------------------|----------|
|$2a$10$H8jm56odPlL.f2gI1rYiJeIxbYzNJ3a7OW3J6twJl9peZp1xzfUqa |y         |
|-------------------------------------------------------------|----------|

2024-04-02 17:25:56.457 [http-nio-80-exec-6] INFO 
				jdbc.resultsettable - 
|-------------------------------------------------------------|----------|
|password                                                     |active_yn |
|-------------------------------------------------------------|----------|
|$2a$10$H8jm56odPlL.f2gI1rYiJeIxbYzNJ3a7OW3J6twJl9peZp1xzfUqa |y         |
|-------------------------------------------------------------|----------|

2024-04-02 17:26:12.408 [http-nio-80-exec-8] INFO 
				jdbc.resultsettable - 
|------|
|imgid |
|------|
|38    |
|------|

2024-04-02 17:37:25.310 [http-nio-80-exec-3] INFO 
				jdbc.resultsettable - 
|---------|----------|
|password |active_yn |
|---------|----------|
|---------|----------|

2024-04-02 17:37:28.568 [http-nio-80-exec-10] INFO 
				jdbc.resultsettable - 
|-------------------------------------------------------------|----------|
|password                                                     |active_yn |
|-------------------------------------------------------------|----------|
|$2a$10$H8jm56odPlL.f2gI1rYiJeIxbYzNJ3a7OW3J6twJl9peZp1xzfUqa |y         |
|-------------------------------------------------------------|----------|

2024-04-02 17:38:28.903 [http-nio-80-exec-3] INFO 
				jdbc.resultsettable - 
|-------------------------------------------------------------|----------|
|password                                                     |active_yn |
|-------------------------------------------------------------|----------|
|$2a$10$H8jm56odPlL.f2gI1rYiJeIxbYzNJ3a7OW3J6twJl9peZp1xzfUqa |y         |
|-------------------------------------------------------------|----------|

2024-04-02 17:40:12.024 [http-nio-80-exec-1] INFO 
				jdbc.resultsettable - 
|-------------------------------------------------------------|----------|
|password                                                     |active_yn |
|-------------------------------------------------------------|----------|
|$2a$10$H8jm56odPlL.f2gI1rYiJeIxbYzNJ3a7OW3J6twJl9peZp1xzfUqa |y         |
|-------------------------------------------------------------|----------|

2024-04-02 17:41:21.351 [http-nio-80-exec-10] INFO 
				jdbc.resultsettable - 
|-------------------------------------------------------------|----------|
|password                                                     |active_yn |
|-------------------------------------------------------------|----------|
|$2a$10$H8jm56odPlL.f2gI1rYiJeIxbYzNJ3a7OW3J6twJl9peZp1xzfUqa |y         |
|-------------------------------------------------------------|----------|

2024-04-02 17:41:55.408 [http-nio-80-exec-9] INFO 
				jdbc.resultsettable - 
|--------|
|user_id |
|--------|
|--------|

2024-04-02 17:42:23.297 [http-nio-80-exec-10] INFO 
				jdbc.resultsettable - 
|--------|
|user_id |
|--------|
|--------|

2024-04-02 17:42:41.616 [http-nio-80-exec-8] INFO 
				jdbc.resultsettable - 
|-------------------------------------------------------------|----------|
|password                                                     |active_yn |
|-------------------------------------------------------------|----------|
|$2a$10$n6qhK7wVa9He95XoqdEUTOJ00qx16QD7tlPnTekoA4a8ZYRqlB1j6 |y         |
|-------------------------------------------------------------|----------|

2024-04-02 17:44:39.528 [http-nio-80-exec-4] INFO 
				jdbc.resultsettable - 
|-------------------------------------------------------------|----------|
|password                                                     |active_yn |
|-------------------------------------------------------------|----------|
|$2a$10$H8jm56odPlL.f2gI1rYiJeIxbYzNJ3a7OW3J6twJl9peZp1xzfUqa |y         |
|-------------------------------------------------------------|----------|

2024-04-02 17:45:18.118 [http-nio-80-exec-8] INFO 
				jdbc.resultsettable - 
|-------------------------------------------------------------|----------|
|password                                                     |active_yn |
|-------------------------------------------------------------|----------|
|$2a$10$H8jm56odPlL.f2gI1rYiJeIxbYzNJ3a7OW3J6twJl9peZp1xzfUqa |y         |
|-------------------------------------------------------------|----------|

2024-04-02 18:02:51.297 [http-nio-80-exec-8] INFO 
				jdbc.resultsettable - 
|-------------------------------------------------------------|----------|
|password                                                     |active_yn |
|-------------------------------------------------------------|----------|
|$2a$10$H8jm56odPlL.f2gI1rYiJeIxbYzNJ3a7OW3J6twJl9peZp1xzfUqa |y         |
|-------------------------------------------------------------|----------|

2024-04-02 18:31:52.584 [http-nio-80-exec-3] INFO 
				jdbc.resultsettable - 
|-------------------------------------------------------------|----------|
|password                                                     |active_yn |
|-------------------------------------------------------------|----------|
|$2a$10$H8jm56odPlL.f2gI1rYiJeIxbYzNJ3a7OW3J6twJl9peZp1xzfUqa |y         |
|-------------------------------------------------------------|----------|

2024-04-02 18:35:40.675 [http-nio-80-exec-5] INFO 
				jdbc.resultsettable - 
|-------------------------------------------------------------|----------|
|password                                                     |active_yn |
|-------------------------------------------------------------|----------|
|$2a$10$H8jm56odPlL.f2gI1rYiJeIxbYzNJ3a7OW3J6twJl9peZp1xzfUqa |y         |
|-------------------------------------------------------------|----------|

2024-04-02 18:35:57.909 [http-nio-80-exec-1] INFO 
				jdbc.resultsettable - 
|------|
|imgid |
|------|
|39    |
|------|

2024-04-02 18:45:06.955 [http-nio-80-exec-3] INFO 
				jdbc.resultsettable - 
|-------------------------------------------------------------|----------|
|password                                                     |active_yn |
|-------------------------------------------------------------|----------|
|$2a$10$H8jm56odPlL.f2gI1rYiJeIxbYzNJ3a7OW3J6twJl9peZp1xzfUqa |y         |
|-------------------------------------------------------------|----------|

2024-04-02 18:45:23.290 [http-nio-80-exec-3] INFO 
				jdbc.resultsettable - 
|------|
|imgid |
|------|
|40    |
|------|

2024-04-02 19:08:35.474 [http-nio-80-exec-10] INFO 
				jdbc.resultsettable - 
|-------------------------------------------------------------|----------|
|password                                                     |active_yn |
|-------------------------------------------------------------|----------|
|$2a$10$H8jm56odPlL.f2gI1rYiJeIxbYzNJ3a7OW3J6twJl9peZp1xzfUqa |y         |
|-------------------------------------------------------------|----------|

2024-04-02 19:08:50.497 [http-nio-80-exec-9] INFO 
				jdbc.resultsettable - 
|------|
|imgid |
|------|
|41    |
|------|

2024-04-02 19:41:34.050 [http-nio-80-exec-6] INFO 
				jdbc.resultsettable - 
|-------------------------------------------------------------|----------|
|password                                                     |active_yn |
|-------------------------------------------------------------|----------|
|$2a$10$H8jm56odPlL.f2gI1rYiJeIxbYzNJ3a7OW3J6twJl9peZp1xzfUqa |y         |
|-------------------------------------------------------------|----------|

2024-04-02 19:41:48.316 [http-nio-80-exec-10] INFO 
				jdbc.resultsettable - 
|-------------------------------------------------------------|----------|
|password                                                     |active_yn |
|-------------------------------------------------------------|----------|
|$2a$10$n6qhK7wVa9He95XoqdEUTOJ00qx16QD7tlPnTekoA4a8ZYRqlB1j6 |y         |
|-------------------------------------------------------------|----------|

2024-04-02 19:42:37.375 [http-nio-80-exec-1] INFO 
				jdbc.resultsettable - 
|-------------------------------------------------------------|----------|
|password                                                     |active_yn |
|-------------------------------------------------------------|----------|
|$2a$10$n6qhK7wVa9He95XoqdEUTOJ00qx16QD7tlPnTekoA4a8ZYRqlB1j6 |y         |
|-------------------------------------------------------------|----------|

2024-04-02 19:43:51.524 [http-nio-80-exec-4] INFO 
				jdbc.resultsettable - 
|-------------------------------------------------------------|----------|
|password                                                     |active_yn |
|-------------------------------------------------------------|----------|
|$2a$10$n6qhK7wVa9He95XoqdEUTOJ00qx16QD7tlPnTekoA4a8ZYRqlB1j6 |y         |
|-------------------------------------------------------------|----------|

2024-04-02 19:44:46.767 [http-nio-80-exec-5] INFO 
				jdbc.resultsettable - 
|-------------------------------------------------------------|----------|
|password                                                     |active_yn |
|-------------------------------------------------------------|----------|
|$2a$10$n6qhK7wVa9He95XoqdEUTOJ00qx16QD7tlPnTekoA4a8ZYRqlB1j6 |y         |
|-------------------------------------------------------------|----------|

2024-04-02 19:45:20.560 [http-nio-80-exec-9] INFO 
				jdbc.resultsettable - 
|------|
|imgid |
|------|
|42    |
|------|

2024-04-02 19:48:13.414 [http-nio-80-exec-10] INFO 
				jdbc.resultsettable - 
|-------------------------------------------------------------|----------|
|password                                                     |active_yn |
|-------------------------------------------------------------|----------|
|$2a$10$n6qhK7wVa9He95XoqdEUTOJ00qx16QD7tlPnTekoA4a8ZYRqlB1j6 |y         |
|-------------------------------------------------------------|----------|

2024-04-02 19:48:38.264 [http-nio-80-exec-5] INFO 
				jdbc.resultsettable - 
|------|
|imgid |
|------|
|43    |
|------|

2024-04-02 19:51:07.694 [http-nio-80-exec-6] INFO 
				jdbc.resultsettable - 
|-------------------------------------------------------------|----------|
|password                                                     |active_yn |
|-------------------------------------------------------------|----------|
|$2a$10$n6qhK7wVa9He95XoqdEUTOJ00qx16QD7tlPnTekoA4a8ZYRqlB1j6 |y         |
|-------------------------------------------------------------|----------|

2024-04-02 19:51:30.119 [http-nio-80-exec-7] INFO 
				jdbc.resultsettable - 
|------|
|imgid |
|------|
|44    |
|------|

2024-04-02 19:53:29.620 [http-nio-80-exec-9] INFO 
				jdbc.resultsettable - 
|---------|----------|
|password |active_yn |
|---------|----------|
|---------|----------|

2024-04-02 19:53:34.416 [http-nio-80-exec-6] INFO 
				jdbc.resultsettable - 
|-------------------------------------------------------------|----------|
|password                                                     |active_yn |
|-------------------------------------------------------------|----------|
|$2a$10$H8jm56odPlL.f2gI1rYiJeIxbYzNJ3a7OW3J6twJl9peZp1xzfUqa |y         |
|-------------------------------------------------------------|----------|

2024-04-02 20:01:42.443 [http-nio-80-exec-7] INFO 
				jdbc.resultsettable - 
|-------------------------------------------------------------|----------|
|password                                                     |active_yn |
|-------------------------------------------------------------|----------|
|$2a$10$H8jm56odPlL.f2gI1rYiJeIxbYzNJ3a7OW3J6twJl9peZp1xzfUqa |y         |
|-------------------------------------------------------------|----------|

2024-04-02 20:15:35.833 [http-nio-80-exec-1] INFO 
				jdbc.resultsettable - 
|-------------------------------------------------------------|----------|
|password                                                     |active_yn |
|-------------------------------------------------------------|----------|
|$2a$10$H8jm56odPlL.f2gI1rYiJeIxbYzNJ3a7OW3J6twJl9peZp1xzfUqa |y         |
|-------------------------------------------------------------|----------|

2024-04-02 21:27:22.900 [http-nio-80-exec-6] INFO 
				jdbc.resultsettable - 
|-------------------------------------------------------------|----------|
|password                                                     |active_yn |
|-------------------------------------------------------------|----------|
|$2a$10$H8jm56odPlL.f2gI1rYiJeIxbYzNJ3a7OW3J6twJl9peZp1xzfUqa |y         |
|-------------------------------------------------------------|----------|

2024-04-02 21:27:29.523 [http-nio-80-exec-8] INFO 
				jdbc.resultsettable - 
|-------------------------------------------------------------|----------|
|password                                                     |active_yn |
|-------------------------------------------------------------|----------|
|$2a$10$n6qhK7wVa9He95XoqdEUTOJ00qx16QD7tlPnTekoA4a8ZYRqlB1j6 |y         |
|-------------------------------------------------------------|----------|

2024-04-02 21:27:32.301 [http-nio-80-exec-5] INFO 
				jdbc.resultsettable - 
|-------------------------------------------------------------|----------|
|password                                                     |active_yn |
|-------------------------------------------------------------|----------|
|$2a$10$n6qhK7wVa9He95XoqdEUTOJ00qx16QD7tlPnTekoA4a8ZYRqlB1j6 |y         |
|-------------------------------------------------------------|----------|

2024-04-02 22:37:28.092 [http-nio-80-exec-6] INFO 
				jdbc.resultsettable - 
|-------------------------------------------------------------|----------|
|password                                                     |active_yn |
|-------------------------------------------------------------|----------|
|$2a$10$H8jm56odPlL.f2gI1rYiJeIxbYzNJ3a7OW3J6twJl9peZp1xzfUqa |y         |
|-------------------------------------------------------------|----------|

2024-04-02 22:37:33.688 [http-nio-80-exec-1] INFO 
				jdbc.resultsettable - 
|-------------------------------------------------------------|----------|
|password                                                     |active_yn |
|-------------------------------------------------------------|----------|
|$2a$10$H8jm56odPlL.f2gI1rYiJeIxbYzNJ3a7OW3J6twJl9peZp1xzfUqa |y         |
|-------------------------------------------------------------|----------|

2024-04-02 22:38:02.478 [http-nio-80-exec-7] INFO 
				jdbc.resultsettable - 
|------|
|imgid |
|------|
|45    |
|------|

2024-04-02 22:39:56.456 [http-nio-80-exec-7] INFO 
				jdbc.resultsettable - 
|------|
|imgid |
|------|
|46    |
|------|

2024-04-02 22:40:10.476 [http-nio-80-exec-5] INFO 
				jdbc.resultsettable - 
|------|
|imgid |
|------|
|47    |
|------|

2024-04-02 22:40:19.804 [http-nio-80-exec-1] INFO 
				jdbc.resultsettable - 
|------|
|imgid |
|------|
|48    |
|------|

2024-04-02 22:40:29.485 [http-nio-80-exec-6] INFO 
				jdbc.resultsettable - 
|-------------------------------------------------------------|----------|
|password                                                     |active_yn |
|-------------------------------------------------------------|----------|
|$2a$10$H8jm56odPlL.f2gI1rYiJeIxbYzNJ3a7OW3J6twJl9peZp1xzfUqa |y         |
|-------------------------------------------------------------|----------|

2024-04-02 22:40:33.072 [http-nio-80-exec-9] INFO 
				jdbc.resultsettable - 
|-------------------------------------------------------------|----------|
|password                                                     |active_yn |
|-------------------------------------------------------------|----------|
|$2a$10$H8jm56odPlL.f2gI1rYiJeIxbYzNJ3a7OW3J6twJl9peZp1xzfUqa |y         |
|-------------------------------------------------------------|----------|

2024-04-02 22:40:35.706 [http-nio-80-exec-3] INFO 
				jdbc.resultsettable - 
|-------------------------------------------------------------|----------|
|password                                                     |active_yn |
|-------------------------------------------------------------|----------|
|$2a$10$H8jm56odPlL.f2gI1rYiJeIxbYzNJ3a7OW3J6twJl9peZp1xzfUqa |y         |
|-------------------------------------------------------------|----------|

2024-04-02 22:40:38.345 [http-nio-80-exec-7] INFO 
				jdbc.resultsettable - 
|-------------------------------------------------------------|----------|
|password                                                     |active_yn |
|-------------------------------------------------------------|----------|
|$2a$10$H8jm56odPlL.f2gI1rYiJeIxbYzNJ3a7OW3J6twJl9peZp1xzfUqa |y         |
|-------------------------------------------------------------|----------|

2024-04-02 22:40:47.041 [http-nio-80-exec-5] INFO 
				jdbc.resultsettable - 
|-------------------------------------------------------------|----------|
|password                                                     |active_yn |
|-------------------------------------------------------------|----------|
|$2a$10$H8jm56odPlL.f2gI1rYiJeIxbYzNJ3a7OW3J6twJl9peZp1xzfUqa |y         |
|-------------------------------------------------------------|----------|

2024-04-02 22:41:01.868 [http-nio-80-exec-6] INFO 
				jdbc.resultsettable - 
|------|
|imgid |
|------|
|49    |
|------|

2024-04-02 22:43:56.568 [http-nio-80-exec-9] INFO 
				jdbc.resultsettable - 
|------|
|imgid |
|------|
|50    |
|------|

2024-04-02 22:44:30.926 [http-nio-80-exec-10] INFO 
				jdbc.resultsettable - 
|------|
|imgid |
|------|
|51    |
|------|

2024-04-02 22:45:38.257 [http-nio-80-exec-5] INFO 
				jdbc.resultsettable - 
|------|
|imgid |
|------|
|52    |
|------|

2024-04-02 22:46:59.053 [http-nio-80-exec-6] INFO 
				jdbc.resultsettable - 
|-------------------------------------------------------------|----------|
|password                                                     |active_yn |
|-------------------------------------------------------------|----------|
|$2a$10$H8jm56odPlL.f2gI1rYiJeIxbYzNJ3a7OW3J6twJl9peZp1xzfUqa |y         |
|-------------------------------------------------------------|----------|

2024-04-02 22:47:25.079 [http-nio-80-exec-2] INFO 
				jdbc.resultsettable - 
|------|
|imgid |
|------|
|53    |
|------|

2024-04-02 22:52:11.896 [http-nio-80-exec-8] INFO 
				jdbc.resultsettable - 
|-------------------------------------------------------------|----------|
|password                                                     |active_yn |
|-------------------------------------------------------------|----------|
|$2a$10$H8jm56odPlL.f2gI1rYiJeIxbYzNJ3a7OW3J6twJl9peZp1xzfUqa |y         |
|-------------------------------------------------------------|----------|

2024-04-02 22:52:56.203 [http-nio-80-exec-10] INFO 
				jdbc.resultsettable - 
|------|
|imgid |
|------|
|54    |
|------|

2024-04-02 23:02:39.228 [http-nio-80-exec-3] INFO 
				jdbc.resultsettable - 
|-------------------------------------------------------------|----------|
|password                                                     |active_yn |
|-------------------------------------------------------------|----------|
|$2a$10$n6qhK7wVa9He95XoqdEUTOJ00qx16QD7tlPnTekoA4a8ZYRqlB1j6 |y         |
|-------------------------------------------------------------|----------|

2024-04-02 23:05:39.707 [http-nio-80-exec-1] INFO 
				jdbc.resultsettable - 
|------|
|imgid |
|------|
|55    |
|------|

2024-04-02 23:07:56.128 [http-nio-80-exec-1] INFO 
				jdbc.resultsettable - 
|-------------------------------------------------------------|----------|
|password                                                     |active_yn |
|-------------------------------------------------------------|----------|
|$2a$10$H8jm56odPlL.f2gI1rYiJeIxbYzNJ3a7OW3J6twJl9peZp1xzfUqa |y         |
|-------------------------------------------------------------|----------|

2024-04-02 23:08:22.505 [http-nio-80-exec-9] INFO 
				jdbc.resultsettable - 
|------|
|imgid |
|------|
|56    |
|------|

2024-04-02 23:16:25.558 [http-nio-80-exec-1] INFO 
				jdbc.resultsettable - 
|------|
|imgid |
|------|
|57    |
|------|

2024-04-02 23:16:38.367 [http-nio-80-exec-5] INFO 
				jdbc.resultsettable - 
|-------------------------------------------------------------|----------|
|password                                                     |active_yn |
|-------------------------------------------------------------|----------|
|$2a$10$H8jm56odPlL.f2gI1rYiJeIxbYzNJ3a7OW3J6twJl9peZp1xzfUqa |y         |
|-------------------------------------------------------------|----------|

2024-04-02 23:16:51.220 [http-nio-80-exec-7] INFO 
				jdbc.resultsettable - 
|------|
|imgid |
|------|
|58    |
|------|

2024-04-02 23:20:00.042 [http-nio-80-exec-6] INFO 
				jdbc.resultsettable - 
|-------------------------------------------------------------|----------|
|password                                                     |active_yn |
|-------------------------------------------------------------|----------|
|$2a$10$H8jm56odPlL.f2gI1rYiJeIxbYzNJ3a7OW3J6twJl9peZp1xzfUqa |y         |
|-------------------------------------------------------------|----------|

2024-04-02 23:20:11.318 [http-nio-80-exec-1] INFO 
				jdbc.resultsettable - 
|------|
|imgid |
|------|
|59    |
|------|

2024-04-02 23:27:28.576 [http-nio-80-exec-5] INFO 
				jdbc.resultsettable - 
|-------------------------------------------------------------|----------|
|password                                                     |active_yn |
|-------------------------------------------------------------|----------|
|$2a$10$H8jm56odPlL.f2gI1rYiJeIxbYzNJ3a7OW3J6twJl9peZp1xzfUqa |y         |
|-------------------------------------------------------------|----------|

2024-04-02 23:27:42.050 [http-nio-80-exec-1] INFO 
				jdbc.resultsettable - 
|------|
|imgid |
|------|
|60    |
|------|

