2024-04-06 00:20:25.096 [http-nio-80-exec-4] INFO 
				jdbc.resultsettable - 
|---------|----------|
|password |active_yn |
|---------|----------|
|---------|----------|

2024-04-06 00:20:29.894 [http-nio-80-exec-8] INFO 
				jdbc.resultsettable - 
|---------|----------|
|password |active_yn |
|---------|----------|
|---------|----------|

2024-04-06 00:21:02.713 [http-nio-80-exec-5] INFO 
				jdbc.resultsettable - 
|---------|----------|
|password |active_yn |
|---------|----------|
|---------|----------|

2024-04-06 00:37:40.551 [http-nio-80-exec-7] INFO 
				jdbc.resultsettable - 
|---------|----------|
|password |active_yn |
|---------|----------|
|---------|----------|

2024-04-06 00:53:01.889 [http-nio-80-exec-10] INFO 
				jdbc.resultsettable - 
|-------------------------------------------------------------|----------|
|password                                                     |active_yn |
|-------------------------------------------------------------|----------|
|$2a$10$Y4YZZXFxHh.XfjL/Yxtju.rApNG8OPIkOKL.MkNbRutKGchquHmSC |y         |
|-------------------------------------------------------------|----------|

2024-04-06 00:53:04.119 [http-nio-80-exec-2] INFO 
				jdbc.resultsettable - 
|-------------------------------------------------------------|----------|
|password                                                     |active_yn |
|-------------------------------------------------------------|----------|
|$2a$10$Y4YZZXFxHh.XfjL/Yxtju.rApNG8OPIkOKL.MkNbRutKGchquHmSC |y         |
|-------------------------------------------------------------|----------|

2024-04-06 00:53:07.316 [http-nio-80-exec-5] INFO 
				jdbc.resultsettable - 
|-------------------------------------------------------------|----------|
|password                                                     |active_yn |
|-------------------------------------------------------------|----------|
|$2a$10$Y4YZZXFxHh.XfjL/Yxtju.rApNG8OPIkOKL.MkNbRutKGchquHmSC |y         |
|-------------------------------------------------------------|----------|

2024-04-06 00:55:36.027 [http-nio-80-exec-7] INFO 
				jdbc.resultsettable - 
|-------------------------------------------------------------|----------|
|password                                                     |active_yn |
|-------------------------------------------------------------|----------|
|$2a$10$Y4YZZXFxHh.XfjL/Yxtju.rApNG8OPIkOKL.MkNbRutKGchquHmSC |y         |
|-------------------------------------------------------------|----------|

2024-04-06 01:13:22.877 [http-nio-80-exec-7] INFO 
				jdbc.resultsettable - 
|-------------------------------------------------------------|----------|
|password                                                     |active_yn |
|-------------------------------------------------------------|----------|
|$2a$10$Y4YZZXFxHh.XfjL/Yxtju.rApNG8OPIkOKL.MkNbRutKGchquHmSC |y         |
|-------------------------------------------------------------|----------|

2024-04-06 01:18:54.958 [http-nio-80-exec-3] INFO 
				jdbc.resultsettable - 
|-------------------------------------------------------------|----------|
|password                                                     |active_yn |
|-------------------------------------------------------------|----------|
|$2a$10$Y4YZZXFxHh.XfjL/Yxtju.rApNG8OPIkOKL.MkNbRutKGchquHmSC |y         |
|-------------------------------------------------------------|----------|

2024-04-06 01:43:57.438 [http-nio-80-exec-3] INFO 
				jdbc.resultsettable - 
|-------------------------------------------------------------|----------|
|password                                                     |active_yn |
|-------------------------------------------------------------|----------|
|$2a$10$Y4YZZXFxHh.XfjL/Yxtju.rApNG8OPIkOKL.MkNbRutKGchquHmSC |y         |
|-------------------------------------------------------------|----------|

2024-04-06 01:46:58.962 [http-nio-80-exec-3] INFO 
				jdbc.resultsettable - 
|---------|----------|
|password |active_yn |
|---------|----------|
|---------|----------|

2024-04-06 01:47:05.635 [http-nio-80-exec-4] INFO 
				jdbc.resultsettable - 
|-------------------------------------------------------------|----------|
|password                                                     |active_yn |
|-------------------------------------------------------------|----------|
|$2a$10$Y4YZZXFxHh.XfjL/Yxtju.rApNG8OPIkOKL.MkNbRutKGchquHmSC |y         |
|-------------------------------------------------------------|----------|

2024-04-06 02:19:42.477 [http-nio-80-exec-3] INFO 
				jdbc.resultsettable - 
|-------------------------------------------------------------|----------|
|password                                                     |active_yn |
|-------------------------------------------------------------|----------|
|$2a$10$Y4YZZXFxHh.XfjL/Yxtju.rApNG8OPIkOKL.MkNbRutKGchquHmSC |y         |
|-------------------------------------------------------------|----------|

2024-04-06 02:19:47.743 [http-nio-80-exec-4] INFO 
				jdbc.resultsettable - 
|-------------------------------------------------------------|----------|
|password                                                     |active_yn |
|-------------------------------------------------------------|----------|
|$2a$10$Y4YZZXFxHh.XfjL/Yxtju.rApNG8OPIkOKL.MkNbRutKGchquHmSC |y         |
|-------------------------------------------------------------|----------|

2024-04-06 02:20:49.020 [http-nio-80-exec-3] INFO 
				jdbc.resultsettable - 
|-------------------------------------------------------------|----------|
|password                                                     |active_yn |
|-------------------------------------------------------------|----------|
|$2a$10$Y4YZZXFxHh.XfjL/Yxtju.rApNG8OPIkOKL.MkNbRutKGchquHmSC |y         |
|-------------------------------------------------------------|----------|

2024-04-06 02:20:51.922 [http-nio-80-exec-4] INFO 
				jdbc.resultsettable - 
|-------------------------------------------------------------|----------|
|password                                                     |active_yn |
|-------------------------------------------------------------|----------|
|$2a$10$Y4YZZXFxHh.XfjL/Yxtju.rApNG8OPIkOKL.MkNbRutKGchquHmSC |y         |
|-------------------------------------------------------------|----------|

2024-04-06 02:31:55.077 [http-nio-80-exec-3] INFO 
				jdbc.resultsettable - 
|-------------------------------------------------------------|----------|
|password                                                     |active_yn |
|-------------------------------------------------------------|----------|
|$2a$10$Y4YZZXFxHh.XfjL/Yxtju.rApNG8OPIkOKL.MkNbRutKGchquHmSC |y         |
|-------------------------------------------------------------|----------|

2024-04-06 02:31:57.498 [http-nio-80-exec-4] INFO 
				jdbc.resultsettable - 
|-------------------------------------------------------------|----------|
|password                                                     |active_yn |
|-------------------------------------------------------------|----------|
|$2a$10$Y4YZZXFxHh.XfjL/Yxtju.rApNG8OPIkOKL.MkNbRutKGchquHmSC |y         |
|-------------------------------------------------------------|----------|

2024-04-06 02:32:04.479 [http-nio-80-exec-5] INFO 
				jdbc.resultsettable - 
|-------------------------------------------------------------|----------|
|password                                                     |active_yn |
|-------------------------------------------------------------|----------|
|$2a$10$Y4YZZXFxHh.XfjL/Yxtju.rApNG8OPIkOKL.MkNbRutKGchquHmSC |y         |
|-------------------------------------------------------------|----------|

2024-04-06 02:32:08.703 [http-nio-80-exec-6] INFO 
				jdbc.resultsettable - 
|---------|
|nickname |
|---------|
|---------|

2024-04-06 02:32:08.708 [http-nio-80-exec-7] INFO 
				jdbc.resultsettable - 
|---------|
|nickname |
|---------|
|---------|

2024-04-06 02:35:25.371 [http-nio-80-exec-3] INFO 
				jdbc.resultsettable - 
|-------------------------------------------------------------|----------|
|password                                                     |active_yn |
|-------------------------------------------------------------|----------|
|$2a$10$Y4YZZXFxHh.XfjL/Yxtju.rApNG8OPIkOKL.MkNbRutKGchquHmSC |y         |
|-------------------------------------------------------------|----------|

2024-04-06 15:03:43.078 [http-nio-80-exec-7] INFO 
				jdbc.resultsettable - 
|-------------------------------------------------------------|----------|
|password                                                     |active_yn |
|-------------------------------------------------------------|----------|
|$2a$10$Y4YZZXFxHh.XfjL/Yxtju.rApNG8OPIkOKL.MkNbRutKGchquHmSC |y         |
|-------------------------------------------------------------|----------|

2024-04-06 15:04:42.178 [http-nio-80-exec-5] INFO 
				jdbc.resultsettable - 
|-------------------------------------------------------------|----------|
|password                                                     |active_yn |
|-------------------------------------------------------------|----------|
|$2a$10$Y4YZZXFxHh.XfjL/Yxtju.rApNG8OPIkOKL.MkNbRutKGchquHmSC |y         |
|-------------------------------------------------------------|----------|

2024-04-06 15:43:32.125 [http-nio-80-exec-8] INFO 
				jdbc.resultsettable - 
|-------------------------------------------------------------|----------|
|password                                                     |active_yn |
|-------------------------------------------------------------|----------|
|$2a$10$Y4YZZXFxHh.XfjL/Yxtju.rApNG8OPIkOKL.MkNbRutKGchquHmSC |y         |
|-------------------------------------------------------------|----------|

2024-04-06 15:43:34.163 [http-nio-80-exec-6] INFO 
				jdbc.resultsettable - 
|--------|---------|---------|-----|----------|------|-------------|-----------|-----------|-------------|--------------|---------------|---------|------------|----------|----------------|
|user_id |nickname |password |name |active_yn |email |phone_number |updated_at |created_at |road_address |jibun_address |namuji_address |zip_code |emailsts_yn |smssts_yn |personalinfo_yn |
|--------|---------|---------|-----|----------|------|-------------|-----------|-----------|-------------|--------------|---------------|---------|------------|----------|----------------|
|--------|---------|---------|-----|----------|------|-------------|-----------|-----------|-------------|--------------|---------------|---------|------------|----------|----------------|

2024-04-06 15:52:09.827 [http-nio-80-exec-3] INFO 
				jdbc.resultsettable - 
|-------------------------------------------------------------|----------|
|password                                                     |active_yn |
|-------------------------------------------------------------|----------|
|$2a$10$Y4YZZXFxHh.XfjL/Yxtju.rApNG8OPIkOKL.MkNbRutKGchquHmSC |y         |
|-------------------------------------------------------------|----------|

2024-04-06 15:52:14.285 [http-nio-80-exec-8] INFO 
				jdbc.resultsettable - 
|--------|---------|---------|-----|----------|------|-------------|-----------|-----------|-------------|--------------|---------------|---------|------------|----------|----------------|
|user_id |nickname |password |name |active_yn |email |phone_number |updated_at |created_at |road_address |jibun_address |namuji_address |zip_code |emailsts_yn |smssts_yn |personalinfo_yn |
|--------|---------|---------|-----|----------|------|-------------|-----------|-----------|-------------|--------------|---------------|---------|------------|----------|----------------|
|--------|---------|---------|-----|----------|------|-------------|-----------|-----------|-------------|--------------|---------------|---------|------------|----------|----------------|

2024-04-06 16:03:04.272 [http-nio-80-exec-3] INFO 
				jdbc.resultsettable - 
|-------------------------------------------------------------|----------|
|password                                                     |active_yn |
|-------------------------------------------------------------|----------|
|$2a$10$Y4YZZXFxHh.XfjL/Yxtju.rApNG8OPIkOKL.MkNbRutKGchquHmSC |y         |
|-------------------------------------------------------------|----------|

2024-04-06 16:03:05.758 [http-nio-80-exec-9] INFO 
				jdbc.resultsettable - 
|--------|---------|---------|-----|----------|------|-------------|-----------|-----------|-------------|--------------|---------------|---------|------------|----------|----------------|
|user_id |nickname |password |name |active_yn |email |phone_number |updated_at |created_at |road_address |jibun_address |namuji_address |zip_code |emailsts_yn |smssts_yn |personalinfo_yn |
|--------|---------|---------|-----|----------|------|-------------|-----------|-----------|-------------|--------------|---------------|---------|------------|----------|----------------|
|--------|---------|---------|-----|----------|------|-------------|-----------|-----------|-------------|--------------|---------------|---------|------------|----------|----------------|

2024-04-06 16:06:20.928 [http-nio-80-exec-7] INFO 
				jdbc.resultsettable - 
|-------------------------------------------------------------|----------|
|password                                                     |active_yn |
|-------------------------------------------------------------|----------|
|$2a$10$Y4YZZXFxHh.XfjL/Yxtju.rApNG8OPIkOKL.MkNbRutKGchquHmSC |y         |
|-------------------------------------------------------------|----------|

2024-04-06 16:06:22.856 [http-nio-80-exec-4] INFO 
				jdbc.resultsettable - 
|--------|---------|---------|-----|----------|------|-------------|-----------|-----------|-------------|--------------|---------------|---------|------------|----------|----------------|
|user_id |nickname |password |name |active_yn |email |phone_number |updated_at |created_at |road_address |jibun_address |namuji_address |zip_code |emailsts_yn |smssts_yn |personalinfo_yn |
|--------|---------|---------|-----|----------|------|-------------|-----------|-----------|-------------|--------------|---------------|---------|------------|----------|----------------|
|--------|---------|---------|-----|----------|------|-------------|-----------|-----------|-------------|--------------|---------------|---------|------------|----------|----------------|

2024-04-06 16:14:47.832 [http-nio-80-exec-8] INFO 
				jdbc.resultsettable - 
|-------------------------------------------------------------|----------|
|password                                                     |active_yn |
|-------------------------------------------------------------|----------|
|$2a$10$Y4YZZXFxHh.XfjL/Yxtju.rApNG8OPIkOKL.MkNbRutKGchquHmSC |y         |
|-------------------------------------------------------------|----------|

2024-04-06 16:14:51.944 [http-nio-80-exec-5] INFO 
				jdbc.resultsettable - 
|--------|---------|---------|-----|----------|------|-------------|-----------|-----------|-------------|--------------|---------------|---------|------------|----------|----------------|
|user_id |nickname |password |name |active_yn |email |phone_number |updated_at |created_at |road_address |jibun_address |namuji_address |zip_code |emailsts_yn |smssts_yn |personalinfo_yn |
|--------|---------|---------|-----|----------|------|-------------|-----------|-----------|-------------|--------------|---------------|---------|------------|----------|----------------|
|--------|---------|---------|-----|----------|------|-------------|-----------|-----------|-------------|--------------|---------------|---------|------------|----------|----------------|

2024-04-06 16:18:13.382 [http-nio-80-exec-3] INFO 
				jdbc.resultsettable - 
|-------------------------------------------------------------|----------|
|password                                                     |active_yn |
|-------------------------------------------------------------|----------|
|$2a$10$Y4YZZXFxHh.XfjL/Yxtju.rApNG8OPIkOKL.MkNbRutKGchquHmSC |y         |
|-------------------------------------------------------------|----------|

2024-04-06 16:18:18.792 [http-nio-80-exec-4] INFO 
				jdbc.resultsettable - 
|--------|---------|---------|-----|----------|------|-------------|-----------|-----------|-------------|--------------|---------------|---------|------------|----------|----------------|
|user_id |nickname |password |name |active_yn |email |phone_number |updated_at |created_at |road_address |jibun_address |namuji_address |zip_code |emailsts_yn |smssts_yn |personalinfo_yn |
|--------|---------|---------|-----|----------|------|-------------|-----------|-----------|-------------|--------------|---------------|---------|------------|----------|----------------|
|--------|---------|---------|-----|----------|------|-------------|-----------|-----------|-------------|--------------|---------------|---------|------------|----------|----------------|

2024-04-06 17:51:36.606 [http-nio-80-exec-10] INFO 
				jdbc.resultsettable - 
|-------------------------------------------------------------|----------|
|password                                                     |active_yn |
|-------------------------------------------------------------|----------|
|$2a$10$Y4YZZXFxHh.XfjL/Yxtju.rApNG8OPIkOKL.MkNbRutKGchquHmSC |y         |
|-------------------------------------------------------------|----------|

2024-04-06 17:51:39.581 [http-nio-80-exec-9] INFO 
				jdbc.resultsettable - 
|--------|---------|---------|-----|----------|------|-------------|-----------|-----------|-------------|--------------|---------------|---------|------------|----------|----------------|
|user_id |nickname |password |name |active_yn |email |phone_number |updated_at |created_at |road_address |jibun_address |namuji_address |zip_code |emailsts_yn |smssts_yn |personalinfo_yn |
|--------|---------|---------|-----|----------|------|-------------|-----------|-----------|-------------|--------------|---------------|---------|------------|----------|----------------|
|--------|---------|---------|-----|----------|------|-------------|-----------|-----------|-------------|--------------|---------------|---------|------------|----------|----------------|

2024-04-06 17:54:00.401 [http-nio-80-exec-3] INFO 
				jdbc.resultsettable - 
|-------------------------------------------------------------|----------|
|password                                                     |active_yn |
|-------------------------------------------------------------|----------|
|$2a$10$Y4YZZXFxHh.XfjL/Yxtju.rApNG8OPIkOKL.MkNbRutKGchquHmSC |y         |
|-------------------------------------------------------------|----------|

2024-04-06 17:54:04.119 [http-nio-80-exec-9] INFO 
				jdbc.resultsettable - 
|--------|---------|---------|-----|----------|------|-------------|-----------|-----------|-------------|--------------|---------------|---------|------------|----------|----------------|
|user_id |nickname |password |name |active_yn |email |phone_number |updated_at |created_at |road_address |jibun_address |namuji_address |zip_code |emailsts_yn |smssts_yn |personalinfo_yn |
|--------|---------|---------|-----|----------|------|-------------|-----------|-----------|-------------|--------------|---------------|---------|------------|----------|----------------|
|--------|---------|---------|-----|----------|------|-------------|-----------|-----------|-------------|--------------|---------------|---------|------------|----------|----------------|

2024-04-06 18:06:55.569 [http-nio-80-exec-2] INFO 
				jdbc.resultsettable - 
|--------|---------|---------|-----|----------|------|-------------|-----------|-----------|-------------|--------------|---------------|---------|------------|----------|----------------|
|user_id |nickname |password |name |active_yn |email |phone_number |updated_at |created_at |road_address |jibun_address |namuji_address |zip_code |emailsts_yn |smssts_yn |personalinfo_yn |
|--------|---------|---------|-----|----------|------|-------------|-----------|-----------|-------------|--------------|---------------|---------|------------|----------|----------------|
|--------|---------|---------|-----|----------|------|-------------|-----------|-----------|-------------|--------------|---------------|---------|------------|----------|----------------|

2024-04-06 18:06:56.607 [http-nio-80-exec-3] INFO 
				jdbc.resultsettable - 
|--------|---------|---------|-----|----------|------|-------------|-----------|-----------|-------------|--------------|---------------|---------|------------|----------|----------------|
|user_id |nickname |password |name |active_yn |email |phone_number |updated_at |created_at |road_address |jibun_address |namuji_address |zip_code |emailsts_yn |smssts_yn |personalinfo_yn |
|--------|---------|---------|-----|----------|------|-------------|-----------|-----------|-------------|--------------|---------------|---------|------------|----------|----------------|
|--------|---------|---------|-----|----------|------|-------------|-----------|-----------|-------------|--------------|---------------|---------|------------|----------|----------------|

2024-04-06 18:07:06.137 [http-nio-80-exec-9] INFO 
				jdbc.resultsettable - 
|--------|---------|---------|-----|----------|------|-------------|-----------|-----------|-------------|--------------|---------------|---------|------------|----------|----------------|
|user_id |nickname |password |name |active_yn |email |phone_number |updated_at |created_at |road_address |jibun_address |namuji_address |zip_code |emailsts_yn |smssts_yn |personalinfo_yn |
|--------|---------|---------|-----|----------|------|-------------|-----------|-----------|-------------|--------------|---------------|---------|------------|----------|----------------|
|--------|---------|---------|-----|----------|------|-------------|-----------|-----------|-------------|--------------|---------------|---------|------------|----------|----------------|

2024-04-06 18:10:22.714 [http-nio-80-exec-9] INFO 
				jdbc.resultsettable - 
|-------------------------------------------------------------|----------|
|password                                                     |active_yn |
|-------------------------------------------------------------|----------|
|$2a$10$Y4YZZXFxHh.XfjL/Yxtju.rApNG8OPIkOKL.MkNbRutKGchquHmSC |y         |
|-------------------------------------------------------------|----------|

2024-04-06 18:10:40.567 [http-nio-80-exec-9] INFO 
				jdbc.resultsettable - 
|--------|---------|---------|-----|----------|------|-------------|-----------|-----------|-------------|--------------|---------------|---------|------------|----------|----------------|
|user_id |nickname |password |name |active_yn |email |phone_number |updated_at |created_at |road_address |jibun_address |namuji_address |zip_code |emailsts_yn |smssts_yn |personalinfo_yn |
|--------|---------|---------|-----|----------|------|-------------|-----------|-----------|-------------|--------------|---------------|---------|------------|----------|----------------|
|--------|---------|---------|-----|----------|------|-------------|-----------|-----------|-------------|--------------|---------------|---------|------------|----------|----------------|

2024-04-06 18:11:36.354 [http-nio-80-exec-6] INFO 
				jdbc.resultsettable - 
|--------|---------|---------|-----|----------|------|-------------|-----------|-----------|-------------|--------------|---------------|---------|------------|----------|----------------|
|user_id |nickname |password |name |active_yn |email |phone_number |updated_at |created_at |road_address |jibun_address |namuji_address |zip_code |emailsts_yn |smssts_yn |personalinfo_yn |
|--------|---------|---------|-----|----------|------|-------------|-----------|-----------|-------------|--------------|---------------|---------|------------|----------|----------------|
|--------|---------|---------|-----|----------|------|-------------|-----------|-----------|-------------|--------------|---------------|---------|------------|----------|----------------|

2024-04-06 18:13:10.542 [http-nio-80-exec-5] INFO 
				jdbc.resultsettable - 
|-------------------------------------------------------------|----------|
|password                                                     |active_yn |
|-------------------------------------------------------------|----------|
|$2a$10$Y4YZZXFxHh.XfjL/Yxtju.rApNG8OPIkOKL.MkNbRutKGchquHmSC |y         |
|-------------------------------------------------------------|----------|

2024-04-06 18:13:20.917 [http-nio-80-exec-2] INFO 
				jdbc.resultsettable - 
|--------|---------|---------|-----|----------|------|-------------|-----------|-----------|-------------|--------------|---------------|---------|------------|----------|----------------|
|user_id |nickname |password |name |active_yn |email |phone_number |updated_at |created_at |road_address |jibun_address |namuji_address |zip_code |emailsts_yn |smssts_yn |personalinfo_yn |
|--------|---------|---------|-----|----------|------|-------------|-----------|-----------|-------------|--------------|---------------|---------|------------|----------|----------------|
|--------|---------|---------|-----|----------|------|-------------|-----------|-----------|-------------|--------------|---------------|---------|------------|----------|----------------|

2024-04-06 18:15:14.446 [http-nio-80-exec-5] INFO 
				jdbc.resultsettable - 
|-------------------------------------------------------------|----------|
|password                                                     |active_yn |
|-------------------------------------------------------------|----------|
|$2a$10$Y4YZZXFxHh.XfjL/Yxtju.rApNG8OPIkOKL.MkNbRutKGchquHmSC |y         |
|-------------------------------------------------------------|----------|

2024-04-06 18:15:14.446 [http-nio-80-exec-2] INFO 
				jdbc.resultsettable - 
|-------------------------------------------------------------|----------|
|password                                                     |active_yn |
|-------------------------------------------------------------|----------|
|$2a$10$Y4YZZXFxHh.XfjL/Yxtju.rApNG8OPIkOKL.MkNbRutKGchquHmSC |y         |
|-------------------------------------------------------------|----------|

2024-04-06 18:15:14.446 [http-nio-80-exec-9] INFO 
				jdbc.resultsettable - 
|-------------------------------------------------------------|----------|
|password                                                     |active_yn |
|-------------------------------------------------------------|----------|
|$2a$10$Y4YZZXFxHh.XfjL/Yxtju.rApNG8OPIkOKL.MkNbRutKGchquHmSC |y         |
|-------------------------------------------------------------|----------|

2024-04-06 18:15:14.446 [http-nio-80-exec-6] INFO 
				jdbc.resultsettable - 
|-------------------------------------------------------------|----------|
|password                                                     |active_yn |
|-------------------------------------------------------------|----------|
|$2a$10$Y4YZZXFxHh.XfjL/Yxtju.rApNG8OPIkOKL.MkNbRutKGchquHmSC |y         |
|-------------------------------------------------------------|----------|

2024-04-06 18:15:24.695 [http-nio-80-exec-7] INFO 
				jdbc.resultsettable - 
|-------------------------------------------------------------|----------|
|password                                                     |active_yn |
|-------------------------------------------------------------|----------|
|$2a$10$Y4YZZXFxHh.XfjL/Yxtju.rApNG8OPIkOKL.MkNbRutKGchquHmSC |y         |
|-------------------------------------------------------------|----------|

2024-04-06 18:15:54.124 [http-nio-80-exec-1] INFO 
				jdbc.resultsettable - 
|-------------------------------------------------------------|----------|
|password                                                     |active_yn |
|-------------------------------------------------------------|----------|
|$2a$10$Y4YZZXFxHh.XfjL/Yxtju.rApNG8OPIkOKL.MkNbRutKGchquHmSC |y         |
|-------------------------------------------------------------|----------|

2024-04-06 18:15:55.117 [http-nio-80-exec-10] INFO 
				jdbc.resultsettable - 
|-------------------------------------------------------------|----------|
|password                                                     |active_yn |
|-------------------------------------------------------------|----------|
|$2a$10$Y4YZZXFxHh.XfjL/Yxtju.rApNG8OPIkOKL.MkNbRutKGchquHmSC |y         |
|-------------------------------------------------------------|----------|

2024-04-06 18:15:55.120 [http-nio-80-exec-8] INFO 
				jdbc.resultsettable - 
|-------------------------------------------------------------|----------|
|password                                                     |active_yn |
|-------------------------------------------------------------|----------|
|$2a$10$Y4YZZXFxHh.XfjL/Yxtju.rApNG8OPIkOKL.MkNbRutKGchquHmSC |y         |
|-------------------------------------------------------------|----------|

2024-04-06 18:15:55.121 [http-nio-80-exec-3] INFO 
				jdbc.resultsettable - 
|-------------------------------------------------------------|----------|
|password                                                     |active_yn |
|-------------------------------------------------------------|----------|
|$2a$10$Y4YZZXFxHh.XfjL/Yxtju.rApNG8OPIkOKL.MkNbRutKGchquHmSC |y         |
|-------------------------------------------------------------|----------|

2024-04-06 18:23:02.857 [http-nio-80-exec-5] INFO 
				jdbc.resultsettable - 
|-------------------------------------------------------------|----------|
|password                                                     |active_yn |
|-------------------------------------------------------------|----------|
|$2a$10$Y4YZZXFxHh.XfjL/Yxtju.rApNG8OPIkOKL.MkNbRutKGchquHmSC |y         |
|-------------------------------------------------------------|----------|

