2024-04-07 00:16:27.411 [http-nio-80-exec-2] INFO 
				jdbc.resultsettable - 
|---------|----------|
|password |active_yn |
|---------|----------|
|---------|----------|

2024-04-07 00:18:04.622 [http-nio-80-exec-10] INFO 
				jdbc.resultsettable - 
|--------|
|user_id |
|--------|
|--------|

2024-04-07 00:22:41.389 [http-nio-80-exec-3] INFO 
				jdbc.resultsettable - 
|--------|
|user_id |
|--------|
|--------|

2024-04-07 00:29:36.770 [http-nio-80-exec-3] INFO 
				jdbc.resultsettable - 
|--------|
|user_id |
|--------|
|--------|

2024-04-07 00:30:34.070 [http-nio-80-exec-10] INFO 
				jdbc.resultsettable - 
|-------------------------------------------------------------|----------|
|password                                                     |active_yn |
|-------------------------------------------------------------|----------|
|$2a$10$bgHIooKN0pNyF0zIrNO.zu.ANT/mqKA5j6v5WednfqUo3nzn8mgky |y         |
|-------------------------------------------------------------|----------|

2024-04-07 00:30:37.421 [http-nio-80-exec-7] INFO 
				jdbc.resultsettable - 
|-------------------------------------------------------------|----------|
|password                                                     |active_yn |
|-------------------------------------------------------------|----------|
|$2a$10$bgHIooKN0pNyF0zIrNO.zu.ANT/mqKA5j6v5WednfqUo3nzn8mgky |y         |
|-------------------------------------------------------------|----------|

2024-04-07 00:30:41.275 [http-nio-80-exec-2] INFO 
				jdbc.resultsettable - 
|-------------------------------------------------------------|----------|
|password                                                     |active_yn |
|-------------------------------------------------------------|----------|
|$2a$10$bgHIooKN0pNyF0zIrNO.zu.ANT/mqKA5j6v5WednfqUo3nzn8mgky |y         |
|-------------------------------------------------------------|----------|

2024-04-07 00:31:01.906 [http-nio-80-exec-1] INFO 
				jdbc.resultsettable - 
|-------------------------------------------------------------|----------|
|password                                                     |active_yn |
|-------------------------------------------------------------|----------|
|$2a$10$bgHIooKN0pNyF0zIrNO.zu.ANT/mqKA5j6v5WednfqUo3nzn8mgky |y         |
|-------------------------------------------------------------|----------|

2024-04-07 00:36:21.345 [http-nio-80-exec-5] INFO 
				jdbc.resultsettable - 
|--------|---------|-------------------------------------------------------------|-----|----------|----------------------|-------------|-----------|-----------|-------------|--------------|---------------|---------|------------|----------|----------------|
|user_id |nickname |password                                                     |name |active_yn |email                 |phone_number |updated_at |created_at |road_address |jibun_address |namuji_address |zip_code |emailsts_yn |smssts_yn |personalinfo_yn |
|--------|---------|-------------------------------------------------------------|-----|----------|----------------------|-------------|-----------|-----------|-------------|--------------|---------------|---------|------------|----------|----------------|
|test    |test     |$2a$10$bgHIooKN0pNyF0zIrNO.zu.ANT/mqKA5j6v5WednfqUo3nzn8mgky |test |y         |tkdgml0719@icloud.com |01088874053  |[unread]   |[unread]   |a            |a             |a              |a        |y           |n         |y               |
|--------|---------|-------------------------------------------------------------|-----|----------|----------------------|-------------|-----------|-----------|-------------|--------------|---------------|---------|------------|----------|----------------|

2024-04-07 00:40:14.053 [http-nio-80-exec-1] INFO 
				jdbc.resultsettable - 
|--------|---------|-------------------------------------------------------------|-----|----------|----------------------|-------------|-----------|-----------|-------------|--------------|---------------|---------|------------|----------|----------------|
|user_id |nickname |password                                                     |name |active_yn |email                 |phone_number |updated_at |created_at |road_address |jibun_address |namuji_address |zip_code |emailsts_yn |smssts_yn |personalinfo_yn |
|--------|---------|-------------------------------------------------------------|-----|----------|----------------------|-------------|-----------|-----------|-------------|--------------|---------------|---------|------------|----------|----------------|
|test    |test     |$2a$10$bgHIooKN0pNyF0zIrNO.zu.ANT/mqKA5j6v5WednfqUo3nzn8mgky |test |y         |tkdgml0719@icloud.com |01088874053  |[unread]   |[unread]   |a            |a             |a              |a        |y           |n         |y               |
|--------|---------|-------------------------------------------------------------|-----|----------|----------------------|-------------|-----------|-----------|-------------|--------------|---------------|---------|------------|----------|----------------|

2024-04-07 00:40:15.573 [http-nio-80-exec-1] INFO 
				jdbc.resultsettable - 
|--------|---------|-------------------------------------------------------------|-----|----------|----------------------|-------------|-----------|-----------|-------------|--------------|---------------|---------|------------|----------|----------------|
|user_id |nickname |password                                                     |name |active_yn |email                 |phone_number |updated_at |created_at |road_address |jibun_address |namuji_address |zip_code |emailsts_yn |smssts_yn |personalinfo_yn |
|--------|---------|-------------------------------------------------------------|-----|----------|----------------------|-------------|-----------|-----------|-------------|--------------|---------------|---------|------------|----------|----------------|
|test    |test     |$2a$10$bgHIooKN0pNyF0zIrNO.zu.ANT/mqKA5j6v5WednfqUo3nzn8mgky |test |y         |tkdgml0719@icloud.com |01088874053  |[unread]   |[unread]   |a            |a             |a              |a        |y           |n         |y               |
|--------|---------|-------------------------------------------------------------|-----|----------|----------------------|-------------|-----------|-----------|-------------|--------------|---------------|---------|------------|----------|----------------|

2024-04-07 01:23:46.028 [http-nio-80-exec-7] INFO 
				jdbc.resultsettable - 
|--------|---------|---------|-----|----------|------|-------------|-----------|-----------|-------------|--------------|---------------|---------|------------|----------|----------------|
|user_id |nickname |password |name |active_yn |email |phone_number |updated_at |created_at |road_address |jibun_address |namuji_address |zip_code |emailsts_yn |smssts_yn |personalinfo_yn |
|--------|---------|---------|-----|----------|------|-------------|-----------|-----------|-------------|--------------|---------------|---------|------------|----------|----------------|
|--------|---------|---------|-----|----------|------|-------------|-----------|-----------|-------------|--------------|---------------|---------|------------|----------|----------------|

2024-04-07 01:24:21.722 [http-nio-80-exec-4] INFO 
				jdbc.resultsettable - 
|-------------------------------------------------------------|----------|
|password                                                     |active_yn |
|-------------------------------------------------------------|----------|
|$2a$10$bgHIooKN0pNyF0zIrNO.zu.ANT/mqKA5j6v5WednfqUo3nzn8mgky |y         |
|-------------------------------------------------------------|----------|

2024-04-07 01:24:24.590 [http-nio-80-exec-10] INFO 
				jdbc.resultsettable - 
|--------|---------|-------------------------------------------------------------|-----|----------|----------------|-------------|-----------|-----------|-------------|--------------|---------------|---------|------------|----------|----------------|
|user_id |nickname |password                                                     |name |active_yn |email           |phone_number |updated_at |created_at |road_address |jibun_address |namuji_address |zip_code |emailsts_yn |smssts_yn |personalinfo_yn |
|--------|---------|-------------------------------------------------------------|-----|----------|----------------|-------------|-----------|-----------|-------------|--------------|---------------|---------|------------|----------|----------------|
|test    |test     |$2a$10$bgHIooKN0pNyF0zIrNO.zu.ANT/mqKA5j6v5WednfqUo3nzn8mgky |test |y         |test@icloud.com |01012345678  |[unread]   |[unread]   |a            |a             |a              |a        |y           |n         |y               |
|--------|---------|-------------------------------------------------------------|-----|----------|----------------|-------------|-----------|-----------|-------------|--------------|---------------|---------|------------|----------|----------------|

2024-04-07 01:25:15.250 [http-nio-80-exec-4] INFO 
				jdbc.resultsettable - 
|-------------------------------------------------------------|----------|
|password                                                     |active_yn |
|-------------------------------------------------------------|----------|
|$2a$10$bgHIooKN0pNyF0zIrNO.zu.ANT/mqKA5j6v5WednfqUo3nzn8mgky |y         |
|-------------------------------------------------------------|----------|

2024-04-07 01:25:22.101 [http-nio-80-exec-1] INFO 
				jdbc.resultsettable - 
|-------------------------------------------------------------|----------|
|password                                                     |active_yn |
|-------------------------------------------------------------|----------|
|$2a$10$bgHIooKN0pNyF0zIrNO.zu.ANT/mqKA5j6v5WednfqUo3nzn8mgky |y         |
|-------------------------------------------------------------|----------|

2024-04-07 01:25:35.716 [http-nio-80-exec-3] INFO 
				jdbc.resultsettable - 
|-------------------------------------------------------------|----------|
|password                                                     |active_yn |
|-------------------------------------------------------------|----------|
|$2a$10$bgHIooKN0pNyF0zIrNO.zu.ANT/mqKA5j6v5WednfqUo3nzn8mgky |y         |
|-------------------------------------------------------------|----------|

2024-04-07 01:29:43.210 [http-nio-80-exec-3] INFO 
				jdbc.resultsettable - 
|-------------------------------------------------------------|----------|
|password                                                     |active_yn |
|-------------------------------------------------------------|----------|
|$2a$10$bgHIooKN0pNyF0zIrNO.zu.ANT/mqKA5j6v5WednfqUo3nzn8mgky |y         |
|-------------------------------------------------------------|----------|

2024-04-07 01:29:51.467 [http-nio-80-exec-8] INFO 
				jdbc.resultsettable - 
|-------------------------------------------------------------|----------|
|password                                                     |active_yn |
|-------------------------------------------------------------|----------|
|$2a$10$bgHIooKN0pNyF0zIrNO.zu.ANT/mqKA5j6v5WednfqUo3nzn8mgky |y         |
|-------------------------------------------------------------|----------|

2024-04-07 01:31:54.398 [http-nio-80-exec-2] INFO 
				jdbc.resultsettable - 
|-------------------------------------------------------------|----------|
|password                                                     |active_yn |
|-------------------------------------------------------------|----------|
|$2a$10$bgHIooKN0pNyF0zIrNO.zu.ANT/mqKA5j6v5WednfqUo3nzn8mgky |y         |
|-------------------------------------------------------------|----------|

2024-04-07 01:32:00.715 [http-nio-80-exec-6] INFO 
				jdbc.resultsettable - 
|-------------------------------------------------------------|----------|
|password                                                     |active_yn |
|-------------------------------------------------------------|----------|
|$2a$10$bgHIooKN0pNyF0zIrNO.zu.ANT/mqKA5j6v5WednfqUo3nzn8mgky |y         |
|-------------------------------------------------------------|----------|

2024-04-07 01:32:17.917 [http-nio-80-exec-4] INFO 
				jdbc.resultsettable - 
|-------------------------------------------------------------|----------|
|password                                                     |active_yn |
|-------------------------------------------------------------|----------|
|$2a$10$bgHIooKN0pNyF0zIrNO.zu.ANT/mqKA5j6v5WednfqUo3nzn8mgky |y         |
|-------------------------------------------------------------|----------|

2024-04-07 01:32:30.455 [http-nio-80-exec-2] INFO 
				jdbc.resultsettable - 
|-------------------------------------------------------------|----------|
|password                                                     |active_yn |
|-------------------------------------------------------------|----------|
|$2a$10$bgHIooKN0pNyF0zIrNO.zu.ANT/mqKA5j6v5WednfqUo3nzn8mgky |y         |
|-------------------------------------------------------------|----------|

2024-04-07 01:32:34.723 [http-nio-80-exec-5] INFO 
				jdbc.resultsettable - 
|-------------------------------------------------------------|----------|
|password                                                     |active_yn |
|-------------------------------------------------------------|----------|
|$2a$10$bgHIooKN0pNyF0zIrNO.zu.ANT/mqKA5j6v5WednfqUo3nzn8mgky |y         |
|-------------------------------------------------------------|----------|

2024-04-07 01:32:38.423 [http-nio-80-exec-3] INFO 
				jdbc.resultsettable - 
|-------------------------------------------------------------|----------|
|password                                                     |active_yn |
|-------------------------------------------------------------|----------|
|$2a$10$bgHIooKN0pNyF0zIrNO.zu.ANT/mqKA5j6v5WednfqUo3nzn8mgky |y         |
|-------------------------------------------------------------|----------|

2024-04-07 01:32:45.439 [http-nio-80-exec-1] INFO 
				jdbc.resultsettable - 
|-------------------------------------------------------------|----------|
|password                                                     |active_yn |
|-------------------------------------------------------------|----------|
|$2a$10$bgHIooKN0pNyF0zIrNO.zu.ANT/mqKA5j6v5WednfqUo3nzn8mgky |y         |
|-------------------------------------------------------------|----------|

2024-04-07 01:33:41.576 [http-nio-80-exec-1] INFO 
				jdbc.resultsettable - 
|---------|----------|
|password |active_yn |
|---------|----------|
|---------|----------|

2024-04-07 01:33:46.475 [http-nio-80-exec-2] INFO 
				jdbc.resultsettable - 
|---------|----------|
|password |active_yn |
|---------|----------|
|---------|----------|

2024-04-07 01:34:42.835 [http-nio-80-exec-4] INFO 
				jdbc.resultsettable - 
|---------|----------|
|password |active_yn |
|---------|----------|
|---------|----------|

2024-04-07 01:36:24.457 [http-nio-80-exec-3] INFO 
				jdbc.resultsettable - 
|-------------------------------------------------------------|----------|
|password                                                     |active_yn |
|-------------------------------------------------------------|----------|
|$2a$10$bgHIooKN0pNyF0zIrNO.zu.ANT/mqKA5j6v5WednfqUo3nzn8mgky |y         |
|-------------------------------------------------------------|----------|

2024-04-07 01:36:24.457 [http-nio-80-exec-4] INFO 
				jdbc.resultsettable - 
|-------------------------------------------------------------|----------|
|password                                                     |active_yn |
|-------------------------------------------------------------|----------|
|$2a$10$bgHIooKN0pNyF0zIrNO.zu.ANT/mqKA5j6v5WednfqUo3nzn8mgky |y         |
|-------------------------------------------------------------|----------|

2024-04-07 01:40:26.234 [http-nio-80-exec-5] INFO 
				jdbc.resultsettable - 
|-------------------------------------------------------------|----------|
|password                                                     |active_yn |
|-------------------------------------------------------------|----------|
|$2a$10$bgHIooKN0pNyF0zIrNO.zu.ANT/mqKA5j6v5WednfqUo3nzn8mgky |y         |
|-------------------------------------------------------------|----------|

2024-04-07 01:40:41.516 [http-nio-80-exec-9] INFO 
				jdbc.resultsettable - 
|-------------------------------------------------------------|----------|
|password                                                     |active_yn |
|-------------------------------------------------------------|----------|
|$2a$10$bgHIooKN0pNyF0zIrNO.zu.ANT/mqKA5j6v5WednfqUo3nzn8mgky |y         |
|-------------------------------------------------------------|----------|

2024-04-07 01:40:50.199 [http-nio-80-exec-3] INFO 
				jdbc.resultsettable - 
|-------------------------------------------------------------|----------|
|password                                                     |active_yn |
|-------------------------------------------------------------|----------|
|$2a$10$bgHIooKN0pNyF0zIrNO.zu.ANT/mqKA5j6v5WednfqUo3nzn8mgky |y         |
|-------------------------------------------------------------|----------|

2024-04-07 01:41:55.701 [http-nio-80-exec-1] INFO 
				jdbc.resultsettable - 
|-------------------------------------------------------------|----------|
|password                                                     |active_yn |
|-------------------------------------------------------------|----------|
|$2a$10$bgHIooKN0pNyF0zIrNO.zu.ANT/mqKA5j6v5WednfqUo3nzn8mgky |y         |
|-------------------------------------------------------------|----------|

2024-04-07 01:41:59.043 [http-nio-80-exec-9] INFO 
				jdbc.resultsettable - 
|-------------------------------------------------------------|----------|
|password                                                     |active_yn |
|-------------------------------------------------------------|----------|
|$2a$10$bgHIooKN0pNyF0zIrNO.zu.ANT/mqKA5j6v5WednfqUo3nzn8mgky |y         |
|-------------------------------------------------------------|----------|

2024-04-07 01:51:38.193 [http-nio-80-exec-10] INFO 
				jdbc.resultsettable - 
|-------------------------------------------------------------|----------|
|password                                                     |active_yn |
|-------------------------------------------------------------|----------|
|$2a$10$bgHIooKN0pNyF0zIrNO.zu.ANT/mqKA5j6v5WednfqUo3nzn8mgky |y         |
|-------------------------------------------------------------|----------|

2024-04-07 01:51:58.349 [http-nio-80-exec-3] INFO 
				jdbc.resultsettable - 
|-------------------------------------------------------------|----------|
|password                                                     |active_yn |
|-------------------------------------------------------------|----------|
|$2a$10$bgHIooKN0pNyF0zIrNO.zu.ANT/mqKA5j6v5WednfqUo3nzn8mgky |y         |
|-------------------------------------------------------------|----------|

2024-04-07 01:51:58.406 [http-nio-80-exec-2] INFO 
				jdbc.resultsettable - 
|-------------------------------------------------------------|----------|
|password                                                     |active_yn |
|-------------------------------------------------------------|----------|
|$2a$10$bgHIooKN0pNyF0zIrNO.zu.ANT/mqKA5j6v5WednfqUo3nzn8mgky |y         |
|-------------------------------------------------------------|----------|

2024-04-07 01:54:43.213 [http-nio-80-exec-6] INFO 
				jdbc.resultsettable - 
|-------------------------------------------------------------|----------|
|password                                                     |active_yn |
|-------------------------------------------------------------|----------|
|$2a$10$bgHIooKN0pNyF0zIrNO.zu.ANT/mqKA5j6v5WednfqUo3nzn8mgky |y         |
|-------------------------------------------------------------|----------|

2024-04-07 01:54:43.310 [http-nio-80-exec-9] INFO 
				jdbc.resultsettable - 
|-------------------------------------------------------------|----------|
|password                                                     |active_yn |
|-------------------------------------------------------------|----------|
|$2a$10$bgHIooKN0pNyF0zIrNO.zu.ANT/mqKA5j6v5WednfqUo3nzn8mgky |y         |
|-------------------------------------------------------------|----------|

2024-04-07 01:55:11.035 [http-nio-80-exec-4] INFO 
				jdbc.resultsettable - 
|-------------------------------------------------------------|----------|
|password                                                     |active_yn |
|-------------------------------------------------------------|----------|
|$2a$10$bgHIooKN0pNyF0zIrNO.zu.ANT/mqKA5j6v5WednfqUo3nzn8mgky |y         |
|-------------------------------------------------------------|----------|

2024-04-07 01:55:11.093 [http-nio-80-exec-2] INFO 
				jdbc.resultsettable - 
|-------------------------------------------------------------|----------|
|password                                                     |active_yn |
|-------------------------------------------------------------|----------|
|$2a$10$bgHIooKN0pNyF0zIrNO.zu.ANT/mqKA5j6v5WednfqUo3nzn8mgky |y         |
|-------------------------------------------------------------|----------|

2024-04-07 01:57:26.218 [http-nio-80-exec-7] INFO 
				jdbc.resultsettable - 
|-------------------------------------------------------------|----------|
|password                                                     |active_yn |
|-------------------------------------------------------------|----------|
|$2a$10$bgHIooKN0pNyF0zIrNO.zu.ANT/mqKA5j6v5WednfqUo3nzn8mgky |y         |
|-------------------------------------------------------------|----------|

2024-04-07 01:57:26.294 [http-nio-80-exec-5] INFO 
				jdbc.resultsettable - 
|-------------------------------------------------------------|----------|
|password                                                     |active_yn |
|-------------------------------------------------------------|----------|
|$2a$10$bgHIooKN0pNyF0zIrNO.zu.ANT/mqKA5j6v5WednfqUo3nzn8mgky |y         |
|-------------------------------------------------------------|----------|

2024-04-07 02:03:49.565 [http-nio-80-exec-5] INFO 
				jdbc.resultsettable - 
|-------------------------------------------------------------|----------|
|password                                                     |active_yn |
|-------------------------------------------------------------|----------|
|$2a$10$bgHIooKN0pNyF0zIrNO.zu.ANT/mqKA5j6v5WednfqUo3nzn8mgky |y         |
|-------------------------------------------------------------|----------|

2024-04-07 02:04:17.680 [http-nio-80-exec-1] INFO 
				jdbc.resultsettable - 
|-------------------------------------------------------------|----------|
|password                                                     |active_yn |
|-------------------------------------------------------------|----------|
|$2a$10$bgHIooKN0pNyF0zIrNO.zu.ANT/mqKA5j6v5WednfqUo3nzn8mgky |y         |
|-------------------------------------------------------------|----------|

2024-04-07 02:04:24.740 [http-nio-80-exec-6] INFO 
				jdbc.resultsettable - 
|-------------------------------------------------------------|----------|
|password                                                     |active_yn |
|-------------------------------------------------------------|----------|
|$2a$10$bgHIooKN0pNyF0zIrNO.zu.ANT/mqKA5j6v5WednfqUo3nzn8mgky |y         |
|-------------------------------------------------------------|----------|

2024-04-07 02:05:13.770 [http-nio-80-exec-9] INFO 
				jdbc.resultsettable - 
|-------------------------------------------------------------|----------|
|password                                                     |active_yn |
|-------------------------------------------------------------|----------|
|$2a$10$bgHIooKN0pNyF0zIrNO.zu.ANT/mqKA5j6v5WednfqUo3nzn8mgky |y         |
|-------------------------------------------------------------|----------|

2024-04-07 02:12:52.842 [http-nio-80-exec-3] INFO 
				jdbc.resultsettable - 
|-------------------------------------------------------------|----------|
|password                                                     |active_yn |
|-------------------------------------------------------------|----------|
|$2a$10$bgHIooKN0pNyF0zIrNO.zu.ANT/mqKA5j6v5WednfqUo3nzn8mgky |y         |
|-------------------------------------------------------------|----------|

2024-04-07 02:12:58.855 [http-nio-80-exec-4] INFO 
				jdbc.resultsettable - 
|-------------------------------------------------------------|----------|
|password                                                     |active_yn |
|-------------------------------------------------------------|----------|
|$2a$10$bgHIooKN0pNyF0zIrNO.zu.ANT/mqKA5j6v5WednfqUo3nzn8mgky |y         |
|-------------------------------------------------------------|----------|

2024-04-07 02:13:11.246 [http-nio-80-exec-9] INFO 
				jdbc.resultsettable - 
|-------------------------------------------------------------|----------|
|password                                                     |active_yn |
|-------------------------------------------------------------|----------|
|$2a$10$bgHIooKN0pNyF0zIrNO.zu.ANT/mqKA5j6v5WednfqUo3nzn8mgky |y         |
|-------------------------------------------------------------|----------|

2024-04-07 03:26:36.788 [http-nio-80-exec-7] INFO 
				jdbc.resultsettable - 
|-------------------------------------------------------------|----------|
|password                                                     |active_yn |
|-------------------------------------------------------------|----------|
|$2a$10$bgHIooKN0pNyF0zIrNO.zu.ANT/mqKA5j6v5WednfqUo3nzn8mgky |y         |
|-------------------------------------------------------------|----------|

2024-04-07 03:26:44.031 [http-nio-80-exec-2] INFO 
				jdbc.resultsettable - 
|--------|---------|-------------------------------------------------------------|-----|----------|----------------|-------------|-----------|-----------|-------------|--------------|---------------|---------|------------|----------|----------------|
|user_id |nickname |password                                                     |name |active_yn |email           |phone_number |updated_at |created_at |road_address |jibun_address |namuji_address |zip_code |emailsts_yn |smssts_yn |personalinfo_yn |
|--------|---------|-------------------------------------------------------------|-----|----------|----------------|-------------|-----------|-----------|-------------|--------------|---------------|---------|------------|----------|----------------|
|test    |test     |$2a$10$bgHIooKN0pNyF0zIrNO.zu.ANT/mqKA5j6v5WednfqUo3nzn8mgky |test |y         |test@icloud.com |01012345678  |[unread]   |[unread]   |a            |a             |a              |a        |y           |n         |y               |
|--------|---------|-------------------------------------------------------------|-----|----------|----------------|-------------|-----------|-----------|-------------|--------------|---------------|---------|------------|----------|----------------|

2024-04-07 03:30:05.507 [http-nio-80-exec-1] INFO 
				jdbc.resultsettable - 
|--------|---------|-------------------------------------------------------------|-----|----------|----------------|-------------|-----------|-----------|-------------|--------------|---------------|---------|------------|----------|----------------|
|user_id |nickname |password                                                     |name |active_yn |email           |phone_number |updated_at |created_at |road_address |jibun_address |namuji_address |zip_code |emailsts_yn |smssts_yn |personalinfo_yn |
|--------|---------|-------------------------------------------------------------|-----|----------|----------------|-------------|-----------|-----------|-------------|--------------|---------------|---------|------------|----------|----------------|
|test    |test     |$2a$10$bgHIooKN0pNyF0zIrNO.zu.ANT/mqKA5j6v5WednfqUo3nzn8mgky |test |y         |test@icloud.com |01012345678  |[unread]   |[unread]   |a            |a             |a              |a        |y           |n         |y               |
|--------|---------|-------------------------------------------------------------|-----|----------|----------------|-------------|-----------|-----------|-------------|--------------|---------------|---------|------------|----------|----------------|

2024-04-07 03:30:12.492 [http-nio-80-exec-1] INFO 
				jdbc.resultsettable - 
|--------|---------|-------------------------------------------------------------|-----|----------|----------------|-------------|-----------|-----------|-------------|--------------|---------------|---------|------------|----------|----------------|
|user_id |nickname |password                                                     |name |active_yn |email           |phone_number |updated_at |created_at |road_address |jibun_address |namuji_address |zip_code |emailsts_yn |smssts_yn |personalinfo_yn |
|--------|---------|-------------------------------------------------------------|-----|----------|----------------|-------------|-----------|-----------|-------------|--------------|---------------|---------|------------|----------|----------------|
|test    |test     |$2a$10$bgHIooKN0pNyF0zIrNO.zu.ANT/mqKA5j6v5WednfqUo3nzn8mgky |test |y         |test@icloud.com |01012345678  |[unread]   |[unread]   |a            |a             |a              |a        |y           |n         |y               |
|--------|---------|-------------------------------------------------------------|-----|----------|----------------|-------------|-----------|-----------|-------------|--------------|---------------|---------|------------|----------|----------------|

2024-04-07 03:31:12.172 [http-nio-80-exec-5] INFO 
				jdbc.resultsettable - 
|--------|---------|-------------------------------------------------------------|-----|----------|----------------|-------------|-----------|-----------|-------------|--------------|---------------|---------|------------|----------|----------------|
|user_id |nickname |password                                                     |name |active_yn |email           |phone_number |updated_at |created_at |road_address |jibun_address |namuji_address |zip_code |emailsts_yn |smssts_yn |personalinfo_yn |
|--------|---------|-------------------------------------------------------------|-----|----------|----------------|-------------|-----------|-----------|-------------|--------------|---------------|---------|------------|----------|----------------|
|test    |test     |$2a$10$bgHIooKN0pNyF0zIrNO.zu.ANT/mqKA5j6v5WednfqUo3nzn8mgky |test |y         |test@icloud.com |01012345678  |[unread]   |[unread]   |a            |a             |a              |a        |y           |n         |y               |
|--------|---------|-------------------------------------------------------------|-----|----------|----------------|-------------|-----------|-----------|-------------|--------------|---------------|---------|------------|----------|----------------|

2024-04-07 03:31:16.626 [http-nio-80-exec-1] INFO 
				jdbc.resultsettable - 
|--------|---------|-------------------------------------------------------------|-----|----------|----------------|-------------|-----------|-----------|-------------|--------------|---------------|---------|------------|----------|----------------|
|user_id |nickname |password                                                     |name |active_yn |email           |phone_number |updated_at |created_at |road_address |jibun_address |namuji_address |zip_code |emailsts_yn |smssts_yn |personalinfo_yn |
|--------|---------|-------------------------------------------------------------|-----|----------|----------------|-------------|-----------|-----------|-------------|--------------|---------------|---------|------------|----------|----------------|
|test    |test     |$2a$10$bgHIooKN0pNyF0zIrNO.zu.ANT/mqKA5j6v5WednfqUo3nzn8mgky |test |y         |test@icloud.com |01012345678  |[unread]   |[unread]   |a            |a             |a              |a        |y           |n         |y               |
|--------|---------|-------------------------------------------------------------|-----|----------|----------------|-------------|-----------|-----------|-------------|--------------|---------------|---------|------------|----------|----------------|

2024-04-07 03:31:20.733 [http-nio-80-exec-6] INFO 
				jdbc.resultsettable - 
|--------|---------|-------------------------------------------------------------|-----|----------|----------------|-------------|-----------|-----------|-------------|--------------|---------------|---------|------------|----------|----------------|
|user_id |nickname |password                                                     |name |active_yn |email           |phone_number |updated_at |created_at |road_address |jibun_address |namuji_address |zip_code |emailsts_yn |smssts_yn |personalinfo_yn |
|--------|---------|-------------------------------------------------------------|-----|----------|----------------|-------------|-----------|-----------|-------------|--------------|---------------|---------|------------|----------|----------------|
|test    |test     |$2a$10$bgHIooKN0pNyF0zIrNO.zu.ANT/mqKA5j6v5WednfqUo3nzn8mgky |test |y         |test@icloud.com |01012345678  |[unread]   |[unread]   |a            |a             |a              |a        |y           |n         |y               |
|--------|---------|-------------------------------------------------------------|-----|----------|----------------|-------------|-----------|-----------|-------------|--------------|---------------|---------|------------|----------|----------------|

2024-04-07 03:32:40.065 [http-nio-80-exec-5] INFO 
				jdbc.resultsettable - 
|--------|---------|-------------------------------------------------------------|-----|----------|----------------|-------------|-----------|-----------|-------------|--------------|---------------|---------|------------|----------|----------------|
|user_id |nickname |password                                                     |name |active_yn |email           |phone_number |updated_at |created_at |road_address |jibun_address |namuji_address |zip_code |emailsts_yn |smssts_yn |personalinfo_yn |
|--------|---------|-------------------------------------------------------------|-----|----------|----------------|-------------|-----------|-----------|-------------|--------------|---------------|---------|------------|----------|----------------|
|test    |test     |$2a$10$bgHIooKN0pNyF0zIrNO.zu.ANT/mqKA5j6v5WednfqUo3nzn8mgky |test |y         |test@icloud.com |01012345678  |[unread]   |[unread]   |a            |a             |a              |a        |y           |n         |y               |
|--------|---------|-------------------------------------------------------------|-----|----------|----------------|-------------|-----------|-----------|-------------|--------------|---------------|---------|------------|----------|----------------|

2024-04-07 03:34:22.035 [http-nio-80-exec-3] INFO 
				jdbc.resultsettable - 
|--------|---------|-------------------------------------------------------------|-----|----------|----------------|-------------|-----------|-----------|-------------|--------------|---------------|---------|------------|----------|----------------|
|user_id |nickname |password                                                     |name |active_yn |email           |phone_number |updated_at |created_at |road_address |jibun_address |namuji_address |zip_code |emailsts_yn |smssts_yn |personalinfo_yn |
|--------|---------|-------------------------------------------------------------|-----|----------|----------------|-------------|-----------|-----------|-------------|--------------|---------------|---------|------------|----------|----------------|
|test    |test     |$2a$10$bgHIooKN0pNyF0zIrNO.zu.ANT/mqKA5j6v5WednfqUo3nzn8mgky |test |y         |test@icloud.com |01012345678  |[unread]   |[unread]   |a            |a             |a              |a        |y           |n         |y               |
|--------|---------|-------------------------------------------------------------|-----|----------|----------------|-------------|-----------|-----------|-------------|--------------|---------------|---------|------------|----------|----------------|

2024-04-07 11:50:17.386 [http-nio-80-exec-10] INFO 
				jdbc.resultsettable - 
|-------------------------------------------------------------|----------|
|password                                                     |active_yn |
|-------------------------------------------------------------|----------|
|$2a$10$bgHIooKN0pNyF0zIrNO.zu.ANT/mqKA5j6v5WednfqUo3nzn8mgky |y         |
|-------------------------------------------------------------|----------|

2024-04-07 11:50:17.386 [http-nio-80-exec-7] INFO 
				jdbc.resultsettable - 
|-------------------------------------------------------------|----------|
|password                                                     |active_yn |
|-------------------------------------------------------------|----------|
|$2a$10$bgHIooKN0pNyF0zIrNO.zu.ANT/mqKA5j6v5WednfqUo3nzn8mgky |y         |
|-------------------------------------------------------------|----------|

2024-04-07 11:50:27.130 [http-nio-80-exec-9] INFO 
				jdbc.resultsettable - 
|-------------------------------------------------------------|----------|
|password                                                     |active_yn |
|-------------------------------------------------------------|----------|
|$2a$10$bgHIooKN0pNyF0zIrNO.zu.ANT/mqKA5j6v5WednfqUo3nzn8mgky |y         |
|-------------------------------------------------------------|----------|

2024-04-07 11:50:27.259 [http-nio-80-exec-4] INFO 
				jdbc.resultsettable - 
|-------------------------------------------------------------|----------|
|password                                                     |active_yn |
|-------------------------------------------------------------|----------|
|$2a$10$bgHIooKN0pNyF0zIrNO.zu.ANT/mqKA5j6v5WednfqUo3nzn8mgky |y         |
|-------------------------------------------------------------|----------|

2024-04-07 11:50:27.275 [http-nio-80-exec-6] INFO 
				jdbc.resultsettable - 
|-------------------------------------------------------------|----------|
|password                                                     |active_yn |
|-------------------------------------------------------------|----------|
|$2a$10$bgHIooKN0pNyF0zIrNO.zu.ANT/mqKA5j6v5WednfqUo3nzn8mgky |y         |
|-------------------------------------------------------------|----------|

2024-04-07 11:50:49.754 [http-nio-80-exec-3] INFO 
				jdbc.resultsettable - 
|-------------------------------------------------------------|----------|
|password                                                     |active_yn |
|-------------------------------------------------------------|----------|
|$2a$10$bgHIooKN0pNyF0zIrNO.zu.ANT/mqKA5j6v5WednfqUo3nzn8mgky |y         |
|-------------------------------------------------------------|----------|

2024-04-07 11:50:49.868 [http-nio-80-exec-8] INFO 
				jdbc.resultsettable - 
|-------------------------------------------------------------|----------|
|password                                                     |active_yn |
|-------------------------------------------------------------|----------|
|$2a$10$bgHIooKN0pNyF0zIrNO.zu.ANT/mqKA5j6v5WednfqUo3nzn8mgky |y         |
|-------------------------------------------------------------|----------|

2024-04-07 11:51:07.445 [http-nio-80-exec-1] INFO 
				jdbc.resultsettable - 
|-------------------------------------------------------------|----------|
|password                                                     |active_yn |
|-------------------------------------------------------------|----------|
|$2a$10$bgHIooKN0pNyF0zIrNO.zu.ANT/mqKA5j6v5WednfqUo3nzn8mgky |y         |
|-------------------------------------------------------------|----------|

2024-04-07 11:51:33.733 [http-nio-80-exec-1] INFO 
				jdbc.resultsettable - 
|-------------------------------------------------------------|----------|
|password                                                     |active_yn |
|-------------------------------------------------------------|----------|
|$2a$10$bgHIooKN0pNyF0zIrNO.zu.ANT/mqKA5j6v5WednfqUo3nzn8mgky |y         |
|-------------------------------------------------------------|----------|

2024-04-07 11:51:40.882 [http-nio-80-exec-5] INFO 
				jdbc.resultsettable - 
|-------------------------------------------------------------|----------|
|password                                                     |active_yn |
|-------------------------------------------------------------|----------|
|$2a$10$bgHIooKN0pNyF0zIrNO.zu.ANT/mqKA5j6v5WednfqUo3nzn8mgky |y         |
|-------------------------------------------------------------|----------|

2024-04-07 11:51:59.821 [http-nio-80-exec-2] INFO 
				jdbc.resultsettable - 
|-------------------------------------------------------------|----------|
|password                                                     |active_yn |
|-------------------------------------------------------------|----------|
|$2a$10$bgHIooKN0pNyF0zIrNO.zu.ANT/mqKA5j6v5WednfqUo3nzn8mgky |y         |
|-------------------------------------------------------------|----------|

2024-04-07 11:52:29.464 [http-nio-80-exec-1] INFO 
				jdbc.resultsettable - 
|-------------------------------------------------------------|----------|
|password                                                     |active_yn |
|-------------------------------------------------------------|----------|
|$2a$10$bgHIooKN0pNyF0zIrNO.zu.ANT/mqKA5j6v5WednfqUo3nzn8mgky |y         |
|-------------------------------------------------------------|----------|

2024-04-07 11:54:40.643 [http-nio-80-exec-1] INFO 
				jdbc.resultsettable - 
|-------------------------------------------------------------|----------|
|password                                                     |active_yn |
|-------------------------------------------------------------|----------|
|$2a$10$bgHIooKN0pNyF0zIrNO.zu.ANT/mqKA5j6v5WednfqUo3nzn8mgky |y         |
|-------------------------------------------------------------|----------|

2024-04-07 11:54:40.764 [http-nio-80-exec-2] INFO 
				jdbc.resultsettable - 
|-------------------------------------------------------------|----------|
|password                                                     |active_yn |
|-------------------------------------------------------------|----------|
|$2a$10$bgHIooKN0pNyF0zIrNO.zu.ANT/mqKA5j6v5WednfqUo3nzn8mgky |y         |
|-------------------------------------------------------------|----------|

2024-04-07 11:54:40.836 [http-nio-80-exec-5] INFO 
				jdbc.resultsettable - 
|-------------------------------------------------------------|----------|
|password                                                     |active_yn |
|-------------------------------------------------------------|----------|
|$2a$10$bgHIooKN0pNyF0zIrNO.zu.ANT/mqKA5j6v5WednfqUo3nzn8mgky |y         |
|-------------------------------------------------------------|----------|

2024-04-07 11:54:56.751 [http-nio-80-exec-3] INFO 
				jdbc.resultsettable - 
|-------------------------------------------------------------|----------|
|password                                                     |active_yn |
|-------------------------------------------------------------|----------|
|$2a$10$bgHIooKN0pNyF0zIrNO.zu.ANT/mqKA5j6v5WednfqUo3nzn8mgky |y         |
|-------------------------------------------------------------|----------|

2024-04-07 11:55:01.826 [http-nio-80-exec-6] INFO 
				jdbc.resultsettable - 
|-------------------------------------------------------------|----------|
|password                                                     |active_yn |
|-------------------------------------------------------------|----------|
|$2a$10$bgHIooKN0pNyF0zIrNO.zu.ANT/mqKA5j6v5WednfqUo3nzn8mgky |y         |
|-------------------------------------------------------------|----------|

2024-04-07 11:55:04.735 [http-nio-80-exec-9] INFO 
				jdbc.resultsettable - 
|-------------------------------------------------------------|----------|
|password                                                     |active_yn |
|-------------------------------------------------------------|----------|
|$2a$10$bgHIooKN0pNyF0zIrNO.zu.ANT/mqKA5j6v5WednfqUo3nzn8mgky |y         |
|-------------------------------------------------------------|----------|

2024-04-07 11:55:10.529 [http-nio-80-exec-3] INFO 
				jdbc.resultsettable - 
|--------|---------|-------------------------------------------------------------|-----|----------|----------------|-------------|-----------|-----------|-------------|--------------|---------------|---------|------------|----------|----------------|
|user_id |nickname |password                                                     |name |active_yn |email           |phone_number |updated_at |created_at |road_address |jibun_address |namuji_address |zip_code |emailsts_yn |smssts_yn |personalinfo_yn |
|--------|---------|-------------------------------------------------------------|-----|----------|----------------|-------------|-----------|-----------|-------------|--------------|---------------|---------|------------|----------|----------------|
|test    |test     |$2a$10$bgHIooKN0pNyF0zIrNO.zu.ANT/mqKA5j6v5WednfqUo3nzn8mgky |test |y         |test@icloud.com |01012345678  |[unread]   |[unread]   |a            |a             |a              |a        |y           |n         |y               |
|--------|---------|-------------------------------------------------------------|-----|----------|----------------|-------------|-----------|-----------|-------------|--------------|---------------|---------|------------|----------|----------------|

2024-04-07 11:55:57.420 [http-nio-80-exec-1] INFO 
				jdbc.resultsettable - 
|--------|---------|-------------------------------------------------------------|-----|----------|----------------|-------------|-----------|-----------|-------------|--------------|---------------|---------|------------|----------|----------------|
|user_id |nickname |password                                                     |name |active_yn |email           |phone_number |updated_at |created_at |road_address |jibun_address |namuji_address |zip_code |emailsts_yn |smssts_yn |personalinfo_yn |
|--------|---------|-------------------------------------------------------------|-----|----------|----------------|-------------|-----------|-----------|-------------|--------------|---------------|---------|------------|----------|----------------|
|test    |test     |$2a$10$bgHIooKN0pNyF0zIrNO.zu.ANT/mqKA5j6v5WednfqUo3nzn8mgky |test |y         |test@icloud.com |01012345678  |[unread]   |[unread]   |a            |a             |a              |a        |y           |n         |y               |
|--------|---------|-------------------------------------------------------------|-----|----------|----------------|-------------|-----------|-----------|-------------|--------------|---------------|---------|------------|----------|----------------|

2024-04-07 11:55:58.370 [http-nio-80-exec-2] INFO 
				jdbc.resultsettable - 
|--------|---------|-------------------------------------------------------------|-----|----------|----------------|-------------|-----------|-----------|-------------|--------------|---------------|---------|------------|----------|----------------|
|user_id |nickname |password                                                     |name |active_yn |email           |phone_number |updated_at |created_at |road_address |jibun_address |namuji_address |zip_code |emailsts_yn |smssts_yn |personalinfo_yn |
|--------|---------|-------------------------------------------------------------|-----|----------|----------------|-------------|-----------|-----------|-------------|--------------|---------------|---------|------------|----------|----------------|
|test    |test     |$2a$10$bgHIooKN0pNyF0zIrNO.zu.ANT/mqKA5j6v5WednfqUo3nzn8mgky |test |y         |test@icloud.com |01012345678  |[unread]   |[unread]   |a            |a             |a              |a        |y           |n         |y               |
|--------|---------|-------------------------------------------------------------|-----|----------|----------------|-------------|-----------|-----------|-------------|--------------|---------------|---------|------------|----------|----------------|

2024-04-07 11:55:58.516 [http-nio-80-exec-6] INFO 
				jdbc.resultsettable - 
|--------|---------|-------------------------------------------------------------|-----|----------|----------------|-------------|-----------|-----------|-------------|--------------|---------------|---------|------------|----------|----------------|
|user_id |nickname |password                                                     |name |active_yn |email           |phone_number |updated_at |created_at |road_address |jibun_address |namuji_address |zip_code |emailsts_yn |smssts_yn |personalinfo_yn |
|--------|---------|-------------------------------------------------------------|-----|----------|----------------|-------------|-----------|-----------|-------------|--------------|---------------|---------|------------|----------|----------------|
|test    |test     |$2a$10$bgHIooKN0pNyF0zIrNO.zu.ANT/mqKA5j6v5WednfqUo3nzn8mgky |test |y         |test@icloud.com |01012345678  |[unread]   |[unread]   |a            |a             |a              |a        |y           |n         |y               |
|--------|---------|-------------------------------------------------------------|-----|----------|----------------|-------------|-----------|-----------|-------------|--------------|---------------|---------|------------|----------|----------------|

2024-04-07 11:56:23.155 [http-nio-80-exec-3] INFO 
				jdbc.resultsettable - 
|--------|---------|-------------------------------------------------------------|-----|----------|----------------|-------------|-----------|-----------|-------------|--------------|---------------|---------|------------|----------|----------------|
|user_id |nickname |password                                                     |name |active_yn |email           |phone_number |updated_at |created_at |road_address |jibun_address |namuji_address |zip_code |emailsts_yn |smssts_yn |personalinfo_yn |
|--------|---------|-------------------------------------------------------------|-----|----------|----------------|-------------|-----------|-----------|-------------|--------------|---------------|---------|------------|----------|----------------|
|test    |test     |$2a$10$bgHIooKN0pNyF0zIrNO.zu.ANT/mqKA5j6v5WednfqUo3nzn8mgky |test |y         |test@icloud.com |01012345678  |[unread]   |[unread]   |a            |a             |a              |a        |y           |n         |y               |
|--------|---------|-------------------------------------------------------------|-----|----------|----------------|-------------|-----------|-----------|-------------|--------------|---------------|---------|------------|----------|----------------|

2024-04-07 11:56:23.774 [http-nio-80-exec-5] INFO 
				jdbc.resultsettable - 
|--------|---------|-------------------------------------------------------------|-----|----------|----------------|-------------|-----------|-----------|-------------|--------------|---------------|---------|------------|----------|----------------|
|user_id |nickname |password                                                     |name |active_yn |email           |phone_number |updated_at |created_at |road_address |jibun_address |namuji_address |zip_code |emailsts_yn |smssts_yn |personalinfo_yn |
|--------|---------|-------------------------------------------------------------|-----|----------|----------------|-------------|-----------|-----------|-------------|--------------|---------------|---------|------------|----------|----------------|
|test    |test     |$2a$10$bgHIooKN0pNyF0zIrNO.zu.ANT/mqKA5j6v5WednfqUo3nzn8mgky |test |y         |test@icloud.com |01012345678  |[unread]   |[unread]   |a            |a             |a              |a        |y           |n         |y               |
|--------|---------|-------------------------------------------------------------|-----|----------|----------------|-------------|-----------|-----------|-------------|--------------|---------------|---------|------------|----------|----------------|

2024-04-07 13:13:57.579 [http-nio-80-exec-1] INFO 
				jdbc.resultsettable - 
|--------|---------|---------|-----|----------|------|-------------|-----------|-----------|-------------|--------------|---------------|---------|------------|----------|----------------|
|user_id |nickname |password |name |active_yn |email |phone_number |updated_at |created_at |road_address |jibun_address |namuji_address |zip_code |emailsts_yn |smssts_yn |personalinfo_yn |
|--------|---------|---------|-----|----------|------|-------------|-----------|-----------|-------------|--------------|---------------|---------|------------|----------|----------------|
|--------|---------|---------|-----|----------|------|-------------|-----------|-----------|-------------|--------------|---------------|---------|------------|----------|----------------|

2024-04-07 13:14:13.551 [http-nio-80-exec-10] INFO 
				jdbc.resultsettable - 
|-------------------------------------------------------------|----------|
|password                                                     |active_yn |
|-------------------------------------------------------------|----------|
|$2a$10$bgHIooKN0pNyF0zIrNO.zu.ANT/mqKA5j6v5WednfqUo3nzn8mgky |y         |
|-------------------------------------------------------------|----------|

2024-04-07 13:14:16.232 [http-nio-80-exec-4] INFO 
				jdbc.resultsettable - 
|--------|---------|-------------------------------------------------------------|-----|----------|----------------|-------------|-----------|-----------|-------------|--------------|---------------|---------|------------|----------|----------------|
|user_id |nickname |password                                                     |name |active_yn |email           |phone_number |updated_at |created_at |road_address |jibun_address |namuji_address |zip_code |emailsts_yn |smssts_yn |personalinfo_yn |
|--------|---------|-------------------------------------------------------------|-----|----------|----------------|-------------|-----------|-----------|-------------|--------------|---------------|---------|------------|----------|----------------|
|test    |test     |$2a$10$bgHIooKN0pNyF0zIrNO.zu.ANT/mqKA5j6v5WednfqUo3nzn8mgky |test |y         |test@icloud.com |01012345678  |[unread]   |[unread]   |a            |a             |a              |a        |y           |n         |y               |
|--------|---------|-------------------------------------------------------------|-----|----------|----------------|-------------|-----------|-----------|-------------|--------------|---------------|---------|------------|----------|----------------|

2024-04-07 13:17:50.416 [http-nio-80-exec-1] INFO 
				jdbc.resultsettable - 
|--------|---------|-------------------------------------------------------------|-----|----------|----------------|-------------|-----------|-----------|-------------|--------------|---------------|---------|------------|----------|----------------|
|user_id |nickname |password                                                     |name |active_yn |email           |phone_number |updated_at |created_at |road_address |jibun_address |namuji_address |zip_code |emailsts_yn |smssts_yn |personalinfo_yn |
|--------|---------|-------------------------------------------------------------|-----|----------|----------------|-------------|-----------|-----------|-------------|--------------|---------------|---------|------------|----------|----------------|
|test    |test     |$2a$10$bgHIooKN0pNyF0zIrNO.zu.ANT/mqKA5j6v5WednfqUo3nzn8mgky |test |y         |test@icloud.com |01012345678  |[unread]   |[unread]   |a            |a             |a              |a        |y           |n         |y               |
|--------|---------|-------------------------------------------------------------|-----|----------|----------------|-------------|-----------|-----------|-------------|--------------|---------------|---------|------------|----------|----------------|

2024-04-07 13:19:19.590 [http-nio-80-exec-5] INFO 
				jdbc.resultsettable - 
|--------|---------|-------------------------------------------------------------|-----|----------|----------------|-------------|-----------|-----------|-------------|--------------|---------------|---------|------------|----------|----------------|
|user_id |nickname |password                                                     |name |active_yn |email           |phone_number |updated_at |created_at |road_address |jibun_address |namuji_address |zip_code |emailsts_yn |smssts_yn |personalinfo_yn |
|--------|---------|-------------------------------------------------------------|-----|----------|----------------|-------------|-----------|-----------|-------------|--------------|---------------|---------|------------|----------|----------------|
|test    |test     |$2a$10$bgHIooKN0pNyF0zIrNO.zu.ANT/mqKA5j6v5WednfqUo3nzn8mgky |test |y         |test@icloud.com |01012345678  |[unread]   |[unread]   |a            |a             |a              |a        |y           |n         |y               |
|--------|---------|-------------------------------------------------------------|-----|----------|----------------|-------------|-----------|-----------|-------------|--------------|---------------|---------|------------|----------|----------------|

2024-04-07 13:19:20.254 [http-nio-80-exec-7] INFO 
				jdbc.resultsettable - 
|--------|---------|-------------------------------------------------------------|-----|----------|----------------|-------------|-----------|-----------|-------------|--------------|---------------|---------|------------|----------|----------------|
|user_id |nickname |password                                                     |name |active_yn |email           |phone_number |updated_at |created_at |road_address |jibun_address |namuji_address |zip_code |emailsts_yn |smssts_yn |personalinfo_yn |
|--------|---------|-------------------------------------------------------------|-----|----------|----------------|-------------|-----------|-----------|-------------|--------------|---------------|---------|------------|----------|----------------|
|test    |test     |$2a$10$bgHIooKN0pNyF0zIrNO.zu.ANT/mqKA5j6v5WednfqUo3nzn8mgky |test |y         |test@icloud.com |01012345678  |[unread]   |[unread]   |a            |a             |a              |a        |y           |n         |y               |
|--------|---------|-------------------------------------------------------------|-----|----------|----------------|-------------|-----------|-----------|-------------|--------------|---------------|---------|------------|----------|----------------|

2024-04-07 13:19:20.431 [http-nio-80-exec-8] INFO 
				jdbc.resultsettable - 
|--------|---------|-------------------------------------------------------------|-----|----------|----------------|-------------|-----------|-----------|-------------|--------------|---------------|---------|------------|----------|----------------|
|user_id |nickname |password                                                     |name |active_yn |email           |phone_number |updated_at |created_at |road_address |jibun_address |namuji_address |zip_code |emailsts_yn |smssts_yn |personalinfo_yn |
|--------|---------|-------------------------------------------------------------|-----|----------|----------------|-------------|-----------|-----------|-------------|--------------|---------------|---------|------------|----------|----------------|
|test    |test     |$2a$10$bgHIooKN0pNyF0zIrNO.zu.ANT/mqKA5j6v5WednfqUo3nzn8mgky |test |y         |test@icloud.com |01012345678  |[unread]   |[unread]   |a            |a             |a              |a        |y           |n         |y               |
|--------|---------|-------------------------------------------------------------|-----|----------|----------------|-------------|-----------|-----------|-------------|--------------|---------------|---------|------------|----------|----------------|

2024-04-07 19:15:12.932 [http-nio-80-exec-2] INFO 
				jdbc.resultsettable - 
|--------|
|user_id |
|--------|
|--------|

2024-04-07 19:15:53.603 [http-nio-80-exec-7] INFO 
				jdbc.resultsettable - 
|-------------------------------------------------------------|----------|
|password                                                     |active_yn |
|-------------------------------------------------------------|----------|
|$2a$10$FnQl1AuSgv.MO2OFX1gcguwjU24/WnQg7VwBmK8PkyWstWDctwAWG |y         |
|-------------------------------------------------------------|----------|

2024-04-07 19:16:26.032 [http-nio-80-exec-10] INFO 
				jdbc.resultsettable - 
|-----------|
|max_img_id |
|-----------|
|[null]     |
|-----------|

2024-04-07 19:19:48.861 [http-nio-80-exec-7] INFO 
				jdbc.resultsettable - 
|-----------|
|max_img_id |
|-----------|
|[null]     |
|-----------|

2024-04-07 19:24:33.226 [http-nio-80-exec-3] INFO 
				jdbc.resultsettable - 
|-------------------------------------------------------------|----------|
|password                                                     |active_yn |
|-------------------------------------------------------------|----------|
|$2a$10$FnQl1AuSgv.MO2OFX1gcguwjU24/WnQg7VwBmK8PkyWstWDctwAWG |y         |
|-------------------------------------------------------------|----------|

2024-04-07 19:25:01.994 [http-nio-80-exec-4] INFO 
				jdbc.resultsettable - 
|-----------|
|max_img_id |
|-----------|
|[null]     |
|-----------|

2024-04-07 19:30:11.587 [http-nio-80-exec-10] INFO 
				jdbc.resultsettable - 
|-----------|
|max_img_id |
|-----------|
|[null]     |
|-----------|

2024-04-07 19:47:50.148 [http-nio-80-exec-2] INFO 
				jdbc.resultsettable - 
|-------------------------------------------------------------|----------|
|password                                                     |active_yn |
|-------------------------------------------------------------|----------|
|$2a$10$FnQl1AuSgv.MO2OFX1gcguwjU24/WnQg7VwBmK8PkyWstWDctwAWG |y         |
|-------------------------------------------------------------|----------|

2024-04-07 20:01:35.583 [http-nio-80-exec-4] INFO 
				jdbc.resultsettable - 
|-----------|
|max_img_id |
|-----------|
|[null]     |
|-----------|

2024-04-07 22:03:05.678 [http-nio-80-exec-3] INFO 
				jdbc.resultsettable - 
|-------------------------------------------------------------|----------|
|password                                                     |active_yn |
|-------------------------------------------------------------|----------|
|$2a$10$FnQl1AuSgv.MO2OFX1gcguwjU24/WnQg7VwBmK8PkyWstWDctwAWG |y         |
|-------------------------------------------------------------|----------|

2024-04-07 22:09:04.639 [http-nio-80-exec-3] INFO 
				jdbc.resultsettable - 
|-----------|
|max_img_id |
|-----------|
|[null]     |
|-----------|

2024-04-07 22:10:47.517 [http-nio-80-exec-6] INFO 
				jdbc.resultsettable - 
|-------------------------------------------------------------|----------|
|password                                                     |active_yn |
|-------------------------------------------------------------|----------|
|$2a$10$FnQl1AuSgv.MO2OFX1gcguwjU24/WnQg7VwBmK8PkyWstWDctwAWG |y         |
|-------------------------------------------------------------|----------|

2024-04-07 22:11:00.974 [http-nio-80-exec-7] INFO 
				jdbc.resultsettable - 
|-----------|
|max_img_id |
|-----------|
|[null]     |
|-----------|

2024-04-07 22:14:23.116 [http-nio-80-exec-10] INFO 
				jdbc.resultsettable - 
|-------------------------------------------------------------|----------|
|password                                                     |active_yn |
|-------------------------------------------------------------|----------|
|$2a$10$FnQl1AuSgv.MO2OFX1gcguwjU24/WnQg7VwBmK8PkyWstWDctwAWG |y         |
|-------------------------------------------------------------|----------|

2024-04-07 22:14:39.277 [http-nio-80-exec-8] INFO 
				jdbc.resultsettable - 
|-------|
|imgid  |
|-------|
|[null] |
|-------|

2024-04-07 22:15:35.797 [http-nio-80-exec-2] INFO 
				jdbc.resultsettable - 
|-------|
|imgid  |
|-------|
|[null] |
|-------|

2024-04-07 22:18:53.865 [http-nio-80-exec-1] INFO 
				jdbc.resultsettable - 
|-------|
|imgid  |
|-------|
|[null] |
|-------|

2024-04-07 22:20:39.467 [http-nio-80-exec-8] INFO 
				jdbc.resultsettable - 
|---------|----------|
|password |active_yn |
|---------|----------|
|---------|----------|

2024-04-07 22:20:46.845 [http-nio-80-exec-2] INFO 
				jdbc.resultsettable - 
|-------------------------------------------------------------|----------|
|password                                                     |active_yn |
|-------------------------------------------------------------|----------|
|$2a$10$FnQl1AuSgv.MO2OFX1gcguwjU24/WnQg7VwBmK8PkyWstWDctwAWG |y         |
|-------------------------------------------------------------|----------|

2024-04-07 22:30:18.265 [http-nio-80-exec-7] INFO 
				jdbc.resultsettable - 
|---------|----------|
|password |active_yn |
|---------|----------|
|---------|----------|

2024-04-07 22:30:24.547 [http-nio-80-exec-4] INFO 
				jdbc.resultsettable - 
|-------------------------------------------------------------|----------|
|password                                                     |active_yn |
|-------------------------------------------------------------|----------|
|$2a$10$FnQl1AuSgv.MO2OFX1gcguwjU24/WnQg7VwBmK8PkyWstWDctwAWG |y         |
|-------------------------------------------------------------|----------|

2024-04-07 22:31:14.695 [http-nio-80-exec-4] INFO 
				jdbc.resultsettable - 
|-------|
|img_id |
|-------|
|1      |
|-------|

2024-04-07 22:32:11.683 [http-nio-80-exec-2] INFO 
				jdbc.resultsettable - 
|---------|----------|
|password |active_yn |
|---------|----------|
|---------|----------|

2024-04-07 22:32:19.651 [http-nio-80-exec-4] INFO 
				jdbc.resultsettable - 
|-------------------------------------------------------------|----------|
|password                                                     |active_yn |
|-------------------------------------------------------------|----------|
|$2a$10$FnQl1AuSgv.MO2OFX1gcguwjU24/WnQg7VwBmK8PkyWstWDctwAWG |y         |
|-------------------------------------------------------------|----------|

2024-04-07 22:32:30.779 [http-nio-80-exec-4] INFO 
				jdbc.resultsettable - 
|-------|
|img_id |
|-------|
|[null] |
|-------|

2024-04-07 22:41:04.287 [http-nio-80-exec-6] INFO 
				jdbc.resultsettable - 
|-------------------------------------------------------------|----------|
|password                                                     |active_yn |
|-------------------------------------------------------------|----------|
|$2a$10$FnQl1AuSgv.MO2OFX1gcguwjU24/WnQg7VwBmK8PkyWstWDctwAWG |y         |
|-------------------------------------------------------------|----------|

2024-04-07 22:46:56.472 [http-nio-80-exec-2] INFO 
				jdbc.resultsettable - 
|---------|----------|
|password |active_yn |
|---------|----------|
|---------|----------|

2024-04-07 22:47:01.528 [http-nio-80-exec-5] INFO 
				jdbc.resultsettable - 
|-------------------------------------------------------------|----------|
|password                                                     |active_yn |
|-------------------------------------------------------------|----------|
|$2a$10$FnQl1AuSgv.MO2OFX1gcguwjU24/WnQg7VwBmK8PkyWstWDctwAWG |y         |
|-------------------------------------------------------------|----------|

2024-04-07 22:47:12.537 [http-nio-80-exec-9] INFO 
				jdbc.resultsettable - 
|-------|
|img_id |
|-------|
|[null] |
|-------|

2024-04-07 22:54:04.684 [http-nio-80-exec-7] INFO 
				jdbc.resultsettable - 
|-------------------------------------------------------------|----------|
|password                                                     |active_yn |
|-------------------------------------------------------------|----------|
|$2a$10$FnQl1AuSgv.MO2OFX1gcguwjU24/WnQg7VwBmK8PkyWstWDctwAWG |y         |
|-------------------------------------------------------------|----------|

2024-04-07 22:57:53.130 [http-nio-80-exec-8] INFO 
				jdbc.resultsettable - 
|-------|
|img_id |
|-------|
|[null] |
|-------|

2024-04-07 23:08:32.543 [http-nio-80-exec-7] INFO 
				jdbc.resultsettable - 
|-------------------------------------------------------------|----------|
|password                                                     |active_yn |
|-------------------------------------------------------------|----------|
|$2a$10$FnQl1AuSgv.MO2OFX1gcguwjU24/WnQg7VwBmK8PkyWstWDctwAWG |y         |
|-------------------------------------------------------------|----------|

2024-04-07 23:08:46.350 [http-nio-80-exec-7] INFO 
				jdbc.resultsettable - 
|-------|
|img_id |
|-------|
|[null] |
|-------|

2024-04-07 23:14:04.684 [http-nio-80-exec-3] INFO 
				jdbc.resultsettable - 
|---------|----------|
|password |active_yn |
|---------|----------|
|---------|----------|

2024-04-07 23:14:12.113 [http-nio-80-exec-6] INFO 
				jdbc.resultsettable - 
|-------------------------------------------------------------|----------|
|password                                                     |active_yn |
|-------------------------------------------------------------|----------|
|$2a$10$FnQl1AuSgv.MO2OFX1gcguwjU24/WnQg7VwBmK8PkyWstWDctwAWG |y         |
|-------------------------------------------------------------|----------|

2024-04-07 23:15:24.991 [http-nio-80-exec-4] INFO 
				jdbc.resultsettable - 
|-------|
|img_id |
|-------|
|[null] |
|-------|

2024-04-07 23:19:08.107 [http-nio-80-exec-3] INFO 
				jdbc.resultsettable - 
|-------|
|img_id |
|-------|
|[null] |
|-------|

2024-04-07 23:26:18.807 [http-nio-80-exec-6] INFO 
				jdbc.resultsettable - 
|-------|
|img_id |
|-------|
|[null] |
|-------|

2024-04-07 23:26:59.633 [http-nio-80-exec-1] INFO 
				jdbc.resultsettable - 
|-------|
|img_id |
|-------|
|1      |
|-------|

2024-04-07 23:27:50.775 [http-nio-80-exec-1] INFO 
				jdbc.resultsettable - 
|-------|
|img_id |
|-------|
|1      |
|-------|

2024-04-07 23:28:10.269 [http-nio-80-exec-5] INFO 
				jdbc.resultsettable - 
|-------------------------------------------------------------|----------|
|password                                                     |active_yn |
|-------------------------------------------------------------|----------|
|$2a$10$FnQl1AuSgv.MO2OFX1gcguwjU24/WnQg7VwBmK8PkyWstWDctwAWG |y         |
|-------------------------------------------------------------|----------|

2024-04-07 23:28:21.916 [http-nio-80-exec-9] INFO 
				jdbc.resultsettable - 
|-------|
|img_id |
|-------|
|1      |
|-------|

2024-04-07 23:30:19.932 [http-nio-80-exec-8] INFO 
				jdbc.resultsettable - 
|-------|
|img_id |
|-------|
|[null] |
|-------|

2024-04-07 23:36:07.676 [http-nio-80-exec-7] INFO 
				jdbc.resultsettable - 
|-------------------------------------------------------------|----------|
|password                                                     |active_yn |
|-------------------------------------------------------------|----------|
|$2a$10$FnQl1AuSgv.MO2OFX1gcguwjU24/WnQg7VwBmK8PkyWstWDctwAWG |y         |
|-------------------------------------------------------------|----------|

2024-04-07 23:36:36.448 [http-nio-80-exec-8] INFO 
				jdbc.resultsettable - 
|-------|
|img_id |
|-------|
|1      |
|-------|

2024-04-07 23:36:55.591 [http-nio-80-exec-3] INFO 
				jdbc.resultsettable - 
|-------------------------------------------------------------|----------|
|password                                                     |active_yn |
|-------------------------------------------------------------|----------|
|$2a$10$FnQl1AuSgv.MO2OFX1gcguwjU24/WnQg7VwBmK8PkyWstWDctwAWG |y         |
|-------------------------------------------------------------|----------|

2024-04-07 23:37:07.566 [http-nio-80-exec-5] INFO 
				jdbc.resultsettable - 
|-------|
|img_id |
|-------|
|1      |
|-------|

2024-04-07 23:38:56.192 [http-nio-80-exec-8] INFO 
				jdbc.resultsettable - 
|-------------------------------------------------------------|----------|
|password                                                     |active_yn |
|-------------------------------------------------------------|----------|
|$2a$10$FnQl1AuSgv.MO2OFX1gcguwjU24/WnQg7VwBmK8PkyWstWDctwAWG |y         |
|-------------------------------------------------------------|----------|

2024-04-07 23:43:27.304 [http-nio-80-exec-2] INFO 
				jdbc.resultsettable - 
|-------|
|img_id |
|-------|
|1      |
|-------|

2024-04-07 23:46:51.973 [http-nio-80-exec-9] INFO 
				jdbc.resultsettable - 
|-------|
|img_id |
|-------|
|1      |
|-------|

2024-04-07 23:48:04.335 [http-nio-80-exec-9] INFO 
				jdbc.resultsettable - 
|-------|
|img_id |
|-------|
|1      |
|-------|

2024-04-07 23:55:55.910 [http-nio-80-exec-2] INFO 
				jdbc.resultsettable - 
|-------------------------------------------------------------|----------|
|password                                                     |active_yn |
|-------------------------------------------------------------|----------|
|$2a$10$FnQl1AuSgv.MO2OFX1gcguwjU24/WnQg7VwBmK8PkyWstWDctwAWG |y         |
|-------------------------------------------------------------|----------|

2024-04-07 23:56:17.238 [http-nio-80-exec-1] INFO 
				jdbc.resultsettable - 
|-------|
|img_id |
|-------|
|1      |
|-------|

2024-04-07 23:56:51.661 [http-nio-80-exec-10] INFO 
				jdbc.resultsettable - 
|-------|
|img_id |
|-------|
|2      |
|-------|

2024-04-07 23:57:10.932 [http-nio-80-exec-9] INFO 
				jdbc.resultsettable - 
|-------|
|img_id |
|-------|
|3      |
|-------|

