2024-04-05 00:18:34.270 [http-nio-80-exec-3] INFO 
				jdbc.resultsettable - 
|---------|----------|
|password |active_yn |
|---------|----------|
|---------|----------|

2024-04-05 00:18:37.475 [http-nio-80-exec-8] INFO 
				jdbc.resultsettable - 
|---------|----------|
|password |active_yn |
|---------|----------|
|---------|----------|

2024-04-05 00:18:43.068 [http-nio-80-exec-7] INFO 
				jdbc.resultsettable - 
|-------------------------------------------------------------|----------|
|password                                                     |active_yn |
|-------------------------------------------------------------|----------|
|$2a$10$H8jm56odPlL.f2gI1rYiJeIxbYzNJ3a7OW3J6twJl9peZp1xzfUqa |y         |
|-------------------------------------------------------------|----------|

2024-04-05 00:19:02.841 [http-nio-80-exec-2] INFO 
				jdbc.resultsettable - 
|-----------|
|max_img_id |
|-----------|
|15         |
|-----------|

2024-04-05 00:19:02.855 [http-nio-80-exec-2] INFO 
				jdbc.resultsettable - 
|----------|
|productid |
|----------|
|82        |
|----------|

2024-04-05 00:25:28.306 [http-nio-80-exec-9] INFO 
				jdbc.resultsettable - 
|-----------|
|max_img_id |
|-----------|
|16         |
|-----------|

2024-04-05 00:29:57.145 [http-nio-80-exec-1] INFO 
				jdbc.resultsettable - 
|---------|----------|
|password |active_yn |
|---------|----------|
|---------|----------|

2024-04-05 00:30:02.195 [http-nio-80-exec-3] INFO 
				jdbc.resultsettable - 
|-------------------------------------------------------------|----------|
|password                                                     |active_yn |
|-------------------------------------------------------------|----------|
|$2a$10$H8jm56odPlL.f2gI1rYiJeIxbYzNJ3a7OW3J6twJl9peZp1xzfUqa |y         |
|-------------------------------------------------------------|----------|

2024-04-05 00:30:13.859 [http-nio-80-exec-3] INFO 
				jdbc.resultsettable - 
|-----------|
|max_img_id |
|-----------|
|17         |
|-----------|

2024-04-05 00:30:13.873 [http-nio-80-exec-3] INFO 
				jdbc.resultsettable - 
|----------|
|productid |
|----------|
|84        |
|----------|

2024-04-05 00:31:59.594 [http-nio-80-exec-6] INFO 
				jdbc.resultsettable - 
|---------|----------|
|password |active_yn |
|---------|----------|
|---------|----------|

2024-04-05 00:32:01.790 [http-nio-80-exec-8] INFO 
				jdbc.resultsettable - 
|-------------------------------------------------------------|----------|
|password                                                     |active_yn |
|-------------------------------------------------------------|----------|
|$2a$10$H8jm56odPlL.f2gI1rYiJeIxbYzNJ3a7OW3J6twJl9peZp1xzfUqa |y         |
|-------------------------------------------------------------|----------|

2024-04-05 00:32:07.736 [http-nio-80-exec-5] INFO 
				jdbc.resultsettable - 
|-------------------------------------------------------------|----------|
|password                                                     |active_yn |
|-------------------------------------------------------------|----------|
|$2a$10$H8jm56odPlL.f2gI1rYiJeIxbYzNJ3a7OW3J6twJl9peZp1xzfUqa |y         |
|-------------------------------------------------------------|----------|

2024-04-05 00:32:17.658 [http-nio-80-exec-7] INFO 
				jdbc.resultsettable - 
|-------------------------------------------------------------|----------|
|password                                                     |active_yn |
|-------------------------------------------------------------|----------|
|$2a$10$H8jm56odPlL.f2gI1rYiJeIxbYzNJ3a7OW3J6twJl9peZp1xzfUqa |y         |
|-------------------------------------------------------------|----------|

2024-04-05 00:32:29.460 [http-nio-80-exec-1] INFO 
				jdbc.resultsettable - 
|-----------|
|max_img_id |
|-----------|
|18         |
|-----------|

2024-04-05 00:37:44.442 [http-nio-80-exec-7] INFO 
				jdbc.resultsettable - 
|-------------------------------------------------------------|----------|
|password                                                     |active_yn |
|-------------------------------------------------------------|----------|
|$2a$10$H8jm56odPlL.f2gI1rYiJeIxbYzNJ3a7OW3J6twJl9peZp1xzfUqa |y         |
|-------------------------------------------------------------|----------|

2024-04-05 00:37:47.224 [http-nio-80-exec-1] INFO 
				jdbc.resultsettable - 
|-------------------------------------------------------------|----------|
|password                                                     |active_yn |
|-------------------------------------------------------------|----------|
|$2a$10$H8jm56odPlL.f2gI1rYiJeIxbYzNJ3a7OW3J6twJl9peZp1xzfUqa |y         |
|-------------------------------------------------------------|----------|

2024-04-05 00:37:50.847 [http-nio-80-exec-6] INFO 
				jdbc.resultsettable - 
|-------------------------------------------------------------|----------|
|password                                                     |active_yn |
|-------------------------------------------------------------|----------|
|$2a$10$H8jm56odPlL.f2gI1rYiJeIxbYzNJ3a7OW3J6twJl9peZp1xzfUqa |y         |
|-------------------------------------------------------------|----------|

2024-04-05 00:38:02.657 [http-nio-80-exec-1] INFO 
				jdbc.resultsettable - 
|-----------|
|max_img_id |
|-----------|
|19         |
|-----------|

2024-04-05 00:38:02.674 [http-nio-80-exec-1] INFO 
				jdbc.resultsettable - 
|-----------|
|product_id |
|-----------|
|67         |
|68         |
|69         |
|70         |
|71         |
|72         |
|73         |
|74         |
|75         |
|76         |
|79         |
|81         |
|82         |
|84         |
|85         |
|86         |
|-----------|

2024-04-05 00:51:10.950 [http-nio-80-exec-5] INFO 
				jdbc.resultsettable - 
|-------------------------------------------------------------|----------|
|password                                                     |active_yn |
|-------------------------------------------------------------|----------|
|$2a$10$H8jm56odPlL.f2gI1rYiJeIxbYzNJ3a7OW3J6twJl9peZp1xzfUqa |y         |
|-------------------------------------------------------------|----------|

2024-04-05 00:51:22.725 [http-nio-80-exec-4] INFO 
				jdbc.resultsettable - 
|-----------|
|max_img_id |
|-----------|
|20         |
|-----------|

2024-04-05 00:52:18.595 [http-nio-80-exec-8] INFO 
				jdbc.resultsettable - 
|---------|----------|
|password |active_yn |
|---------|----------|
|---------|----------|

2024-04-05 00:52:20.001 [http-nio-80-exec-7] INFO 
				jdbc.resultsettable - 
|---------|----------|
|password |active_yn |
|---------|----------|
|---------|----------|

2024-04-05 00:52:22.786 [http-nio-80-exec-4] INFO 
				jdbc.resultsettable - 
|-------------------------------------------------------------|----------|
|password                                                     |active_yn |
|-------------------------------------------------------------|----------|
|$2a$10$H8jm56odPlL.f2gI1rYiJeIxbYzNJ3a7OW3J6twJl9peZp1xzfUqa |y         |
|-------------------------------------------------------------|----------|

2024-04-05 00:52:35.188 [http-nio-80-exec-10] INFO 
				jdbc.resultsettable - 
|-----------|
|max_img_id |
|-----------|
|21         |
|-----------|

2024-04-05 00:52:35.202 [http-nio-80-exec-10] INFO 
				jdbc.resultsettable - 
|----------|
|productid |
|----------|
|88        |
|----------|

2024-04-05 01:09:53.496 [http-nio-80-exec-5] INFO 
				jdbc.resultsettable - 
|-------------------------------------------------------------|----------|
|password                                                     |active_yn |
|-------------------------------------------------------------|----------|
|$2a$10$H8jm56odPlL.f2gI1rYiJeIxbYzNJ3a7OW3J6twJl9peZp1xzfUqa |y         |
|-------------------------------------------------------------|----------|

2024-04-05 01:10:16.774 [http-nio-80-exec-4] INFO 
				jdbc.resultsettable - 
|-----------|
|max_img_id |
|-----------|
|22         |
|-----------|

2024-04-05 01:10:16.796 [http-nio-80-exec-4] INFO 
				jdbc.resultsettable - 
|----------|
|productid |
|----------|
|89        |
|----------|

2024-04-05 14:01:18.420 [http-nio-80-exec-9] INFO 
				jdbc.resultsettable - 
|-------------------------------------------------------------|----------|
|password                                                     |active_yn |
|-------------------------------------------------------------|----------|
|$2a$10$H8jm56odPlL.f2gI1rYiJeIxbYzNJ3a7OW3J6twJl9peZp1xzfUqa |y         |
|-------------------------------------------------------------|----------|

2024-04-05 14:22:06.075 [http-nio-80-exec-1] INFO 
				jdbc.resultsettable - 
|-------------------------------------------------------------|----------|
|password                                                     |active_yn |
|-------------------------------------------------------------|----------|
|$2a$10$H8jm56odPlL.f2gI1rYiJeIxbYzNJ3a7OW3J6twJl9peZp1xzfUqa |y         |
|-------------------------------------------------------------|----------|

2024-04-05 14:29:49.244 [http-nio-80-exec-8] INFO 
				jdbc.resultsettable - 
|-------------------------------------------------------------|----------|
|password                                                     |active_yn |
|-------------------------------------------------------------|----------|
|$2a$10$H8jm56odPlL.f2gI1rYiJeIxbYzNJ3a7OW3J6twJl9peZp1xzfUqa |y         |
|-------------------------------------------------------------|----------|

2024-04-05 15:21:42.145 [http-nio-80-exec-8] INFO 
				jdbc.resultsettable - 
|-------------------------------------------------------------|----------|
|password                                                     |active_yn |
|-------------------------------------------------------------|----------|
|$2a$10$H8jm56odPlL.f2gI1rYiJeIxbYzNJ3a7OW3J6twJl9peZp1xzfUqa |y         |
|-------------------------------------------------------------|----------|

2024-04-05 15:23:08.997 [http-nio-80-exec-7] INFO 
				jdbc.resultsettable - 
|-------------------------------------------------------------|----------|
|password                                                     |active_yn |
|-------------------------------------------------------------|----------|
|$2a$10$H8jm56odPlL.f2gI1rYiJeIxbYzNJ3a7OW3J6twJl9peZp1xzfUqa |y         |
|-------------------------------------------------------------|----------|

2024-04-05 15:23:42.443 [http-nio-80-exec-10] INFO 
				jdbc.resultsettable - 
|-------------------------------------------------------------|----------|
|password                                                     |active_yn |
|-------------------------------------------------------------|----------|
|$2a$10$H8jm56odPlL.f2gI1rYiJeIxbYzNJ3a7OW3J6twJl9peZp1xzfUqa |y         |
|-------------------------------------------------------------|----------|

2024-04-05 15:24:10.341 [http-nio-80-exec-4] INFO 
				jdbc.resultsettable - 
|--------|-------------------------------------------------------------|-----|----------|----------------------|-------------|----------------------|-----------|-------------|--------------|---------------|---------|------------|----------|----------------|
|user_id |password                                                     |name |active_yn |email                 |phone_number |updated_at            |created_at |road_address |jibun_address |namuji_address |zip_code |emailsts_yn |smssts_yn |personalinfo_yn |
|--------|-------------------------------------------------------------|-----|----------|----------------------|-------------|----------------------|-----------|-------------|--------------|---------------|---------|------------|----------|----------------|
|t       |$2a$10$H8jm56odPlL.f2gI1rYiJeIxbYzNJ3a7OW3J6twJl9peZp1xzfUqa |t    |y         |tkdgml0719@icloud.com |01088874053  |2024-04-02 11:11:17.0 |[unread]   |t            |t             |t              |t        |y           |y         |y               |
|--------|-------------------------------------------------------------|-----|----------|----------------------|-------------|----------------------|-----------|-------------|--------------|---------------|---------|------------|----------|----------------|

2024-04-05 15:27:58.859 [http-nio-80-exec-10] INFO 
				jdbc.resultsettable - 
|--------|-------------------------------------------------------------|-----|----------|----------------------|-------------|----------------------|-----------|-------------|--------------|---------------|---------|------------|----------|----------------|
|user_id |password                                                     |name |active_yn |email                 |phone_number |updated_at            |created_at |road_address |jibun_address |namuji_address |zip_code |emailsts_yn |smssts_yn |personalinfo_yn |
|--------|-------------------------------------------------------------|-----|----------|----------------------|-------------|----------------------|-----------|-------------|--------------|---------------|---------|------------|----------|----------------|
|t       |$2a$10$H8jm56odPlL.f2gI1rYiJeIxbYzNJ3a7OW3J6twJl9peZp1xzfUqa |t    |y         |tkdgml0719@icloud.com |01088874053  |2024-04-02 11:11:17.0 |[unread]   |t            |t             |t              |t        |y           |y         |y               |
|--------|-------------------------------------------------------------|-----|----------|----------------------|-------------|----------------------|-----------|-------------|--------------|---------------|---------|------------|----------|----------------|

2024-04-05 15:29:23.985 [http-nio-80-exec-8] INFO 
				jdbc.resultsettable - 
|-------------------------------------------------------------|----------|
|password                                                     |active_yn |
|-------------------------------------------------------------|----------|
|$2a$10$H8jm56odPlL.f2gI1rYiJeIxbYzNJ3a7OW3J6twJl9peZp1xzfUqa |y         |
|-------------------------------------------------------------|----------|

2024-04-05 15:29:26.528 [http-nio-80-exec-4] INFO 
				jdbc.resultsettable - 
|--------|-------------------------------------------------------------|-----|----------|----------------------|-------------|----------------------|-----------|-------------|--------------|---------------|---------|------------|----------|----------------|
|user_id |password                                                     |name |active_yn |email                 |phone_number |updated_at            |created_at |road_address |jibun_address |namuji_address |zip_code |emailsts_yn |smssts_yn |personalinfo_yn |
|--------|-------------------------------------------------------------|-----|----------|----------------------|-------------|----------------------|-----------|-------------|--------------|---------------|---------|------------|----------|----------------|
|t       |$2a$10$H8jm56odPlL.f2gI1rYiJeIxbYzNJ3a7OW3J6twJl9peZp1xzfUqa |t    |y         |tkdgml0719@icloud.com |01088874053  |2024-04-02 11:11:17.0 |[unread]   |t            |t             |t              |t        |y           |y         |y               |
|--------|-------------------------------------------------------------|-----|----------|----------------------|-------------|----------------------|-----------|-------------|--------------|---------------|---------|------------|----------|----------------|

2024-04-05 15:30:50.352 [http-nio-80-exec-9] INFO 
				jdbc.resultsettable - 
|-------------------------------------------------------------|----------|
|password                                                     |active_yn |
|-------------------------------------------------------------|----------|
|$2a$10$H8jm56odPlL.f2gI1rYiJeIxbYzNJ3a7OW3J6twJl9peZp1xzfUqa |y         |
|-------------------------------------------------------------|----------|

2024-04-05 15:30:53.709 [http-nio-80-exec-10] INFO 
				jdbc.resultsettable - 
|--------|-------------------------------------------------------------|-----|----------|----------------------|-------------|----------------------|-----------|-------------|--------------|---------------|---------|------------|----------|----------------|
|user_id |password                                                     |name |active_yn |email                 |phone_number |updated_at            |created_at |road_address |jibun_address |namuji_address |zip_code |emailsts_yn |smssts_yn |personalinfo_yn |
|--------|-------------------------------------------------------------|-----|----------|----------------------|-------------|----------------------|-----------|-------------|--------------|---------------|---------|------------|----------|----------------|
|t       |$2a$10$H8jm56odPlL.f2gI1rYiJeIxbYzNJ3a7OW3J6twJl9peZp1xzfUqa |t    |y         |tkdgml0719@icloud.com |01088874053  |2024-04-02 11:11:17.0 |[unread]   |t            |t             |t              |t        |y           |y         |y               |
|--------|-------------------------------------------------------------|-----|----------|----------------------|-------------|----------------------|-----------|-------------|--------------|---------------|---------|------------|----------|----------------|

2024-04-05 15:32:04.740 [http-nio-80-exec-3] INFO 
				jdbc.resultsettable - 
|--------|---------|-----|----------|------|-------------|-----------|-----------|-------------|--------------|---------------|---------|------------|----------|----------------|
|user_id |password |name |active_yn |email |phone_number |updated_at |created_at |road_address |jibun_address |namuji_address |zip_code |emailsts_yn |smssts_yn |personalinfo_yn |
|--------|---------|-----|----------|------|-------------|-----------|-----------|-------------|--------------|---------------|---------|------------|----------|----------------|
|--------|---------|-----|----------|------|-------------|-----------|-----------|-------------|--------------|---------------|---------|------------|----------|----------------|

2024-04-05 15:32:18.793 [http-nio-80-exec-10] INFO 
				jdbc.resultsettable - 
|-------------------------------------------------------------|----------|
|password                                                     |active_yn |
|-------------------------------------------------------------|----------|
|$2a$10$H8jm56odPlL.f2gI1rYiJeIxbYzNJ3a7OW3J6twJl9peZp1xzfUqa |y         |
|-------------------------------------------------------------|----------|

2024-04-05 15:32:20.565 [http-nio-80-exec-1] INFO 
				jdbc.resultsettable - 
|--------|-------------------------------------------------------------|-----|----------|----------------------|-------------|----------------------|-----------|-------------|--------------|---------------|---------|------------|----------|----------------|
|user_id |password                                                     |name |active_yn |email                 |phone_number |updated_at            |created_at |road_address |jibun_address |namuji_address |zip_code |emailsts_yn |smssts_yn |personalinfo_yn |
|--------|-------------------------------------------------------------|-----|----------|----------------------|-------------|----------------------|-----------|-------------|--------------|---------------|---------|------------|----------|----------------|
|t       |$2a$10$H8jm56odPlL.f2gI1rYiJeIxbYzNJ3a7OW3J6twJl9peZp1xzfUqa |t    |y         |tkdgml0719@icloud.com |01088874053  |2024-04-02 11:11:17.0 |[unread]   |t            |t             |t              |t        |y           |y         |y               |
|--------|-------------------------------------------------------------|-----|----------|----------------------|-------------|----------------------|-----------|-------------|--------------|---------------|---------|------------|----------|----------------|

2024-04-05 15:33:31.429 [http-nio-80-exec-10] INFO 
				jdbc.resultsettable - 
|-------------------------------------------------------------|----------|
|password                                                     |active_yn |
|-------------------------------------------------------------|----------|
|$2a$10$H8jm56odPlL.f2gI1rYiJeIxbYzNJ3a7OW3J6twJl9peZp1xzfUqa |y         |
|-------------------------------------------------------------|----------|

2024-04-05 15:33:34.051 [http-nio-80-exec-5] INFO 
				jdbc.resultsettable - 
|--------|-------------------------------------------------------------|-----|----------|----------------------|-------------|----------------------|-----------|-------------|--------------|---------------|---------|------------|----------|----------------|
|user_id |password                                                     |name |active_yn |email                 |phone_number |updated_at            |created_at |road_address |jibun_address |namuji_address |zip_code |emailsts_yn |smssts_yn |personalinfo_yn |
|--------|-------------------------------------------------------------|-----|----------|----------------------|-------------|----------------------|-----------|-------------|--------------|---------------|---------|------------|----------|----------------|
|t       |$2a$10$H8jm56odPlL.f2gI1rYiJeIxbYzNJ3a7OW3J6twJl9peZp1xzfUqa |t    |y         |tkdgml0719@icloud.com |01088874053  |2024-04-02 11:11:17.0 |[unread]   |t            |t             |t              |t        |y           |y         |y               |
|--------|-------------------------------------------------------------|-----|----------|----------------------|-------------|----------------------|-----------|-------------|--------------|---------------|---------|------------|----------|----------------|

2024-04-05 15:59:07.250 [http-nio-80-exec-9] INFO 
				jdbc.resultsettable - 
|-------------------------------------------------------------|----------|
|password                                                     |active_yn |
|-------------------------------------------------------------|----------|
|$2a$10$H8jm56odPlL.f2gI1rYiJeIxbYzNJ3a7OW3J6twJl9peZp1xzfUqa |y         |
|-------------------------------------------------------------|----------|

2024-04-05 15:59:09.576 [http-nio-80-exec-9] INFO 
				jdbc.resultsettable - 
|--------|-------------------------------------------------------------|-----|----------|----------------------|-------------|----------------------|-----------|-------------|--------------|---------------|---------|------------|----------|----------------|
|user_id |password                                                     |name |active_yn |email                 |phone_number |updated_at            |created_at |road_address |jibun_address |namuji_address |zip_code |emailsts_yn |smssts_yn |personalinfo_yn |
|--------|-------------------------------------------------------------|-----|----------|----------------------|-------------|----------------------|-----------|-------------|--------------|---------------|---------|------------|----------|----------------|
|t       |$2a$10$H8jm56odPlL.f2gI1rYiJeIxbYzNJ3a7OW3J6twJl9peZp1xzfUqa |t    |y         |tkdgml0719@icloud.com |01088874053  |2024-04-02 11:11:17.0 |[unread]   |t            |t             |t              |t        |y           |y         |y               |
|--------|-------------------------------------------------------------|-----|----------|----------------------|-------------|----------------------|-----------|-------------|--------------|---------------|---------|------------|----------|----------------|

2024-04-05 16:02:07.942 [http-nio-80-exec-5] INFO 
				jdbc.resultsettable - 
|-------------------------------------------------------------|----------|
|password                                                     |active_yn |
|-------------------------------------------------------------|----------|
|$2a$10$H8jm56odPlL.f2gI1rYiJeIxbYzNJ3a7OW3J6twJl9peZp1xzfUqa |y         |
|-------------------------------------------------------------|----------|

2024-04-05 16:02:10.870 [http-nio-80-exec-2] INFO 
				jdbc.resultsettable - 
|--------|-------------------------------------------------------------|-----|----------|----------------------|-------------|----------------------|-----------|-------------|--------------|---------------|---------|------------|----------|----------------|
|user_id |password                                                     |name |active_yn |email                 |phone_number |updated_at            |created_at |road_address |jibun_address |namuji_address |zip_code |emailsts_yn |smssts_yn |personalinfo_yn |
|--------|-------------------------------------------------------------|-----|----------|----------------------|-------------|----------------------|-----------|-------------|--------------|---------------|---------|------------|----------|----------------|
|t       |$2a$10$H8jm56odPlL.f2gI1rYiJeIxbYzNJ3a7OW3J6twJl9peZp1xzfUqa |t    |y         |tkdgml0719@icloud.com |01088874053  |2024-04-02 11:11:17.0 |[unread]   |t            |t             |t              |t        |y           |y         |y               |
|--------|-------------------------------------------------------------|-----|----------|----------------------|-------------|----------------------|-----------|-------------|--------------|---------------|---------|------------|----------|----------------|

2024-04-05 16:03:53.060 [http-nio-80-exec-5] INFO 
				jdbc.resultsettable - 
|--------|-------------------------------------------------------------|-----|----------|----------------------|-------------|----------------------|-----------|-------------|--------------|---------------|---------|------------|----------|----------------|
|user_id |password                                                     |name |active_yn |email                 |phone_number |updated_at            |created_at |road_address |jibun_address |namuji_address |zip_code |emailsts_yn |smssts_yn |personalinfo_yn |
|--------|-------------------------------------------------------------|-----|----------|----------------------|-------------|----------------------|-----------|-------------|--------------|---------------|---------|------------|----------|----------------|
|t       |$2a$10$H8jm56odPlL.f2gI1rYiJeIxbYzNJ3a7OW3J6twJl9peZp1xzfUqa |t    |y         |tkdgml0719@icloud.com |01088874053  |2024-04-02 11:11:17.0 |[unread]   |t            |t             |t              |t        |y           |y         |y               |
|--------|-------------------------------------------------------------|-----|----------|----------------------|-------------|----------------------|-----------|-------------|--------------|---------------|---------|------------|----------|----------------|

2024-04-05 16:29:21.135 [http-nio-80-exec-7] INFO 
				jdbc.resultsettable - 
|---------|----------|
|password |active_yn |
|---------|----------|
|---------|----------|

2024-04-05 16:29:25.592 [http-nio-80-exec-10] INFO 
				jdbc.resultsettable - 
|-------------------------------------------------------------|----------|
|password                                                     |active_yn |
|-------------------------------------------------------------|----------|
|$2a$10$H8jm56odPlL.f2gI1rYiJeIxbYzNJ3a7OW3J6twJl9peZp1xzfUqa |y         |
|-------------------------------------------------------------|----------|

2024-04-05 16:29:29.093 [http-nio-80-exec-7] INFO 
				jdbc.resultsettable - 
|--------|-------------------------------------------------------------|-----|----------|----------------------|-------------|----------------------|-----------|-------------|--------------|---------------|---------|------------|----------|----------------|
|user_id |password                                                     |name |active_yn |email                 |phone_number |updated_at            |created_at |road_address |jibun_address |namuji_address |zip_code |emailsts_yn |smssts_yn |personalinfo_yn |
|--------|-------------------------------------------------------------|-----|----------|----------------------|-------------|----------------------|-----------|-------------|--------------|---------------|---------|------------|----------|----------------|
|t       |$2a$10$H8jm56odPlL.f2gI1rYiJeIxbYzNJ3a7OW3J6twJl9peZp1xzfUqa |t    |y         |tkdgml0719@icloud.com |01088874053  |2024-04-02 11:11:17.0 |[unread]   |t            |t             |t              |t        |y           |y         |y               |
|--------|-------------------------------------------------------------|-----|----------|----------------------|-------------|----------------------|-----------|-------------|--------------|---------------|---------|------------|----------|----------------|

2024-04-05 16:29:48.573 [http-nio-80-exec-4] INFO 
				jdbc.resultsettable - 
|--------|
|user_id |
|--------|
|--------|

2024-04-05 16:30:06.349 [http-nio-80-exec-5] INFO 
				jdbc.resultsettable - 
|--------|
|user_id |
|--------|
|test    |
|--------|

2024-04-05 16:30:08.199 [http-nio-80-exec-6] INFO 
				jdbc.resultsettable - 
|--------|
|user_id |
|--------|
|test    |
|--------|

2024-04-05 16:30:09.300 [http-nio-80-exec-9] INFO 
				jdbc.resultsettable - 
|--------|
|user_id |
|--------|
|test    |
|--------|

2024-04-05 16:30:10.448 [http-nio-80-exec-8] INFO 
				jdbc.resultsettable - 
|--------|
|user_id |
|--------|
|test    |
|--------|

2024-04-05 16:30:11.099 [http-nio-80-exec-1] INFO 
				jdbc.resultsettable - 
|--------|
|user_id |
|--------|
|test    |
|--------|

2024-04-05 16:31:21.886 [http-nio-80-exec-10] INFO 
				jdbc.resultsettable - 
|-------------------------------------------------------------|----------|
|password                                                     |active_yn |
|-------------------------------------------------------------|----------|
|$2a$10$H8jm56odPlL.f2gI1rYiJeIxbYzNJ3a7OW3J6twJl9peZp1xzfUqa |y         |
|-------------------------------------------------------------|----------|

2024-04-05 16:31:24.719 [http-nio-80-exec-9] INFO 
				jdbc.resultsettable - 
|--------|-------------------------------------------------------------|-----|----------|----------------------|-------------|----------------------|-----------|-------------|--------------|---------------|---------|------------|----------|----------------|
|user_id |password                                                     |name |active_yn |email                 |phone_number |updated_at            |created_at |road_address |jibun_address |namuji_address |zip_code |emailsts_yn |smssts_yn |personalinfo_yn |
|--------|-------------------------------------------------------------|-----|----------|----------------------|-------------|----------------------|-----------|-------------|--------------|---------------|---------|------------|----------|----------------|
|t       |$2a$10$H8jm56odPlL.f2gI1rYiJeIxbYzNJ3a7OW3J6twJl9peZp1xzfUqa |t    |y         |tkdgml0719@icloud.com |01088874053  |2024-04-02 11:11:17.0 |[unread]   |t            |t             |t              |t        |y           |y         |y               |
|--------|-------------------------------------------------------------|-----|----------|----------------------|-------------|----------------------|-----------|-------------|--------------|---------------|---------|------------|----------|----------------|

2024-04-05 16:31:28.055 [http-nio-80-exec-2] INFO 
				jdbc.resultsettable - 
|--------|
|user_id |
|--------|
|test    |
|--------|

2024-04-05 16:32:17.379 [http-nio-80-exec-6] INFO 
				jdbc.resultsettable - 
|---------|----------|
|password |active_yn |
|---------|----------|
|---------|----------|

2024-04-05 16:32:21.772 [http-nio-80-exec-9] INFO 
				jdbc.resultsettable - 
|-------------------------------------------------------------|----------|
|password                                                     |active_yn |
|-------------------------------------------------------------|----------|
|$2a$10$H8jm56odPlL.f2gI1rYiJeIxbYzNJ3a7OW3J6twJl9peZp1xzfUqa |y         |
|-------------------------------------------------------------|----------|

2024-04-05 16:32:24.612 [http-nio-80-exec-9] INFO 
				jdbc.resultsettable - 
|--------|-------------------------------------------------------------|-----|----------|----------------------|-------------|----------------------|-----------|-------------|--------------|---------------|---------|------------|----------|----------------|
|user_id |password                                                     |name |active_yn |email                 |phone_number |updated_at            |created_at |road_address |jibun_address |namuji_address |zip_code |emailsts_yn |smssts_yn |personalinfo_yn |
|--------|-------------------------------------------------------------|-----|----------|----------------------|-------------|----------------------|-----------|-------------|--------------|---------------|---------|------------|----------|----------------|
|t       |$2a$10$H8jm56odPlL.f2gI1rYiJeIxbYzNJ3a7OW3J6twJl9peZp1xzfUqa |t    |y         |tkdgml0719@icloud.com |01088874053  |2024-04-02 11:11:17.0 |[unread]   |t            |t             |t              |t        |y           |y         |y               |
|--------|-------------------------------------------------------------|-----|----------|----------------------|-------------|----------------------|-----------|-------------|--------------|---------------|---------|------------|----------|----------------|

2024-04-05 16:32:27.513 [http-nio-80-exec-2] INFO 
				jdbc.resultsettable - 
|--------|
|user_id |
|--------|
|test    |
|--------|

2024-04-05 16:32:38.179 [http-nio-80-exec-6] INFO 
				jdbc.resultsettable - 
|--------|
|user_id |
|--------|
|--------|

2024-04-05 16:34:53.810 [http-nio-80-exec-7] INFO 
				jdbc.resultsettable - 
|-------------------------------------------------------------|----------|
|password                                                     |active_yn |
|-------------------------------------------------------------|----------|
|$2a$10$H8jm56odPlL.f2gI1rYiJeIxbYzNJ3a7OW3J6twJl9peZp1xzfUqa |y         |
|-------------------------------------------------------------|----------|

2024-04-05 16:34:56.003 [http-nio-80-exec-8] INFO 
				jdbc.resultsettable - 
|--------|-------------------------------------------------------------|-----|----------|----------------------|-------------|----------------------|-----------|-------------|--------------|---------------|---------|------------|----------|----------------|
|user_id |password                                                     |name |active_yn |email                 |phone_number |updated_at            |created_at |road_address |jibun_address |namuji_address |zip_code |emailsts_yn |smssts_yn |personalinfo_yn |
|--------|-------------------------------------------------------------|-----|----------|----------------------|-------------|----------------------|-----------|-------------|--------------|---------------|---------|------------|----------|----------------|
|t       |$2a$10$H8jm56odPlL.f2gI1rYiJeIxbYzNJ3a7OW3J6twJl9peZp1xzfUqa |t    |y         |tkdgml0719@icloud.com |01088874053  |2024-04-02 11:11:17.0 |[unread]   |t            |t             |t              |t        |y           |y         |y               |
|--------|-------------------------------------------------------------|-----|----------|----------------------|-------------|----------------------|-----------|-------------|--------------|---------------|---------|------------|----------|----------------|

2024-04-05 16:39:00.239 [http-nio-80-exec-8] INFO 
				jdbc.resultsettable - 
|-------------------------------------------------------------|----------|
|password                                                     |active_yn |
|-------------------------------------------------------------|----------|
|$2a$10$H8jm56odPlL.f2gI1rYiJeIxbYzNJ3a7OW3J6twJl9peZp1xzfUqa |y         |
|-------------------------------------------------------------|----------|

2024-04-05 16:39:01.940 [http-nio-80-exec-3] INFO 
				jdbc.resultsettable - 
|--------|-------------------------------------------------------------|-----|----------|----------------------|-------------|----------------------|-----------|-------------|--------------|---------------|---------|------------|----------|----------------|
|user_id |password                                                     |name |active_yn |email                 |phone_number |updated_at            |created_at |road_address |jibun_address |namuji_address |zip_code |emailsts_yn |smssts_yn |personalinfo_yn |
|--------|-------------------------------------------------------------|-----|----------|----------------------|-------------|----------------------|-----------|-------------|--------------|---------------|---------|------------|----------|----------------|
|t       |$2a$10$H8jm56odPlL.f2gI1rYiJeIxbYzNJ3a7OW3J6twJl9peZp1xzfUqa |t    |y         |tkdgml0719@icloud.com |01088874053  |2024-04-02 11:11:17.0 |[unread]   |t            |t             |t              |t        |y           |y         |y               |
|--------|-------------------------------------------------------------|-----|----------|----------------------|-------------|----------------------|-----------|-------------|--------------|---------------|---------|------------|----------|----------------|

2024-04-05 16:39:05.777 [http-nio-80-exec-10] INFO 
				jdbc.resultsettable - 
|--------|
|user_id |
|--------|
|test    |
|--------|

2024-04-05 16:39:10.283 [http-nio-80-exec-9] INFO 
				jdbc.resultsettable - 
|--------|
|user_id |
|--------|
|--------|

2024-04-05 16:41:43.264 [http-nio-80-exec-7] INFO 
				jdbc.resultsettable - 
|---------|----------|
|password |active_yn |
|---------|----------|
|---------|----------|

2024-04-05 16:41:47.026 [http-nio-80-exec-10] INFO 
				jdbc.resultsettable - 
|-------------------------------------------------------------|----------|
|password                                                     |active_yn |
|-------------------------------------------------------------|----------|
|$2a$10$H8jm56odPlL.f2gI1rYiJeIxbYzNJ3a7OW3J6twJl9peZp1xzfUqa |y         |
|-------------------------------------------------------------|----------|

2024-04-05 16:41:54.337 [http-nio-80-exec-9] INFO 
				jdbc.resultsettable - 
|--------|-------------------------------------------------------------|-----|----------|----------------------|-------------|----------------------|-----------|-------------|--------------|---------------|---------|------------|----------|----------------|
|user_id |password                                                     |name |active_yn |email                 |phone_number |updated_at            |created_at |road_address |jibun_address |namuji_address |zip_code |emailsts_yn |smssts_yn |personalinfo_yn |
|--------|-------------------------------------------------------------|-----|----------|----------------------|-------------|----------------------|-----------|-------------|--------------|---------------|---------|------------|----------|----------------|
|t       |$2a$10$H8jm56odPlL.f2gI1rYiJeIxbYzNJ3a7OW3J6twJl9peZp1xzfUqa |t    |y         |tkdgml0719@icloud.com |01088874053  |2024-04-02 11:11:17.0 |[unread]   |t            |t             |t              |t        |y           |y         |y               |
|--------|-------------------------------------------------------------|-----|----------|----------------------|-------------|----------------------|-----------|-------------|--------------|---------------|---------|------------|----------|----------------|

2024-04-05 16:41:58.897 [http-nio-80-exec-7] INFO 
				jdbc.resultsettable - 
|--------|
|user_id |
|--------|
|test    |
|--------|

2024-04-05 16:42:03.702 [http-nio-80-exec-3] INFO 
				jdbc.resultsettable - 
|--------|
|user_id |
|--------|
|--------|

2024-04-05 16:45:45.846 [http-nio-80-exec-10] INFO 
				jdbc.resultsettable - 
|-------------------------------------------------------------|----------|
|password                                                     |active_yn |
|-------------------------------------------------------------|----------|
|$2a$10$H8jm56odPlL.f2gI1rYiJeIxbYzNJ3a7OW3J6twJl9peZp1xzfUqa |y         |
|-------------------------------------------------------------|----------|

2024-04-05 16:45:47.449 [http-nio-80-exec-5] INFO 
				jdbc.resultsettable - 
|--------|-------------------------------------------------------------|-----|----------|----------------------|-------------|----------------------|-----------|-------------|--------------|---------------|---------|------------|----------|----------------|
|user_id |password                                                     |name |active_yn |email                 |phone_number |updated_at            |created_at |road_address |jibun_address |namuji_address |zip_code |emailsts_yn |smssts_yn |personalinfo_yn |
|--------|-------------------------------------------------------------|-----|----------|----------------------|-------------|----------------------|-----------|-------------|--------------|---------------|---------|------------|----------|----------------|
|t       |$2a$10$H8jm56odPlL.f2gI1rYiJeIxbYzNJ3a7OW3J6twJl9peZp1xzfUqa |t    |y         |tkdgml0719@icloud.com |01088874053  |2024-04-02 11:11:17.0 |[unread]   |t            |t             |t              |t        |y           |y         |y               |
|--------|-------------------------------------------------------------|-----|----------|----------------------|-------------|----------------------|-----------|-------------|--------------|---------------|---------|------------|----------|----------------|

2024-04-05 16:45:54.279 [http-nio-80-exec-4] INFO 
				jdbc.resultsettable - 
|--------|
|user_id |
|--------|
|--------|

2024-04-05 16:48:49.500 [http-nio-80-exec-1] INFO 
				jdbc.resultsettable - 
|-------------------------------------------------------------|----------|
|password                                                     |active_yn |
|-------------------------------------------------------------|----------|
|$2a$10$H8jm56odPlL.f2gI1rYiJeIxbYzNJ3a7OW3J6twJl9peZp1xzfUqa |y         |
|-------------------------------------------------------------|----------|

2024-04-05 16:48:51.022 [http-nio-80-exec-1] INFO 
				jdbc.resultsettable - 
|--------|-------------------------------------------------------------|-----|----------|----------------------|-------------|----------------------|-----------|-------------|--------------|---------------|---------|------------|----------|----------------|
|user_id |password                                                     |name |active_yn |email                 |phone_number |updated_at            |created_at |road_address |jibun_address |namuji_address |zip_code |emailsts_yn |smssts_yn |personalinfo_yn |
|--------|-------------------------------------------------------------|-----|----------|----------------------|-------------|----------------------|-----------|-------------|--------------|---------------|---------|------------|----------|----------------|
|t       |$2a$10$H8jm56odPlL.f2gI1rYiJeIxbYzNJ3a7OW3J6twJl9peZp1xzfUqa |t    |y         |tkdgml0719@icloud.com |01088874053  |2024-04-02 11:11:17.0 |[unread]   |t            |t             |t              |t        |y           |y         |y               |
|--------|-------------------------------------------------------------|-----|----------|----------------------|-------------|----------------------|-----------|-------------|--------------|---------------|---------|------------|----------|----------------|

2024-04-05 16:48:55.212 [http-nio-80-exec-5] INFO 
				jdbc.resultsettable - 
|--------|
|user_id |
|--------|
|test    |
|--------|

2024-04-05 16:48:58.855 [http-nio-80-exec-4] INFO 
				jdbc.resultsettable - 
|--------|
|user_id |
|--------|
|--------|

2024-04-05 16:51:56.045 [http-nio-80-exec-9] INFO 
				jdbc.resultsettable - 
|-------------------------------------------------------------|----------|
|password                                                     |active_yn |
|-------------------------------------------------------------|----------|
|$2a$10$H8jm56odPlL.f2gI1rYiJeIxbYzNJ3a7OW3J6twJl9peZp1xzfUqa |y         |
|-------------------------------------------------------------|----------|

2024-04-05 16:51:58.953 [http-nio-80-exec-7] INFO 
				jdbc.resultsettable - 
|--------|-------------------------------------------------------------|-----|----------|----------------------|-------------|----------------------|-----------|-------------|--------------|---------------|---------|------------|----------|----------------|
|user_id |password                                                     |name |active_yn |email                 |phone_number |updated_at            |created_at |road_address |jibun_address |namuji_address |zip_code |emailsts_yn |smssts_yn |personalinfo_yn |
|--------|-------------------------------------------------------------|-----|----------|----------------------|-------------|----------------------|-----------|-------------|--------------|---------------|---------|------------|----------|----------------|
|t       |$2a$10$H8jm56odPlL.f2gI1rYiJeIxbYzNJ3a7OW3J6twJl9peZp1xzfUqa |t    |y         |tkdgml0719@icloud.com |01088874053  |2024-04-02 11:11:17.0 |[unread]   |t            |t             |t              |t        |y           |y         |y               |
|--------|-------------------------------------------------------------|-----|----------|----------------------|-------------|----------------------|-----------|-------------|--------------|---------------|---------|------------|----------|----------------|

2024-04-05 16:52:03.094 [http-nio-80-exec-10] INFO 
				jdbc.resultsettable - 
|--------|
|user_id |
|--------|
|test    |
|--------|

2024-04-05 16:52:08.893 [http-nio-80-exec-8] INFO 
				jdbc.resultsettable - 
|--------|
|user_id |
|--------|
|--------|

2024-04-05 16:58:11.311 [http-nio-80-exec-4] INFO 
				jdbc.resultsettable - 
|--------|-------------------------------------------------------------|-----|----------|----------------------|-------------|----------------------|-----------|-------------|--------------|---------------|---------|------------|----------|----------------|
|user_id |password                                                     |name |active_yn |email                 |phone_number |updated_at            |created_at |road_address |jibun_address |namuji_address |zip_code |emailsts_yn |smssts_yn |personalinfo_yn |
|--------|-------------------------------------------------------------|-----|----------|----------------------|-------------|----------------------|-----------|-------------|--------------|---------------|---------|------------|----------|----------------|
|t       |$2a$10$H8jm56odPlL.f2gI1rYiJeIxbYzNJ3a7OW3J6twJl9peZp1xzfUqa |t    |y         |tkdgml0719@icloud.com |01088874053  |2024-04-02 11:11:17.0 |[unread]   |t            |t             |t              |t        |y           |y         |y               |
|--------|-------------------------------------------------------------|-----|----------|----------------------|-------------|----------------------|-----------|-------------|--------------|---------------|---------|------------|----------|----------------|

2024-04-05 17:00:25.933 [http-nio-80-exec-1] INFO 
				jdbc.resultsettable - 
|--------|---------|-----|----------|------|-------------|-----------|-----------|-------------|--------------|---------------|---------|------------|----------|----------------|
|user_id |password |name |active_yn |email |phone_number |updated_at |created_at |road_address |jibun_address |namuji_address |zip_code |emailsts_yn |smssts_yn |personalinfo_yn |
|--------|---------|-----|----------|------|-------------|-----------|-----------|-------------|--------------|---------------|---------|------------|----------|----------------|
|--------|---------|-----|----------|------|-------------|-----------|-----------|-------------|--------------|---------------|---------|------------|----------|----------------|

2024-04-05 17:00:37.024 [http-nio-80-exec-5] INFO 
				jdbc.resultsettable - 
|-------------------------------------------------------------|----------|
|password                                                     |active_yn |
|-------------------------------------------------------------|----------|
|$2a$10$H8jm56odPlL.f2gI1rYiJeIxbYzNJ3a7OW3J6twJl9peZp1xzfUqa |y         |
|-------------------------------------------------------------|----------|

2024-04-05 17:00:38.603 [http-nio-80-exec-8] INFO 
				jdbc.resultsettable - 
|--------|-------------------------------------------------------------|-----|----------|----------------------|-------------|----------------------|-----------|-------------|--------------|---------------|---------|------------|----------|----------------|
|user_id |password                                                     |name |active_yn |email                 |phone_number |updated_at            |created_at |road_address |jibun_address |namuji_address |zip_code |emailsts_yn |smssts_yn |personalinfo_yn |
|--------|-------------------------------------------------------------|-----|----------|----------------------|-------------|----------------------|-----------|-------------|--------------|---------------|---------|------------|----------|----------------|
|t       |$2a$10$H8jm56odPlL.f2gI1rYiJeIxbYzNJ3a7OW3J6twJl9peZp1xzfUqa |t    |y         |tkdgml0719@icloud.com |01088874053  |2024-04-02 11:11:17.0 |[unread]   |t            |t             |t              |t        |y           |y         |y               |
|--------|-------------------------------------------------------------|-----|----------|----------------------|-------------|----------------------|-----------|-------------|--------------|---------------|---------|------------|----------|----------------|

2024-04-05 17:04:26.042 [http-nio-80-exec-7] INFO 
				jdbc.resultsettable - 
|--------|-------------------------------------------------------------|-----|----------|----------------------|-------------|----------------------|-----------|-------------|--------------|---------------|---------|------------|----------|----------------|
|user_id |password                                                     |name |active_yn |email                 |phone_number |updated_at            |created_at |road_address |jibun_address |namuji_address |zip_code |emailsts_yn |smssts_yn |personalinfo_yn |
|--------|-------------------------------------------------------------|-----|----------|----------------------|-------------|----------------------|-----------|-------------|--------------|---------------|---------|------------|----------|----------------|
|t       |$2a$10$H8jm56odPlL.f2gI1rYiJeIxbYzNJ3a7OW3J6twJl9peZp1xzfUqa |   |y         |tkdgml0719@icloud.com |01088874053  |2024-04-02 11:11:17.0 |[unread]   |test         |test          |test           |t        |n           |y         |y               |
|--------|-------------------------------------------------------------|-----|----------|----------------------|-------------|----------------------|-----------|-------------|--------------|---------------|---------|------------|----------|----------------|

2024-04-05 17:49:41.888 [http-nio-80-exec-1] INFO 
				jdbc.resultsettable - 
|---------|----------|
|password |active_yn |
|---------|----------|
|---------|----------|

2024-04-05 17:49:43.198 [http-nio-80-exec-4] INFO 
				jdbc.resultsettable - 
|---------|----------|
|password |active_yn |
|---------|----------|
|---------|----------|

2024-04-05 17:49:45.578 [http-nio-80-exec-5] INFO 
				jdbc.resultsettable - 
|-------------------------------------------------------------|----------|
|password                                                     |active_yn |
|-------------------------------------------------------------|----------|
|$2a$10$H8jm56odPlL.f2gI1rYiJeIxbYzNJ3a7OW3J6twJl9peZp1xzfUqa |y         |
|-------------------------------------------------------------|----------|

2024-04-05 17:49:49.677 [http-nio-80-exec-7] INFO 
				jdbc.resultsettable - 
|-------------------------------------------------------------|----------|
|password                                                     |active_yn |
|-------------------------------------------------------------|----------|
|$2a$10$H8jm56odPlL.f2gI1rYiJeIxbYzNJ3a7OW3J6twJl9peZp1xzfUqa |y         |
|-------------------------------------------------------------|----------|

2024-04-05 17:50:10.151 [http-nio-80-exec-5] INFO 
				jdbc.resultsettable - 
|-----------|
|max_img_id |
|-----------|
|23         |
|-----------|

2024-04-05 20:26:19.317 [http-nio-80-exec-4] INFO 
				jdbc.resultsettable - 
|-------------------------------------------------------------|----------|
|password                                                     |active_yn |
|-------------------------------------------------------------|----------|
|$2a$10$H8jm56odPlL.f2gI1rYiJeIxbYzNJ3a7OW3J6twJl9peZp1xzfUqa |y         |
|-------------------------------------------------------------|----------|

2024-04-05 20:26:31.750 [http-nio-80-exec-8] INFO 
				jdbc.resultsettable - 
|--------|-------------------------------------------------------------|-----|----------|----------------------|-------------|----------------------|-----------|-------------|--------------|---------------|---------|------------|----------|----------------|
|user_id |password                                                     |name |active_yn |email                 |phone_number |updated_at            |created_at |road_address |jibun_address |namuji_address |zip_code |emailsts_yn |smssts_yn |personalinfo_yn |
|--------|-------------------------------------------------------------|-----|----------|----------------------|-------------|----------------------|-----------|-------------|--------------|---------------|---------|------------|----------|----------------|
|t       |$2a$10$H8jm56odPlL.f2gI1rYiJeIxbYzNJ3a7OW3J6twJl9peZp1xzfUqa |   |y         |tkdgml0719@icloud.com |01088874053  |2024-04-02 11:11:17.0 |[unread]   |test         |test          |test           |t        |n           |y         |y               |
|--------|-------------------------------------------------------------|-----|----------|----------------------|-------------|----------------------|-----------|-------------|--------------|---------------|---------|------------|----------|----------------|

2024-04-05 20:27:14.051 [http-nio-80-exec-6] INFO 
				jdbc.resultsettable - 
|--------|-------------------------------------------------------------|-----|----------|----------------------|-------------|----------------------|-----------|-------------|--------------|---------------|---------|------------|----------|----------------|
|user_id |password                                                     |name |active_yn |email                 |phone_number |updated_at            |created_at |road_address |jibun_address |namuji_address |zip_code |emailsts_yn |smssts_yn |personalinfo_yn |
|--------|-------------------------------------------------------------|-----|----------|----------------------|-------------|----------------------|-----------|-------------|--------------|---------------|---------|------------|----------|----------------|
|t       |$2a$10$H8jm56odPlL.f2gI1rYiJeIxbYzNJ3a7OW3J6twJl9peZp1xzfUqa |   |y         |tkdgml0719@icloud.com |01088874053  |2024-04-02 11:11:17.0 |[unread]   |test         |test          |test           |t        |n           |y         |y               |
|--------|-------------------------------------------------------------|-----|----------|----------------------|-------------|----------------------|-----------|-------------|--------------|---------------|---------|------------|----------|----------------|

2024-04-05 21:09:58.883 [http-nio-80-exec-1] INFO 
				jdbc.resultsettable - 
|---------|
|nickname |
|---------|
|---------|

2024-04-05 21:13:35.409 [http-nio-80-exec-10] INFO 
				jdbc.resultsettable - 
|---------|
|nickname |
|---------|
|---------|

2024-04-05 21:31:37.840 [http-nio-80-exec-6] INFO 
				jdbc.resultsettable - 
|---------|----------|
|password |active_yn |
|---------|----------|
|---------|----------|

2024-04-05 21:31:44.253 [http-nio-80-exec-7] INFO 
				jdbc.resultsettable - 
|---------|----------|
|password |active_yn |
|---------|----------|
|---------|----------|

2024-04-05 21:31:53.711 [http-nio-80-exec-4] INFO 
				jdbc.resultsettable - 
|---------|----------|
|password |active_yn |
|---------|----------|
|---------|----------|

2024-04-05 21:35:58.876 [http-nio-80-exec-1] INFO 
				jdbc.resultsettable - 
|---------|----------|
|password |active_yn |
|---------|----------|
|---------|----------|

2024-04-05 21:36:16.081 [http-nio-80-exec-7] INFO 
				jdbc.resultsettable - 
|---------|
|nickname |
|---------|
|test     |
|---------|

2024-04-05 21:36:27.275 [http-nio-80-exec-9] INFO 
				jdbc.resultsettable - 
|---------|
|nickname |
|---------|
|---------|

2024-04-05 21:37:40.521 [http-nio-80-exec-6] INFO 
				jdbc.resultsettable - 
|---------|----------|
|password |active_yn |
|---------|----------|
|---------|----------|

