2024-04-24 19:25:43.743 [http-nio-80-exec-1] INFO 
				jdbc.resultsettable - 
|---------|
|count(*) |
|---------|
|24       |
|---------|

2024-04-24 19:25:43.767 [http-nio-80-exec-1] INFO 
				jdbc.resultsettable - 
|-----------|----------|---------|------------|------------------|-----------|-----------|-----------|---------|---------|---------|
|product_id |seller_id |price    |description |quality_condition |created_at |updated_at |read_count |status   |title    |img_id   |
|-----------|----------|---------|------------|------------------|-----------|-----------|-----------|---------|---------|---------|
|61         |tkdgml    |[unread] |[unread]    |[unread]          |[unread]   |[unread]   |[unread]   |[unread] |[unread] |[unread] |
|-----------|----------|---------|------------|------------------|-----------|-----------|-----------|---------|---------|---------|

2024-04-24 19:38:48.301 [http-nio-80-exec-1] INFO 
				jdbc.resultsettable - 
|---------|
|count(*) |
|---------|
|10       |
|---------|

2024-04-24 19:38:48.312 [http-nio-80-exec-1] INFO 
				jdbc.resultsettable - 
|-----------|----------|--------|------------------------------------|------------------|-----------|-----------|-----------|-------|----------|-------|
|product_id |seller_id |price   |description                         |quality_condition |created_at |updated_at |read_count |status |title     |img_id |
|-----------|----------|--------|------------------------------------|------------------|-----------|-----------|-----------|-------|----------|-------|
|61         |tkdgml    |15,000  |갈색                                  |새상품(미사용)          |[unread]   |[unread]   |1          |판매중    |섀도우       |26     |
|60         |tkdgml    |15,000  |약간의 수선이 필요합니다.                      |수리/수선필요           |[unread]   |[unread]   |3          |판매중    |나무의자      |25     |
|59         |t         |90,000  |베이지 자케입니다                           |새상품(미사용)          |[unread]   |[unread]   |4          |판매중    |자켓        |24     |
|58         |t         |5,000   |거의 사용안함. 직거래희망                      |새상품(미사용)          |[unread]   |[unread]   |3          |판매중    |컬러 립틴트    |23     |
|57         |t         |20,000  |롬앤 컬러 립틴트 팝니다                       |새상품(미사용)          |[unread]   |[unread]   |1          |판매중    |립스틱       |22     |
|56         |test      |30,000  |거의 새상품입니다.                          |사용감약간             |[unread]   |[unread]   |1          |판매중    |화장품 팝니다   |21     |
|55         |test      |20,000  |거의 사용하지 않은 새상품
클리오 새도우
여쿨 강추!     |새상품(미사용)          |[unread]   |[unread]   |1          |판매중    |클리오 섀도우   |20     |
|52         |t         |22000   |베이지색 바지입니다. 한번만 입고 입은적 없는 거의 새옷입니다. |사용감많음             |[unread]   |[unread]   |178        |판매완료   |여름 바지 팝니다 |16     |
|51         |test      |1000000 |아이폰15프로 입니다                         |사용감약간             |[unread]   |[unread]   |99         |판매중    |아이폰       |15     |
|49         |b         |5000    |클리오 섀도우                             |사용감많음             |[unread]   |[unread]   |12         |판매중    |클리오       |13     |
|-----------|----------|--------|------------------------------------|------------------|-----------|-----------|-----------|-------|----------|-------|

2024-04-24 19:38:48.319 [http-nio-80-exec-1] INFO 
				jdbc.resultsettable - 
|-----------------------------------------|
|img_uuid                                 |
|-----------------------------------------|
|7d353149-19d1-494c-9c0a-981c2a210539.jpg |
|-----------------------------------------|

2024-04-24 19:38:48.325 [http-nio-80-exec-1] INFO 
				jdbc.resultsettable - 
|-----------------------------------------|
|img_uuid                                 |
|-----------------------------------------|
|90fae030-3716-47aa-91c3-31f3d5110102.jpg |
|-----------------------------------------|

2024-04-24 19:38:48.329 [http-nio-80-exec-1] INFO 
				jdbc.resultsettable - 
|-----------------------------------------|
|img_uuid                                 |
|-----------------------------------------|
|7d01eed8-2620-4b29-a94f-be435d56098b.jpg |
|-----------------------------------------|

2024-04-24 19:38:48.334 [http-nio-80-exec-1] INFO 
				jdbc.resultsettable - 
|-----------------------------------------|
|img_uuid                                 |
|-----------------------------------------|
|68b147f7-2b4d-4ea5-8e58-01ea800db808.jpg |
|-----------------------------------------|

2024-04-24 19:38:48.339 [http-nio-80-exec-1] INFO 
				jdbc.resultsettable - 
|-----------------------------------------|
|img_uuid                                 |
|-----------------------------------------|
|6609cc9b-7473-4307-b602-10f7068c5ee3.jpg |
|-----------------------------------------|

2024-04-24 19:38:48.345 [http-nio-80-exec-1] INFO 
				jdbc.resultsettable - 
|-----------------------------------------|
|img_uuid                                 |
|-----------------------------------------|
|661a0579-720b-4a3f-894d-4488113d8737.jpg |
|-----------------------------------------|

2024-04-24 19:38:48.350 [http-nio-80-exec-1] INFO 
				jdbc.resultsettable - 
|-----------------------------------------|
|img_uuid                                 |
|-----------------------------------------|
|237b0f6e-07ec-4ec3-9ded-bb75d3b75473.jpg |
|-----------------------------------------|

2024-04-24 19:38:48.360 [http-nio-80-exec-1] INFO 
				jdbc.resultsettable - 
|-----------------------------------------|
|img_uuid                                 |
|-----------------------------------------|
|15dbe85c-d47f-4f8f-a4bd-5a3730d9d309.gif |
|-----------------------------------------|

2024-04-24 19:38:48.376 [http-nio-80-exec-1] INFO 
				jdbc.resultsettable - 
|-----------------------------------------|
|img_uuid                                 |
|-----------------------------------------|
|a1163d33-ea71-4cab-8c71-9bfc8e09d396.png |
|-----------------------------------------|

2024-04-24 19:38:48.389 [http-nio-80-exec-1] INFO 
				jdbc.resultsettable - 
|-----------------------------------------|
|img_uuid                                 |
|-----------------------------------------|
|4a18bb4a-4df8-4c1f-8a87-942e51b6a683.png |
|-----------------------------------------|

2024-04-24 19:39:05.217 [http-nio-80-exec-6] INFO 
				jdbc.resultsettable - 
|---------|
|count(*) |
|---------|
|10       |
|---------|

2024-04-24 19:39:05.226 [http-nio-80-exec-6] INFO 
				jdbc.resultsettable - 
|-----------|----------|--------|------------------------------------|------------------|-----------|-----------|-----------|-------|----------|-------|
|product_id |seller_id |price   |description                         |quality_condition |created_at |updated_at |read_count |status |title     |img_id |
|-----------|----------|--------|------------------------------------|------------------|-----------|-----------|-----------|-------|----------|-------|
|61         |tkdgml    |15,000  |갈색                                  |새상품(미사용)          |[unread]   |[unread]   |1          |판매중    |섀도우       |26     |
|60         |tkdgml    |15,000  |약간의 수선이 필요합니다.                      |수리/수선필요           |[unread]   |[unread]   |3          |판매중    |나무의자      |25     |
|59         |t         |90,000  |베이지 자케입니다                           |새상품(미사용)          |[unread]   |[unread]   |4          |판매중    |자켓        |24     |
|58         |t         |5,000   |거의 사용안함. 직거래희망                      |새상품(미사용)          |[unread]   |[unread]   |3          |판매중    |컬러 립틴트    |23     |
|57         |t         |20,000  |롬앤 컬러 립틴트 팝니다                       |새상품(미사용)          |[unread]   |[unread]   |1          |판매중    |립스틱       |22     |
|56         |test      |30,000  |거의 새상품입니다.                          |사용감약간             |[unread]   |[unread]   |1          |판매중    |화장품 팝니다   |21     |
|55         |test      |20,000  |거의 사용하지 않은 새상품
클리오 새도우
여쿨 강추!     |새상품(미사용)          |[unread]   |[unread]   |1          |판매중    |클리오 섀도우   |20     |
|52         |t         |22000   |베이지색 바지입니다. 한번만 입고 입은적 없는 거의 새옷입니다. |사용감많음             |[unread]   |[unread]   |178        |판매완료   |여름 바지 팝니다 |16     |
|51         |test      |1000000 |아이폰15프로 입니다                         |사용감약간             |[unread]   |[unread]   |99         |판매중    |아이폰       |15     |
|49         |b         |5000    |클리오 섀도우                             |사용감많음             |[unread]   |[unread]   |12         |판매중    |클리오       |13     |
|-----------|----------|--------|------------------------------------|------------------|-----------|-----------|-----------|-------|----------|-------|

2024-04-24 19:39:05.232 [http-nio-80-exec-6] INFO 
				jdbc.resultsettable - 
|-----------------------------------------|
|img_uuid                                 |
|-----------------------------------------|
|7d353149-19d1-494c-9c0a-981c2a210539.jpg |
|-----------------------------------------|

2024-04-24 19:39:05.237 [http-nio-80-exec-6] INFO 
				jdbc.resultsettable - 
|-----------------------------------------|
|img_uuid                                 |
|-----------------------------------------|
|90fae030-3716-47aa-91c3-31f3d5110102.jpg |
|-----------------------------------------|

2024-04-24 19:39:05.242 [http-nio-80-exec-6] INFO 
				jdbc.resultsettable - 
|-----------------------------------------|
|img_uuid                                 |
|-----------------------------------------|
|7d01eed8-2620-4b29-a94f-be435d56098b.jpg |
|-----------------------------------------|

2024-04-24 19:39:05.247 [http-nio-80-exec-6] INFO 
				jdbc.resultsettable - 
|-----------------------------------------|
|img_uuid                                 |
|-----------------------------------------|
|68b147f7-2b4d-4ea5-8e58-01ea800db808.jpg |
|-----------------------------------------|

2024-04-24 19:39:05.253 [http-nio-80-exec-6] INFO 
				jdbc.resultsettable - 
|-----------------------------------------|
|img_uuid                                 |
|-----------------------------------------|
|6609cc9b-7473-4307-b602-10f7068c5ee3.jpg |
|-----------------------------------------|

2024-04-24 19:39:05.258 [http-nio-80-exec-6] INFO 
				jdbc.resultsettable - 
|-----------------------------------------|
|img_uuid                                 |
|-----------------------------------------|
|661a0579-720b-4a3f-894d-4488113d8737.jpg |
|-----------------------------------------|

2024-04-24 19:39:05.263 [http-nio-80-exec-6] INFO 
				jdbc.resultsettable - 
|-----------------------------------------|
|img_uuid                                 |
|-----------------------------------------|
|237b0f6e-07ec-4ec3-9ded-bb75d3b75473.jpg |
|-----------------------------------------|

2024-04-24 19:39:05.268 [http-nio-80-exec-6] INFO 
				jdbc.resultsettable - 
|-----------------------------------------|
|img_uuid                                 |
|-----------------------------------------|
|15dbe85c-d47f-4f8f-a4bd-5a3730d9d309.gif |
|-----------------------------------------|

2024-04-24 19:39:05.272 [http-nio-80-exec-6] INFO 
				jdbc.resultsettable - 
|-----------------------------------------|
|img_uuid                                 |
|-----------------------------------------|
|a1163d33-ea71-4cab-8c71-9bfc8e09d396.png |
|-----------------------------------------|

2024-04-24 19:39:05.278 [http-nio-80-exec-6] INFO 
				jdbc.resultsettable - 
|-----------------------------------------|
|img_uuid                                 |
|-----------------------------------------|
|4a18bb4a-4df8-4c1f-8a87-942e51b6a683.png |
|-----------------------------------------|

2024-04-24 19:39:07.611 [http-nio-80-exec-7] INFO 
				jdbc.resultsettable - 
|---------|
|count(*) |
|---------|
|10       |
|---------|

2024-04-24 19:39:07.618 [http-nio-80-exec-7] INFO 
				jdbc.resultsettable - 
|-----------|----------|--------|------------------------------------|------------------|-----------|-----------|-----------|-------|----------|-------|
|product_id |seller_id |price   |description                         |quality_condition |created_at |updated_at |read_count |status |title     |img_id |
|-----------|----------|--------|------------------------------------|------------------|-----------|-----------|-----------|-------|----------|-------|
|61         |tkdgml    |15,000  |갈색                                  |새상품(미사용)          |[unread]   |[unread]   |1          |판매중    |섀도우       |26     |
|60         |tkdgml    |15,000  |약간의 수선이 필요합니다.                      |수리/수선필요           |[unread]   |[unread]   |3          |판매중    |나무의자      |25     |
|59         |t         |90,000  |베이지 자케입니다                           |새상품(미사용)          |[unread]   |[unread]   |4          |판매중    |자켓        |24     |
|58         |t         |5,000   |거의 사용안함. 직거래희망                      |새상품(미사용)          |[unread]   |[unread]   |3          |판매중    |컬러 립틴트    |23     |
|57         |t         |20,000  |롬앤 컬러 립틴트 팝니다                       |새상품(미사용)          |[unread]   |[unread]   |1          |판매중    |립스틱       |22     |
|56         |test      |30,000  |거의 새상품입니다.                          |사용감약간             |[unread]   |[unread]   |1          |판매중    |화장품 팝니다   |21     |
|55         |test      |20,000  |거의 사용하지 않은 새상품
클리오 새도우
여쿨 강추!     |새상품(미사용)          |[unread]   |[unread]   |1          |판매중    |클리오 섀도우   |20     |
|52         |t         |22000   |베이지색 바지입니다. 한번만 입고 입은적 없는 거의 새옷입니다. |사용감많음             |[unread]   |[unread]   |178        |판매완료   |여름 바지 팝니다 |16     |
|51         |test      |1000000 |아이폰15프로 입니다                         |사용감약간             |[unread]   |[unread]   |99         |판매중    |아이폰       |15     |
|49         |b         |5000    |클리오 섀도우                             |사용감많음             |[unread]   |[unread]   |12         |판매중    |클리오       |13     |
|-----------|----------|--------|------------------------------------|------------------|-----------|-----------|-----------|-------|----------|-------|

2024-04-24 19:39:07.624 [http-nio-80-exec-7] INFO 
				jdbc.resultsettable - 
|-----------------------------------------|
|img_uuid                                 |
|-----------------------------------------|
|7d353149-19d1-494c-9c0a-981c2a210539.jpg |
|-----------------------------------------|

2024-04-24 19:39:07.629 [http-nio-80-exec-7] INFO 
				jdbc.resultsettable - 
|-----------------------------------------|
|img_uuid                                 |
|-----------------------------------------|
|90fae030-3716-47aa-91c3-31f3d5110102.jpg |
|-----------------------------------------|

2024-04-24 19:39:07.634 [http-nio-80-exec-7] INFO 
				jdbc.resultsettable - 
|-----------------------------------------|
|img_uuid                                 |
|-----------------------------------------|
|7d01eed8-2620-4b29-a94f-be435d56098b.jpg |
|-----------------------------------------|

2024-04-24 19:39:07.639 [http-nio-80-exec-7] INFO 
				jdbc.resultsettable - 
|-----------------------------------------|
|img_uuid                                 |
|-----------------------------------------|
|68b147f7-2b4d-4ea5-8e58-01ea800db808.jpg |
|-----------------------------------------|

2024-04-24 19:39:07.644 [http-nio-80-exec-7] INFO 
				jdbc.resultsettable - 
|-----------------------------------------|
|img_uuid                                 |
|-----------------------------------------|
|6609cc9b-7473-4307-b602-10f7068c5ee3.jpg |
|-----------------------------------------|

2024-04-24 19:39:07.649 [http-nio-80-exec-7] INFO 
				jdbc.resultsettable - 
|-----------------------------------------|
|img_uuid                                 |
|-----------------------------------------|
|661a0579-720b-4a3f-894d-4488113d8737.jpg |
|-----------------------------------------|

2024-04-24 19:39:07.654 [http-nio-80-exec-7] INFO 
				jdbc.resultsettable - 
|-----------------------------------------|
|img_uuid                                 |
|-----------------------------------------|
|237b0f6e-07ec-4ec3-9ded-bb75d3b75473.jpg |
|-----------------------------------------|

2024-04-24 19:39:07.660 [http-nio-80-exec-7] INFO 
				jdbc.resultsettable - 
|-----------------------------------------|
|img_uuid                                 |
|-----------------------------------------|
|15dbe85c-d47f-4f8f-a4bd-5a3730d9d309.gif |
|-----------------------------------------|

2024-04-24 19:39:07.664 [http-nio-80-exec-7] INFO 
				jdbc.resultsettable - 
|-----------------------------------------|
|img_uuid                                 |
|-----------------------------------------|
|a1163d33-ea71-4cab-8c71-9bfc8e09d396.png |
|-----------------------------------------|

2024-04-24 19:39:07.669 [http-nio-80-exec-7] INFO 
				jdbc.resultsettable - 
|-----------------------------------------|
|img_uuid                                 |
|-----------------------------------------|
|4a18bb4a-4df8-4c1f-8a87-942e51b6a683.png |
|-----------------------------------------|

2024-04-24 19:40:36.270 [http-nio-80-exec-6] INFO 
				jdbc.resultsettable - 
|---------|
|count(*) |
|---------|
|10       |
|---------|

2024-04-24 19:40:36.277 [http-nio-80-exec-6] INFO 
				jdbc.resultsettable - 
|-----------|----------|--------|------------------------------------|------------------|-----------|-----------|-----------|-------|----------|-------|
|product_id |seller_id |price   |description                         |quality_condition |created_at |updated_at |read_count |status |title     |img_id |
|-----------|----------|--------|------------------------------------|------------------|-----------|-----------|-----------|-------|----------|-------|
|61         |tkdgml    |15,000  |갈색                                  |새상품(미사용)          |[unread]   |[unread]   |1          |판매중    |섀도우       |26     |
|60         |tkdgml    |15,000  |약간의 수선이 필요합니다.                      |수리/수선필요           |[unread]   |[unread]   |3          |판매중    |나무의자      |25     |
|59         |t         |90,000  |베이지 자케입니다                           |새상품(미사용)          |[unread]   |[unread]   |4          |판매중    |자켓        |24     |
|58         |t         |5,000   |거의 사용안함. 직거래희망                      |새상품(미사용)          |[unread]   |[unread]   |3          |판매중    |컬러 립틴트    |23     |
|57         |t         |20,000  |롬앤 컬러 립틴트 팝니다                       |새상품(미사용)          |[unread]   |[unread]   |1          |판매중    |립스틱       |22     |
|56         |test      |30,000  |거의 새상품입니다.                          |사용감약간             |[unread]   |[unread]   |1          |판매중    |화장품 팝니다   |21     |
|55         |test      |20,000  |거의 사용하지 않은 새상품
클리오 새도우
여쿨 강추!     |새상품(미사용)          |[unread]   |[unread]   |1          |판매중    |클리오 섀도우   |20     |
|52         |t         |22000   |베이지색 바지입니다. 한번만 입고 입은적 없는 거의 새옷입니다. |사용감많음             |[unread]   |[unread]   |178        |판매완료   |여름 바지 팝니다 |16     |
|51         |test      |1000000 |아이폰15프로 입니다                         |사용감약간             |[unread]   |[unread]   |99         |판매중    |아이폰       |15     |
|49         |b         |5000    |클리오 섀도우                             |사용감많음             |[unread]   |[unread]   |12         |판매중    |클리오       |13     |
|-----------|----------|--------|------------------------------------|------------------|-----------|-----------|-----------|-------|----------|-------|

2024-04-24 19:40:36.284 [http-nio-80-exec-6] INFO 
				jdbc.resultsettable - 
|-----------------------------------------|
|img_uuid                                 |
|-----------------------------------------|
|7d353149-19d1-494c-9c0a-981c2a210539.jpg |
|-----------------------------------------|

2024-04-24 19:40:36.289 [http-nio-80-exec-6] INFO 
				jdbc.resultsettable - 
|-----------------------------------------|
|img_uuid                                 |
|-----------------------------------------|
|90fae030-3716-47aa-91c3-31f3d5110102.jpg |
|-----------------------------------------|

2024-04-24 19:40:36.294 [http-nio-80-exec-6] INFO 
				jdbc.resultsettable - 
|-----------------------------------------|
|img_uuid                                 |
|-----------------------------------------|
|7d01eed8-2620-4b29-a94f-be435d56098b.jpg |
|-----------------------------------------|

2024-04-24 19:40:36.299 [http-nio-80-exec-6] INFO 
				jdbc.resultsettable - 
|-----------------------------------------|
|img_uuid                                 |
|-----------------------------------------|
|68b147f7-2b4d-4ea5-8e58-01ea800db808.jpg |
|-----------------------------------------|

2024-04-24 19:40:36.304 [http-nio-80-exec-6] INFO 
				jdbc.resultsettable - 
|-----------------------------------------|
|img_uuid                                 |
|-----------------------------------------|
|6609cc9b-7473-4307-b602-10f7068c5ee3.jpg |
|-----------------------------------------|

2024-04-24 19:40:36.309 [http-nio-80-exec-6] INFO 
				jdbc.resultsettable - 
|-----------------------------------------|
|img_uuid                                 |
|-----------------------------------------|
|661a0579-720b-4a3f-894d-4488113d8737.jpg |
|-----------------------------------------|

2024-04-24 19:40:36.314 [http-nio-80-exec-6] INFO 
				jdbc.resultsettable - 
|-----------------------------------------|
|img_uuid                                 |
|-----------------------------------------|
|237b0f6e-07ec-4ec3-9ded-bb75d3b75473.jpg |
|-----------------------------------------|

2024-04-24 19:40:36.319 [http-nio-80-exec-6] INFO 
				jdbc.resultsettable - 
|-----------------------------------------|
|img_uuid                                 |
|-----------------------------------------|
|15dbe85c-d47f-4f8f-a4bd-5a3730d9d309.gif |
|-----------------------------------------|

2024-04-24 19:40:36.324 [http-nio-80-exec-6] INFO 
				jdbc.resultsettable - 
|-----------------------------------------|
|img_uuid                                 |
|-----------------------------------------|
|a1163d33-ea71-4cab-8c71-9bfc8e09d396.png |
|-----------------------------------------|

2024-04-24 19:40:36.335 [http-nio-80-exec-6] INFO 
				jdbc.resultsettable - 
|-----------------------------------------|
|img_uuid                                 |
|-----------------------------------------|
|4a18bb4a-4df8-4c1f-8a87-942e51b6a683.png |
|-----------------------------------------|

2024-04-24 19:40:39.627 [http-nio-80-exec-3] INFO 
				jdbc.resultsettable - 
|---------|
|count(*) |
|---------|
|10       |
|---------|

2024-04-24 19:40:39.633 [http-nio-80-exec-3] INFO 
				jdbc.resultsettable - 
|-----------|----------|--------|------------------------------------|------------------|-----------|-----------|-----------|-------|----------|-------|
|product_id |seller_id |price   |description                         |quality_condition |created_at |updated_at |read_count |status |title     |img_id |
|-----------|----------|--------|------------------------------------|------------------|-----------|-----------|-----------|-------|----------|-------|
|61         |tkdgml    |15,000  |갈색                                  |새상품(미사용)          |[unread]   |[unread]   |1          |판매중    |섀도우       |26     |
|60         |tkdgml    |15,000  |약간의 수선이 필요합니다.                      |수리/수선필요           |[unread]   |[unread]   |3          |판매중    |나무의자      |25     |
|59         |t         |90,000  |베이지 자케입니다                           |새상품(미사용)          |[unread]   |[unread]   |4          |판매중    |자켓        |24     |
|58         |t         |5,000   |거의 사용안함. 직거래희망                      |새상품(미사용)          |[unread]   |[unread]   |3          |판매중    |컬러 립틴트    |23     |
|57         |t         |20,000  |롬앤 컬러 립틴트 팝니다                       |새상품(미사용)          |[unread]   |[unread]   |1          |판매중    |립스틱       |22     |
|56         |test      |30,000  |거의 새상품입니다.                          |사용감약간             |[unread]   |[unread]   |1          |판매중    |화장품 팝니다   |21     |
|55         |test      |20,000  |거의 사용하지 않은 새상품
클리오 새도우
여쿨 강추!     |새상품(미사용)          |[unread]   |[unread]   |1          |판매중    |클리오 섀도우   |20     |
|52         |t         |22000   |베이지색 바지입니다. 한번만 입고 입은적 없는 거의 새옷입니다. |사용감많음             |[unread]   |[unread]   |178        |판매완료   |여름 바지 팝니다 |16     |
|51         |test      |1000000 |아이폰15프로 입니다                         |사용감약간             |[unread]   |[unread]   |99         |판매중    |아이폰       |15     |
|49         |b         |5000    |클리오 섀도우                             |사용감많음             |[unread]   |[unread]   |12         |판매중    |클리오       |13     |
|-----------|----------|--------|------------------------------------|------------------|-----------|-----------|-----------|-------|----------|-------|

2024-04-24 19:40:39.639 [http-nio-80-exec-3] INFO 
				jdbc.resultsettable - 
|-----------------------------------------|
|img_uuid                                 |
|-----------------------------------------|
|7d353149-19d1-494c-9c0a-981c2a210539.jpg |
|-----------------------------------------|

2024-04-24 19:40:39.644 [http-nio-80-exec-3] INFO 
				jdbc.resultsettable - 
|-----------------------------------------|
|img_uuid                                 |
|-----------------------------------------|
|90fae030-3716-47aa-91c3-31f3d5110102.jpg |
|-----------------------------------------|

2024-04-24 19:40:39.649 [http-nio-80-exec-3] INFO 
				jdbc.resultsettable - 
|-----------------------------------------|
|img_uuid                                 |
|-----------------------------------------|
|7d01eed8-2620-4b29-a94f-be435d56098b.jpg |
|-----------------------------------------|

2024-04-24 19:40:39.654 [http-nio-80-exec-3] INFO 
				jdbc.resultsettable - 
|-----------------------------------------|
|img_uuid                                 |
|-----------------------------------------|
|68b147f7-2b4d-4ea5-8e58-01ea800db808.jpg |
|-----------------------------------------|

2024-04-24 19:40:39.659 [http-nio-80-exec-3] INFO 
				jdbc.resultsettable - 
|-----------------------------------------|
|img_uuid                                 |
|-----------------------------------------|
|6609cc9b-7473-4307-b602-10f7068c5ee3.jpg |
|-----------------------------------------|

2024-04-24 19:40:39.664 [http-nio-80-exec-3] INFO 
				jdbc.resultsettable - 
|-----------------------------------------|
|img_uuid                                 |
|-----------------------------------------|
|661a0579-720b-4a3f-894d-4488113d8737.jpg |
|-----------------------------------------|

2024-04-24 19:40:39.668 [http-nio-80-exec-3] INFO 
				jdbc.resultsettable - 
|-----------------------------------------|
|img_uuid                                 |
|-----------------------------------------|
|237b0f6e-07ec-4ec3-9ded-bb75d3b75473.jpg |
|-----------------------------------------|

2024-04-24 19:40:39.673 [http-nio-80-exec-3] INFO 
				jdbc.resultsettable - 
|-----------------------------------------|
|img_uuid                                 |
|-----------------------------------------|
|15dbe85c-d47f-4f8f-a4bd-5a3730d9d309.gif |
|-----------------------------------------|

2024-04-24 19:40:39.679 [http-nio-80-exec-3] INFO 
				jdbc.resultsettable - 
|-----------------------------------------|
|img_uuid                                 |
|-----------------------------------------|
|a1163d33-ea71-4cab-8c71-9bfc8e09d396.png |
|-----------------------------------------|

2024-04-24 19:40:39.684 [http-nio-80-exec-3] INFO 
				jdbc.resultsettable - 
|-----------------------------------------|
|img_uuid                                 |
|-----------------------------------------|
|4a18bb4a-4df8-4c1f-8a87-942e51b6a683.png |
|-----------------------------------------|

2024-04-24 19:40:49.429 [http-nio-80-exec-6] INFO 
				jdbc.resultsettable - 
|-------------------------------------------------------------|----------|
|password                                                     |active_yn |
|-------------------------------------------------------------|----------|
|$2a$10$QV9eob..yRc0mUicPaYtqufst7vNCWMit2BcV9lg16u6q0KjPGaDW |y         |
|-------------------------------------------------------------|----------|

2024-04-24 19:40:49.518 [http-nio-80-exec-5] INFO 
				jdbc.resultsettable - 
|---------|
|count(*) |
|---------|
|10       |
|---------|

2024-04-24 19:40:49.525 [http-nio-80-exec-5] INFO 
				jdbc.resultsettable - 
|-----------|----------|--------|------------------------------------|------------------|-----------|-----------|-----------|-------|----------|-------|
|product_id |seller_id |price   |description                         |quality_condition |created_at |updated_at |read_count |status |title     |img_id |
|-----------|----------|--------|------------------------------------|------------------|-----------|-----------|-----------|-------|----------|-------|
|61         |tkdgml    |15,000  |갈색                                  |새상품(미사용)          |[unread]   |[unread]   |1          |판매중    |섀도우       |26     |
|60         |tkdgml    |15,000  |약간의 수선이 필요합니다.                      |수리/수선필요           |[unread]   |[unread]   |3          |판매중    |나무의자      |25     |
|59         |t         |90,000  |베이지 자케입니다                           |새상품(미사용)          |[unread]   |[unread]   |4          |판매중    |자켓        |24     |
|58         |t         |5,000   |거의 사용안함. 직거래희망                      |새상품(미사용)          |[unread]   |[unread]   |3          |판매중    |컬러 립틴트    |23     |
|57         |t         |20,000  |롬앤 컬러 립틴트 팝니다                       |새상품(미사용)          |[unread]   |[unread]   |1          |판매중    |립스틱       |22     |
|56         |test      |30,000  |거의 새상품입니다.                          |사용감약간             |[unread]   |[unread]   |1          |판매중    |화장품 팝니다   |21     |
|55         |test      |20,000  |거의 사용하지 않은 새상품
클리오 새도우
여쿨 강추!     |새상품(미사용)          |[unread]   |[unread]   |1          |판매중    |클리오 섀도우   |20     |
|52         |t         |22000   |베이지색 바지입니다. 한번만 입고 입은적 없는 거의 새옷입니다. |사용감많음             |[unread]   |[unread]   |178        |판매완료   |여름 바지 팝니다 |16     |
|51         |test      |1000000 |아이폰15프로 입니다                         |사용감약간             |[unread]   |[unread]   |99         |판매중    |아이폰       |15     |
|49         |b         |5000    |클리오 섀도우                             |사용감많음             |[unread]   |[unread]   |12         |판매중    |클리오       |13     |
|-----------|----------|--------|------------------------------------|------------------|-----------|-----------|-----------|-------|----------|-------|

2024-04-24 19:40:49.530 [http-nio-80-exec-5] INFO 
				jdbc.resultsettable - 
|-----------------------------------------|
|img_uuid                                 |
|-----------------------------------------|
|7d353149-19d1-494c-9c0a-981c2a210539.jpg |
|-----------------------------------------|

2024-04-24 19:40:49.535 [http-nio-80-exec-5] INFO 
				jdbc.resultsettable - 
|-----------------------------------------|
|img_uuid                                 |
|-----------------------------------------|
|90fae030-3716-47aa-91c3-31f3d5110102.jpg |
|-----------------------------------------|

2024-04-24 19:40:49.540 [http-nio-80-exec-5] INFO 
				jdbc.resultsettable - 
|-----------------------------------------|
|img_uuid                                 |
|-----------------------------------------|
|7d01eed8-2620-4b29-a94f-be435d56098b.jpg |
|-----------------------------------------|

2024-04-24 19:40:49.545 [http-nio-80-exec-5] INFO 
				jdbc.resultsettable - 
|-----------------------------------------|
|img_uuid                                 |
|-----------------------------------------|
|68b147f7-2b4d-4ea5-8e58-01ea800db808.jpg |
|-----------------------------------------|

2024-04-24 19:40:49.550 [http-nio-80-exec-5] INFO 
				jdbc.resultsettable - 
|-----------------------------------------|
|img_uuid                                 |
|-----------------------------------------|
|6609cc9b-7473-4307-b602-10f7068c5ee3.jpg |
|-----------------------------------------|

2024-04-24 19:40:49.555 [http-nio-80-exec-5] INFO 
				jdbc.resultsettable - 
|-----------------------------------------|
|img_uuid                                 |
|-----------------------------------------|
|661a0579-720b-4a3f-894d-4488113d8737.jpg |
|-----------------------------------------|

2024-04-24 19:40:49.560 [http-nio-80-exec-5] INFO 
				jdbc.resultsettable - 
|-----------------------------------------|
|img_uuid                                 |
|-----------------------------------------|
|237b0f6e-07ec-4ec3-9ded-bb75d3b75473.jpg |
|-----------------------------------------|

2024-04-24 19:40:49.565 [http-nio-80-exec-5] INFO 
				jdbc.resultsettable - 
|-----------------------------------------|
|img_uuid                                 |
|-----------------------------------------|
|15dbe85c-d47f-4f8f-a4bd-5a3730d9d309.gif |
|-----------------------------------------|

2024-04-24 19:40:49.571 [http-nio-80-exec-5] INFO 
				jdbc.resultsettable - 
|-----------------------------------------|
|img_uuid                                 |
|-----------------------------------------|
|a1163d33-ea71-4cab-8c71-9bfc8e09d396.png |
|-----------------------------------------|

2024-04-24 19:40:49.576 [http-nio-80-exec-5] INFO 
				jdbc.resultsettable - 
|-----------------------------------------|
|img_uuid                                 |
|-----------------------------------------|
|4a18bb4a-4df8-4c1f-8a87-942e51b6a683.png |
|-----------------------------------------|

2024-04-24 19:40:51.775 [http-nio-80-exec-5] INFO 
				jdbc.resultsettable - 
|---------|
|count(*) |
|---------|
|4        |
|---------|

2024-04-24 19:40:51.782 [http-nio-80-exec-5] INFO 
				jdbc.resultsettable - 
|-----------|----------|-------|-----------|-----------|-------|----------|-------|
|product_id |seller_id |price  |updated_at |read_count |status |title     |img_id |
|-----------|----------|-------|-----------|-----------|-------|----------|-------|
|59         |t         |90,000 |[unread]   |4          |판매중    |자켓        |24     |
|58         |t         |5,000  |[unread]   |3          |판매중    |컬러 립틴트    |23     |
|57         |t         |20,000 |[unread]   |1          |판매중    |립스틱       |22     |
|52         |t         |22000  |[unread]   |178        |판매완료   |여름 바지 팝니다 |16     |
|-----------|----------|-------|-----------|-----------|-------|----------|-------|

2024-04-24 19:40:51.787 [http-nio-80-exec-5] INFO 
				jdbc.resultsettable - 
|-----------|
|zzim_count |
|-----------|
|0          |
|-----------|

2024-04-24 19:40:51.792 [http-nio-80-exec-5] INFO 
				jdbc.resultsettable - 
|-----------------------------------------|
|img_uuid                                 |
|-----------------------------------------|
|7d01eed8-2620-4b29-a94f-be435d56098b.jpg |
|-----------------------------------------|

2024-04-24 19:40:51.797 [http-nio-80-exec-5] INFO 
				jdbc.resultsettable - 
|-----------|
|zzim_count |
|-----------|
|0          |
|-----------|

2024-04-24 19:40:51.802 [http-nio-80-exec-5] INFO 
				jdbc.resultsettable - 
|-----------------------------------------|
|img_uuid                                 |
|-----------------------------------------|
|68b147f7-2b4d-4ea5-8e58-01ea800db808.jpg |
|-----------------------------------------|

2024-04-24 19:40:51.807 [http-nio-80-exec-5] INFO 
				jdbc.resultsettable - 
|-----------|
|zzim_count |
|-----------|
|0          |
|-----------|

2024-04-24 19:40:51.812 [http-nio-80-exec-5] INFO 
				jdbc.resultsettable - 
|-----------------------------------------|
|img_uuid                                 |
|-----------------------------------------|
|6609cc9b-7473-4307-b602-10f7068c5ee3.jpg |
|-----------------------------------------|

2024-04-24 19:40:51.819 [http-nio-80-exec-5] INFO 
				jdbc.resultsettable - 
|-----------|
|zzim_count |
|-----------|
|2          |
|-----------|

2024-04-24 19:40:51.824 [http-nio-80-exec-5] INFO 
				jdbc.resultsettable - 
|-----------------------------------------|
|img_uuid                                 |
|-----------------------------------------|
|15dbe85c-d47f-4f8f-a4bd-5a3730d9d309.gif |
|-----------------------------------------|

2024-04-24 19:40:55.573 [http-nio-80-exec-10] INFO 
				jdbc.resultsettable - 
|---------|
|count(*) |
|---------|
|4        |
|---------|

2024-04-24 19:40:55.578 [http-nio-80-exec-10] INFO 
				jdbc.resultsettable - 
|-----------|----------|-------|-----------|-----------|-------|----------|-------|
|product_id |seller_id |price  |updated_at |read_count |status |title     |img_id |
|-----------|----------|-------|-----------|-----------|-------|----------|-------|
|59         |t         |90,000 |[unread]   |4          |판매중    |자켓        |24     |
|58         |t         |5,000  |[unread]   |3          |판매중    |컬러 립틴트    |23     |
|57         |t         |20,000 |[unread]   |1          |판매중    |립스틱       |22     |
|52         |t         |22000  |[unread]   |178        |판매완료   |여름 바지 팝니다 |16     |
|-----------|----------|-------|-----------|-----------|-------|----------|-------|

2024-04-24 19:40:55.583 [http-nio-80-exec-10] INFO 
				jdbc.resultsettable - 
|-----------|
|zzim_count |
|-----------|
|0          |
|-----------|

2024-04-24 19:40:55.589 [http-nio-80-exec-10] INFO 
				jdbc.resultsettable - 
|-----------------------------------------|
|img_uuid                                 |
|-----------------------------------------|
|7d01eed8-2620-4b29-a94f-be435d56098b.jpg |
|-----------------------------------------|

2024-04-24 19:40:55.594 [http-nio-80-exec-10] INFO 
				jdbc.resultsettable - 
|-----------|
|zzim_count |
|-----------|
|0          |
|-----------|

2024-04-24 19:40:55.598 [http-nio-80-exec-10] INFO 
				jdbc.resultsettable - 
|-----------------------------------------|
|img_uuid                                 |
|-----------------------------------------|
|68b147f7-2b4d-4ea5-8e58-01ea800db808.jpg |
|-----------------------------------------|

2024-04-24 19:40:55.603 [http-nio-80-exec-10] INFO 
				jdbc.resultsettable - 
|-----------|
|zzim_count |
|-----------|
|0          |
|-----------|

2024-04-24 19:40:55.609 [http-nio-80-exec-10] INFO 
				jdbc.resultsettable - 
|-----------------------------------------|
|img_uuid                                 |
|-----------------------------------------|
|6609cc9b-7473-4307-b602-10f7068c5ee3.jpg |
|-----------------------------------------|

2024-04-24 19:40:55.615 [http-nio-80-exec-10] INFO 
				jdbc.resultsettable - 
|-----------|
|zzim_count |
|-----------|
|2          |
|-----------|

2024-04-24 19:40:55.620 [http-nio-80-exec-10] INFO 
				jdbc.resultsettable - 
|-----------------------------------------|
|img_uuid                                 |
|-----------------------------------------|
|15dbe85c-d47f-4f8f-a4bd-5a3730d9d309.gif |
|-----------------------------------------|

