2024-04-04 01:32:02.130 [http-nio-80-exec-3] INFO 
				jdbc.resultsettable - 
|-------------------------------------------------------------|----------|
|password                                                     |active_yn |
|-------------------------------------------------------------|----------|
|$2a$10$H8jm56odPlL.f2gI1rYiJeIxbYzNJ3a7OW3J6twJl9peZp1xzfUqa |y         |
|-------------------------------------------------------------|----------|

2024-04-04 01:32:26.053 [http-nio-80-exec-8] INFO 
				jdbc.resultsettable - 
|-------------|
|max(img_seq) |
|-------------|
|[null]       |
|-------------|

2024-04-04 01:35:01.325 [http-nio-80-exec-1] INFO 
				jdbc.resultsettable - 
|-------------|
|max(img_seq) |
|-------------|
|[null]       |
|-------------|

2024-04-04 01:35:30.408 [http-nio-80-exec-5] INFO 
				jdbc.resultsettable - 
|-------------------------------------------------------------|----------|
|password                                                     |active_yn |
|-------------------------------------------------------------|----------|
|$2a$10$H8jm56odPlL.f2gI1rYiJeIxbYzNJ3a7OW3J6twJl9peZp1xzfUqa |y         |
|-------------------------------------------------------------|----------|

2024-04-04 01:35:33.369 [http-nio-80-exec-1] INFO 
				jdbc.resultsettable - 
|-------------------------------------------------------------|----------|
|password                                                     |active_yn |
|-------------------------------------------------------------|----------|
|$2a$10$H8jm56odPlL.f2gI1rYiJeIxbYzNJ3a7OW3J6twJl9peZp1xzfUqa |y         |
|-------------------------------------------------------------|----------|

2024-04-04 01:35:36.858 [http-nio-80-exec-9] INFO 
				jdbc.resultsettable - 
|-------------------------------------------------------------|----------|
|password                                                     |active_yn |
|-------------------------------------------------------------|----------|
|$2a$10$H8jm56odPlL.f2gI1rYiJeIxbYzNJ3a7OW3J6twJl9peZp1xzfUqa |y         |
|-------------------------------------------------------------|----------|

2024-04-04 01:35:39.580 [http-nio-80-exec-10] INFO 
				jdbc.resultsettable - 
|-------------------------------------------------------------|----------|
|password                                                     |active_yn |
|-------------------------------------------------------------|----------|
|$2a$10$H8jm56odPlL.f2gI1rYiJeIxbYzNJ3a7OW3J6twJl9peZp1xzfUqa |y         |
|-------------------------------------------------------------|----------|

2024-04-04 01:35:54.751 [http-nio-80-exec-6] INFO 
				jdbc.resultsettable - 
|-------------|
|max(img_seq) |
|-------------|
|[null]       |
|-------------|

2024-04-04 01:50:45.405 [http-nio-80-exec-1] INFO 
				jdbc.resultsettable - 
|-----------|
|lastimgseq |
|-----------|
|1          |
|-----------|

2024-04-04 01:50:54.009 [http-nio-80-exec-9] INFO 
				jdbc.resultsettable - 
|-------------------------------------------------------------|----------|
|password                                                     |active_yn |
|-------------------------------------------------------------|----------|
|$2a$10$H8jm56odPlL.f2gI1rYiJeIxbYzNJ3a7OW3J6twJl9peZp1xzfUqa |y         |
|-------------------------------------------------------------|----------|

2024-04-04 01:50:57.010 [http-nio-80-exec-8] INFO 
				jdbc.resultsettable - 
|-------------------------------------------------------------|----------|
|password                                                     |active_yn |
|-------------------------------------------------------------|----------|
|$2a$10$H8jm56odPlL.f2gI1rYiJeIxbYzNJ3a7OW3J6twJl9peZp1xzfUqa |y         |
|-------------------------------------------------------------|----------|

2024-04-04 01:50:59.973 [http-nio-80-exec-4] INFO 
				jdbc.resultsettable - 
|-------------------------------------------------------------|----------|
|password                                                     |active_yn |
|-------------------------------------------------------------|----------|
|$2a$10$H8jm56odPlL.f2gI1rYiJeIxbYzNJ3a7OW3J6twJl9peZp1xzfUqa |y         |
|-------------------------------------------------------------|----------|

2024-04-04 01:51:16.668 [http-nio-80-exec-4] INFO 
				jdbc.resultsettable - 
|-----------|
|lastimgseq |
|-----------|
|1          |
|-----------|

2024-04-04 02:09:06.111 [http-nio-80-exec-8] INFO 
				jdbc.resultsettable - 
|-------------------------------------------------------------|----------|
|password                                                     |active_yn |
|-------------------------------------------------------------|----------|
|$2a$10$H8jm56odPlL.f2gI1rYiJeIxbYzNJ3a7OW3J6twJl9peZp1xzfUqa |y         |
|-------------------------------------------------------------|----------|

2024-04-04 02:09:19.491 [http-nio-80-exec-9] INFO 
				jdbc.resultsettable - 
|-----------|
|lastimgseq |
|-----------|
|1          |
|-----------|

2024-04-04 02:09:19.504 [http-nio-80-exec-9] INFO 
				jdbc.resultsettable - 
|-----------------|
|last_insert_id() |
|-----------------|
|0                |
|-----------------|

2024-04-04 02:09:19.506 [http-nio-80-exec-9] INFO 
				jdbc.resultsettable - 
|-----------|
|lastimgseq |
|-----------|
|2          |
|-----------|

2024-04-04 02:09:19.515 [http-nio-80-exec-9] INFO 
				jdbc.resultsettable - 
|-----------------|
|last_insert_id() |
|-----------------|
|0                |
|-----------------|

2024-04-04 02:10:53.609 [http-nio-80-exec-10] INFO 
				jdbc.resultsettable - 
|-------------------------------------------------------------|----------|
|password                                                     |active_yn |
|-------------------------------------------------------------|----------|
|$2a$10$H8jm56odPlL.f2gI1rYiJeIxbYzNJ3a7OW3J6twJl9peZp1xzfUqa |y         |
|-------------------------------------------------------------|----------|

2024-04-04 02:11:08.429 [http-nio-80-exec-3] INFO 
				jdbc.resultsettable - 
|-----------|
|lastimgseq |
|-----------|
|3          |
|-----------|

2024-04-04 02:11:08.437 [http-nio-80-exec-3] INFO 
				jdbc.resultsettable - 
|-----------------|
|last_insert_id() |
|-----------------|
|0                |
|-----------------|

2024-04-04 02:11:08.440 [http-nio-80-exec-3] INFO 
				jdbc.resultsettable - 
|-----------|
|lastimgseq |
|-----------|
|4          |
|-----------|

2024-04-04 02:11:08.448 [http-nio-80-exec-3] INFO 
				jdbc.resultsettable - 
|-----------------|
|last_insert_id() |
|-----------------|
|0                |
|-----------------|

2024-04-04 02:26:54.023 [http-nio-80-exec-7] INFO 
				jdbc.resultsettable - 
|-------------------------------------------------------------|----------|
|password                                                     |active_yn |
|-------------------------------------------------------------|----------|
|$2a$10$H8jm56odPlL.f2gI1rYiJeIxbYzNJ3a7OW3J6twJl9peZp1xzfUqa |y         |
|-------------------------------------------------------------|----------|

2024-04-04 02:26:57.740 [http-nio-80-exec-5] INFO 
				jdbc.resultsettable - 
|-------------------------------------------------------------|----------|
|password                                                     |active_yn |
|-------------------------------------------------------------|----------|
|$2a$10$H8jm56odPlL.f2gI1rYiJeIxbYzNJ3a7OW3J6twJl9peZp1xzfUqa |y         |
|-------------------------------------------------------------|----------|

2024-04-04 02:27:00.233 [http-nio-80-exec-3] INFO 
				jdbc.resultsettable - 
|-------------------------------------------------------------|----------|
|password                                                     |active_yn |
|-------------------------------------------------------------|----------|
|$2a$10$H8jm56odPlL.f2gI1rYiJeIxbYzNJ3a7OW3J6twJl9peZp1xzfUqa |y         |
|-------------------------------------------------------------|----------|

2024-04-04 02:27:15.470 [http-nio-80-exec-10] INFO 
				jdbc.resultsettable - 
|-----------|
|lastimgseq |
|-----------|
|0          |
|-----------|

2024-04-04 02:27:15.479 [http-nio-80-exec-10] INFO 
				jdbc.resultsettable - 
|-----------------|
|last_insert_id() |
|-----------------|
|0                |
|-----------------|

2024-04-04 02:27:15.481 [http-nio-80-exec-10] INFO 
				jdbc.resultsettable - 
|-----------|
|lastimgseq |
|-----------|
|1          |
|-----------|

2024-04-04 02:27:15.489 [http-nio-80-exec-10] INFO 
				jdbc.resultsettable - 
|-----------------|
|last_insert_id() |
|-----------------|
|0                |
|-----------------|

2024-04-04 02:30:21.981 [http-nio-80-exec-4] INFO 
				jdbc.resultsettable - 
|-----------|
|lastimgseq |
|-----------|
|2          |
|-----------|

2024-04-04 02:30:21.989 [http-nio-80-exec-4] INFO 
				jdbc.resultsettable - 
|-----------------|
|last_insert_id() |
|-----------------|
|0                |
|-----------------|

2024-04-04 02:30:21.991 [http-nio-80-exec-4] INFO 
				jdbc.resultsettable - 
|-----------|
|lastimgseq |
|-----------|
|3          |
|-----------|

2024-04-04 02:30:21.999 [http-nio-80-exec-4] INFO 
				jdbc.resultsettable - 
|-----------------|
|last_insert_id() |
|-----------------|
|0                |
|-----------------|

2024-04-04 02:30:22.001 [http-nio-80-exec-4] INFO 
				jdbc.resultsettable - 
|-----------|
|lastimgseq |
|-----------|
|4          |
|-----------|

2024-04-04 02:30:22.006 [http-nio-80-exec-4] INFO 
				jdbc.resultsettable - 
|-----------------|
|last_insert_id() |
|-----------------|
|0                |
|-----------------|

2024-04-04 03:00:04.853 [http-nio-80-exec-7] INFO 
				jdbc.resultsettable - 
|-------------------------------------------------------------|----------|
|password                                                     |active_yn |
|-------------------------------------------------------------|----------|
|$2a$10$H8jm56odPlL.f2gI1rYiJeIxbYzNJ3a7OW3J6twJl9peZp1xzfUqa |y         |
|-------------------------------------------------------------|----------|

2024-04-04 03:00:21.553 [http-nio-80-exec-1] INFO 
				jdbc.resultsettable - 
|-------|
|imgseq |
|-------|
|5      |
|-------|

2024-04-04 03:00:21.563 [http-nio-80-exec-1] INFO 
				jdbc.resultsettable - 
|------|
|imgid |
|------|
|0     |
|------|

2024-04-04 03:00:21.565 [http-nio-80-exec-1] INFO 
				jdbc.resultsettable - 
|-------|
|imgseq |
|-------|
|6      |
|-------|

2024-04-04 03:00:21.572 [http-nio-80-exec-1] INFO 
				jdbc.resultsettable - 
|------|
|imgid |
|------|
|0     |
|------|

2024-04-04 03:04:05.190 [http-nio-80-exec-4] INFO 
				jdbc.resultsettable - 
|-------|
|imgseq |
|-------|
|7      |
|-------|

2024-04-04 03:04:05.200 [http-nio-80-exec-4] INFO 
				jdbc.resultsettable - 
|------|
|imgid |
|------|
|39    |
|------|

2024-04-04 03:04:05.202 [http-nio-80-exec-4] INFO 
				jdbc.resultsettable - 
|-------|
|imgseq |
|-------|
|8      |
|-------|

2024-04-04 03:04:05.209 [http-nio-80-exec-4] INFO 
				jdbc.resultsettable - 
|------|
|imgid |
|------|
|39    |
|------|

2024-04-04 03:08:40.503 [http-nio-80-exec-3] INFO 
				jdbc.resultsettable - 
|-------------------------------------------------------------|----------|
|password                                                     |active_yn |
|-------------------------------------------------------------|----------|
|$2a$10$H8jm56odPlL.f2gI1rYiJeIxbYzNJ3a7OW3J6twJl9peZp1xzfUqa |y         |
|-------------------------------------------------------------|----------|

2024-04-04 03:09:00.224 [http-nio-80-exec-4] INFO 
				jdbc.resultsettable - 
|-------|
|imgseq |
|-------|
|9      |
|-------|

2024-04-04 03:09:00.233 [http-nio-80-exec-4] INFO 
				jdbc.resultsettable - 
|------|
|imgid |
|------|
|0     |
|------|

2024-04-04 03:09:00.236 [http-nio-80-exec-4] INFO 
				jdbc.resultsettable - 
|-------|
|imgseq |
|-------|
|10     |
|-------|

2024-04-04 03:09:00.244 [http-nio-80-exec-4] INFO 
				jdbc.resultsettable - 
|------|
|imgid |
|------|
|0     |
|------|

2024-04-04 03:09:19.383 [http-nio-80-exec-7] INFO 
				jdbc.resultsettable - 
|-------|
|imgseq |
|-------|
|11     |
|-------|

2024-04-04 03:09:19.389 [http-nio-80-exec-7] INFO 
				jdbc.resultsettable - 
|------|
|imgid |
|------|
|41    |
|------|

2024-04-04 03:09:19.393 [http-nio-80-exec-7] INFO 
				jdbc.resultsettable - 
|-------|
|imgseq |
|-------|
|12     |
|-------|

2024-04-04 03:09:19.400 [http-nio-80-exec-7] INFO 
				jdbc.resultsettable - 
|------|
|imgid |
|------|
|41    |
|------|

2024-04-04 03:14:45.836 [http-nio-80-exec-7] INFO 
				jdbc.resultsettable - 
|-------|
|imgseq |
|-------|
|13     |
|-------|

2024-04-04 03:14:45.844 [http-nio-80-exec-7] INFO 
				jdbc.resultsettable - 
|------|
|imgid |
|------|
|42    |
|------|

2024-04-04 03:14:45.846 [http-nio-80-exec-7] INFO 
				jdbc.resultsettable - 
|-------|
|imgseq |
|-------|
|14     |
|-------|

2024-04-04 03:14:45.853 [http-nio-80-exec-7] INFO 
				jdbc.resultsettable - 
|------|
|imgid |
|------|
|42    |
|------|

2024-04-04 03:28:29.662 [http-nio-80-exec-9] INFO 
				jdbc.resultsettable - 
|-------------------------------------------------------------|----------|
|password                                                     |active_yn |
|-------------------------------------------------------------|----------|
|$2a$10$H8jm56odPlL.f2gI1rYiJeIxbYzNJ3a7OW3J6twJl9peZp1xzfUqa |y         |
|-------------------------------------------------------------|----------|

2024-04-04 03:28:45.003 [http-nio-80-exec-5] INFO 
				jdbc.resultsettable - 
|-------|
|imgseq |
|-------|
|15     |
|-------|

2024-04-04 03:30:25.030 [http-nio-80-exec-3] INFO 
				jdbc.resultsettable - 
|-------------------------------------------------------------|----------|
|password                                                     |active_yn |
|-------------------------------------------------------------|----------|
|$2a$10$H8jm56odPlL.f2gI1rYiJeIxbYzNJ3a7OW3J6twJl9peZp1xzfUqa |y         |
|-------------------------------------------------------------|----------|

2024-04-04 03:30:35.329 [http-nio-80-exec-3] INFO 
				jdbc.resultsettable - 
|-------|
|imgseq |
|-------|
|16     |
|-------|

2024-04-04 03:31:36.043 [http-nio-80-exec-6] INFO 
				jdbc.resultsettable - 
|-------------------------------------------------------------|----------|
|password                                                     |active_yn |
|-------------------------------------------------------------|----------|
|$2a$10$H8jm56odPlL.f2gI1rYiJeIxbYzNJ3a7OW3J6twJl9peZp1xzfUqa |y         |
|-------------------------------------------------------------|----------|

2024-04-04 03:31:38.997 [http-nio-80-exec-1] INFO 
				jdbc.resultsettable - 
|-------------------------------------------------------------|----------|
|password                                                     |active_yn |
|-------------------------------------------------------------|----------|
|$2a$10$H8jm56odPlL.f2gI1rYiJeIxbYzNJ3a7OW3J6twJl9peZp1xzfUqa |y         |
|-------------------------------------------------------------|----------|

2024-04-04 03:31:41.938 [http-nio-80-exec-4] INFO 
				jdbc.resultsettable - 
|-------------------------------------------------------------|----------|
|password                                                     |active_yn |
|-------------------------------------------------------------|----------|
|$2a$10$H8jm56odPlL.f2gI1rYiJeIxbYzNJ3a7OW3J6twJl9peZp1xzfUqa |y         |
|-------------------------------------------------------------|----------|

2024-04-04 03:31:55.257 [http-nio-80-exec-3] INFO 
				jdbc.resultsettable - 
|-------|
|imgseq |
|-------|
|17     |
|-------|

2024-04-04 03:31:55.268 [http-nio-80-exec-3] INFO 
				jdbc.resultsettable - 
|-------|
|img_id |
|-------|
|0      |
|0      |
|0      |
|0      |
|0      |
|0      |
|0      |
|0      |
|0      |
|0      |
|0      |
|0      |
|0      |
|0      |
|0      |
|0      |
|0      |
|0      |
|-------|

2024-04-04 03:37:49.156 [http-nio-80-exec-5] INFO 
				jdbc.resultsettable - 
|-------------------------------------------------------------|----------|
|password                                                     |active_yn |
|-------------------------------------------------------------|----------|
|$2a$10$H8jm56odPlL.f2gI1rYiJeIxbYzNJ3a7OW3J6twJl9peZp1xzfUqa |y         |
|-------------------------------------------------------------|----------|

2024-04-04 03:37:52.175 [http-nio-80-exec-9] INFO 
				jdbc.resultsettable - 
|-------------------------------------------------------------|----------|
|password                                                     |active_yn |
|-------------------------------------------------------------|----------|
|$2a$10$H8jm56odPlL.f2gI1rYiJeIxbYzNJ3a7OW3J6twJl9peZp1xzfUqa |y         |
|-------------------------------------------------------------|----------|

2024-04-04 03:38:07.206 [http-nio-80-exec-9] INFO 
				jdbc.resultsettable - 
|-------|
|imgseq |
|-------|
|19     |
|-------|

2024-04-04 03:51:29.114 [http-nio-80-exec-7] INFO 
				jdbc.resultsettable - 
|-------------------------------------------------------------|----------|
|password                                                     |active_yn |
|-------------------------------------------------------------|----------|
|$2a$10$H8jm56odPlL.f2gI1rYiJeIxbYzNJ3a7OW3J6twJl9peZp1xzfUqa |y         |
|-------------------------------------------------------------|----------|

2024-04-04 03:51:32.291 [http-nio-80-exec-2] INFO 
				jdbc.resultsettable - 
|-------------------------------------------------------------|----------|
|password                                                     |active_yn |
|-------------------------------------------------------------|----------|
|$2a$10$H8jm56odPlL.f2gI1rYiJeIxbYzNJ3a7OW3J6twJl9peZp1xzfUqa |y         |
|-------------------------------------------------------------|----------|

2024-04-04 03:51:34.919 [http-nio-80-exec-6] INFO 
				jdbc.resultsettable - 
|-------------------------------------------------------------|----------|
|password                                                     |active_yn |
|-------------------------------------------------------------|----------|
|$2a$10$H8jm56odPlL.f2gI1rYiJeIxbYzNJ3a7OW3J6twJl9peZp1xzfUqa |y         |
|-------------------------------------------------------------|----------|

2024-04-04 03:52:19.842 [http-nio-80-exec-10] INFO 
				jdbc.resultsettable - 
|-------|
|imgseq |
|-------|
|21     |
|-------|

2024-04-04 04:13:47.223 [http-nio-80-exec-4] INFO 
				jdbc.resultsettable - 
|-------------------------------------------------------------|----------|
|password                                                     |active_yn |
|-------------------------------------------------------------|----------|
|$2a$10$H8jm56odPlL.f2gI1rYiJeIxbYzNJ3a7OW3J6twJl9peZp1xzfUqa |y         |
|-------------------------------------------------------------|----------|

2024-04-04 04:14:02.022 [http-nio-80-exec-2] INFO 
				jdbc.resultsettable - 
|-------|
|imgseq |
|-------|
|23     |
|-------|

2024-04-04 04:14:56.742 [http-nio-80-exec-5] INFO 
				jdbc.resultsettable - 
|---------|----------|
|password |active_yn |
|---------|----------|
|---------|----------|

2024-04-04 04:14:58.901 [http-nio-80-exec-9] INFO 
				jdbc.resultsettable - 
|-------------------------------------------------------------|----------|
|password                                                     |active_yn |
|-------------------------------------------------------------|----------|
|$2a$10$H8jm56odPlL.f2gI1rYiJeIxbYzNJ3a7OW3J6twJl9peZp1xzfUqa |y         |
|-------------------------------------------------------------|----------|

2024-04-04 04:15:12.944 [http-nio-80-exec-8] INFO 
				jdbc.resultsettable - 
|-------|
|imgseq |
|-------|
|25     |
|-------|

2024-04-04 04:15:12.955 [http-nio-80-exec-8] INFO 
				jdbc.resultsettable - 
|------|
|imgid |
|------|
|0     |
|------|

2024-04-04 04:15:12.957 [http-nio-80-exec-8] INFO 
				jdbc.resultsettable - 
|-------|
|imgseq |
|-------|
|1      |
|-------|

2024-04-04 04:15:12.965 [http-nio-80-exec-8] INFO 
				jdbc.resultsettable - 
|------|
|imgid |
|------|
|0     |
|------|

2024-04-04 04:19:05.157 [http-nio-80-exec-5] INFO 
				jdbc.resultsettable - 
|-------------------------------------------------------------|----------|
|password                                                     |active_yn |
|-------------------------------------------------------------|----------|
|$2a$10$H8jm56odPlL.f2gI1rYiJeIxbYzNJ3a7OW3J6twJl9peZp1xzfUqa |y         |
|-------------------------------------------------------------|----------|

2024-04-04 04:19:31.063 [http-nio-80-exec-6] INFO 
				jdbc.resultsettable - 
|-------|
|imgseq |
|-------|
|1      |
|-------|

2024-04-04 04:19:31.072 [http-nio-80-exec-6] INFO 
				jdbc.resultsettable - 
|------|
|imgid |
|------|
|0     |
|------|

2024-04-04 04:19:31.075 [http-nio-80-exec-6] INFO 
				jdbc.resultsettable - 
|-------|
|imgseq |
|-------|
|1      |
|-------|

2024-04-04 04:19:31.082 [http-nio-80-exec-6] INFO 
				jdbc.resultsettable - 
|------|
|imgid |
|------|
|0     |
|------|

2024-04-04 04:22:54.551 [http-nio-80-exec-8] INFO 
				jdbc.resultsettable - 
|-------------------------------------------------------------|----------|
|password                                                     |active_yn |
|-------------------------------------------------------------|----------|
|$2a$10$H8jm56odPlL.f2gI1rYiJeIxbYzNJ3a7OW3J6twJl9peZp1xzfUqa |y         |
|-------------------------------------------------------------|----------|

2024-04-04 04:23:10.270 [http-nio-80-exec-2] INFO 
				jdbc.resultsettable - 
|-------|
|imgseq |
|-------|
|2      |
|-------|

2024-04-04 04:23:10.280 [http-nio-80-exec-2] INFO 
				jdbc.resultsettable - 
|------|
|imgid |
|------|
|0     |
|------|

2024-04-04 04:23:10.282 [http-nio-80-exec-2] INFO 
				jdbc.resultsettable - 
|-------|
|imgseq |
|-------|
|2      |
|-------|

2024-04-04 04:23:10.289 [http-nio-80-exec-2] INFO 
				jdbc.resultsettable - 
|------|
|imgid |
|------|
|0     |
|------|

2024-04-04 04:24:54.249 [http-nio-80-exec-6] INFO 
				jdbc.resultsettable - 
|-------|
|imgseq |
|-------|
|3      |
|-------|

2024-04-04 04:24:54.258 [http-nio-80-exec-6] INFO 
				jdbc.resultsettable - 
|------|
|imgid |
|------|
|46    |
|------|

2024-04-04 04:24:54.261 [http-nio-80-exec-6] INFO 
				jdbc.resultsettable - 
|-------|
|imgseq |
|-------|
|3      |
|-------|

2024-04-04 04:24:54.269 [http-nio-80-exec-6] INFO 
				jdbc.resultsettable - 
|------|
|imgid |
|------|
|46    |
|------|

2024-04-04 04:27:05.669 [http-nio-80-exec-3] INFO 
				jdbc.resultsettable - 
|-------|
|imgseq |
|-------|
|4      |
|-------|

2024-04-04 04:27:05.676 [http-nio-80-exec-3] INFO 
				jdbc.resultsettable - 
|------|
|imgid |
|------|
|47    |
|------|

2024-04-04 04:27:05.679 [http-nio-80-exec-3] INFO 
				jdbc.resultsettable - 
|-------|
|imgseq |
|-------|
|4      |
|-------|

2024-04-04 04:27:05.687 [http-nio-80-exec-3] INFO 
				jdbc.resultsettable - 
|------|
|imgid |
|------|
|47    |
|------|

2024-04-04 04:28:59.741 [http-nio-80-exec-4] INFO 
				jdbc.resultsettable - 
|-------|
|imgseq |
|-------|
|5      |
|-------|

2024-04-04 04:28:59.747 [http-nio-80-exec-4] INFO 
				jdbc.resultsettable - 
|------|
|imgid |
|------|
|48    |
|------|

2024-04-04 04:28:59.750 [http-nio-80-exec-4] INFO 
				jdbc.resultsettable - 
|-------|
|imgseq |
|-------|
|5      |
|-------|

2024-04-04 04:28:59.757 [http-nio-80-exec-4] INFO 
				jdbc.resultsettable - 
|------|
|imgid |
|------|
|48    |
|------|

2024-04-04 04:29:50.814 [http-nio-80-exec-4] INFO 
				jdbc.resultsettable - 
|-------------------------------------------------------------|----------|
|password                                                     |active_yn |
|-------------------------------------------------------------|----------|
|$2a$10$H8jm56odPlL.f2gI1rYiJeIxbYzNJ3a7OW3J6twJl9peZp1xzfUqa |y         |
|-------------------------------------------------------------|----------|

2024-04-04 04:30:06.996 [http-nio-80-exec-1] INFO 
				jdbc.resultsettable - 
|-------|
|imgseq |
|-------|
|6      |
|-------|

2024-04-04 04:30:07.003 [http-nio-80-exec-1] INFO 
				jdbc.resultsettable - 
|------|
|imgid |
|------|
|49    |
|------|

2024-04-04 04:30:07.006 [http-nio-80-exec-1] INFO 
				jdbc.resultsettable - 
|-------|
|imgseq |
|-------|
|6      |
|-------|

2024-04-04 04:30:07.012 [http-nio-80-exec-1] INFO 
				jdbc.resultsettable - 
|------|
|imgid |
|------|
|49    |
|------|

2024-04-04 05:09:41.461 [http-nio-80-exec-4] INFO 
				jdbc.resultsettable - 
|-------------------------------------------------------------|----------|
|password                                                     |active_yn |
|-------------------------------------------------------------|----------|
|$2a$10$H8jm56odPlL.f2gI1rYiJeIxbYzNJ3a7OW3J6twJl9peZp1xzfUqa |y         |
|-------------------------------------------------------------|----------|

2024-04-04 05:09:55.887 [http-nio-80-exec-8] INFO 
				jdbc.resultsettable - 
|-------|
|imgseq |
|-------|
|7      |
|-------|

2024-04-04 05:09:55.900 [http-nio-80-exec-8] INFO 
				jdbc.resultsettable - 
|------|
|imgid |
|------|
|0     |
|------|

2024-04-04 05:09:55.903 [http-nio-80-exec-8] INFO 
				jdbc.resultsettable - 
|-------|
|imgseq |
|-------|
|7      |
|-------|

2024-04-04 05:09:55.911 [http-nio-80-exec-8] INFO 
				jdbc.resultsettable - 
|------|
|imgid |
|------|
|0     |
|------|

2024-04-04 10:14:25.872 [http-nio-80-exec-3] INFO 
				jdbc.resultsettable - 
|-------------------------------------------------------------|----------|
|password                                                     |active_yn |
|-------------------------------------------------------------|----------|
|$2a$10$H8jm56odPlL.f2gI1rYiJeIxbYzNJ3a7OW3J6twJl9peZp1xzfUqa |y         |
|-------------------------------------------------------------|----------|

2024-04-04 10:14:50.261 [http-nio-80-exec-7] INFO 
				jdbc.resultsettable - 
|-------|
|imgseq |
|-------|
|0      |
|-------|

2024-04-04 10:14:50.272 [http-nio-80-exec-7] INFO 
				jdbc.resultsettable - 
|------|
|imgid |
|------|
|0     |
|------|

2024-04-04 10:14:50.274 [http-nio-80-exec-7] INFO 
				jdbc.resultsettable - 
|-------|
|imgseq |
|-------|
|0      |
|-------|

2024-04-04 10:14:50.281 [http-nio-80-exec-7] INFO 
				jdbc.resultsettable - 
|------|
|imgid |
|------|
|0     |
|------|

2024-04-04 10:34:25.147 [http-nio-80-exec-1] INFO 
				jdbc.resultsettable - 
|-------------------------------------------------------------|----------|
|password                                                     |active_yn |
|-------------------------------------------------------------|----------|
|$2a$10$H8jm56odPlL.f2gI1rYiJeIxbYzNJ3a7OW3J6twJl9peZp1xzfUqa |y         |
|-------------------------------------------------------------|----------|

2024-04-04 10:34:48.535 [http-nio-80-exec-10] INFO 
				jdbc.resultsettable - 
|-------|
|imgseq |
|-------|
|1      |
|-------|

2024-04-04 10:34:48.545 [http-nio-80-exec-10] INFO 
				jdbc.resultsettable - 
|------|
|imgid |
|------|
|0     |
|------|

2024-04-04 10:34:48.553 [http-nio-80-exec-10] INFO 
				jdbc.resultsettable - 
|------|
|imgid |
|------|
|0     |
|------|

2024-04-04 10:55:53.038 [http-nio-80-exec-10] INFO 
				jdbc.resultsettable - 
|-------------------------------------------------------------|----------|
|password                                                     |active_yn |
|-------------------------------------------------------------|----------|
|$2a$10$H8jm56odPlL.f2gI1rYiJeIxbYzNJ3a7OW3J6twJl9peZp1xzfUqa |y         |
|-------------------------------------------------------------|----------|

2024-04-04 10:56:30.307 [http-nio-80-exec-9] INFO 
				jdbc.resultsettable - 
|-------|
|imgseq |
|-------|
|1      |
|-------|

2024-04-04 10:58:19.751 [http-nio-80-exec-2] INFO 
				jdbc.resultsettable - 
|-------|
|imgseq |
|-------|
|0      |
|-------|

2024-04-04 10:58:19.758 [http-nio-80-exec-2] INFO 
				jdbc.resultsettable - 
|------|
|imgid |
|------|
|0     |
|------|

2024-04-04 10:58:19.765 [http-nio-80-exec-2] INFO 
				jdbc.resultsettable - 
|------|
|imgid |
|------|
|0     |
|------|

2024-04-04 10:59:21.908 [http-nio-80-exec-3] INFO 
				jdbc.resultsettable - 
|-------|
|imgseq |
|-------|
|0      |
|-------|

2024-04-04 11:21:13.614 [http-nio-80-exec-1] INFO 
				jdbc.resultsettable - 
|-------------------------------------------------------------|----------|
|password                                                     |active_yn |
|-------------------------------------------------------------|----------|
|$2a$10$H8jm56odPlL.f2gI1rYiJeIxbYzNJ3a7OW3J6twJl9peZp1xzfUqa |y         |
|-------------------------------------------------------------|----------|

2024-04-04 11:21:17.185 [http-nio-80-exec-4] INFO 
				jdbc.resultsettable - 
|-------------------------------------------------------------|----------|
|password                                                     |active_yn |
|-------------------------------------------------------------|----------|
|$2a$10$H8jm56odPlL.f2gI1rYiJeIxbYzNJ3a7OW3J6twJl9peZp1xzfUqa |y         |
|-------------------------------------------------------------|----------|

2024-04-04 11:21:21.020 [http-nio-80-exec-8] INFO 
				jdbc.resultsettable - 
|-------------------------------------------------------------|----------|
|password                                                     |active_yn |
|-------------------------------------------------------------|----------|
|$2a$10$H8jm56odPlL.f2gI1rYiJeIxbYzNJ3a7OW3J6twJl9peZp1xzfUqa |y         |
|-------------------------------------------------------------|----------|

2024-04-04 11:21:50.651 [http-nio-80-exec-6] INFO 
				jdbc.resultsettable - 
|-------|
|imgseq |
|-------|
|0      |
|-------|

2024-04-04 11:29:50.780 [http-nio-80-exec-3] INFO 
				jdbc.resultsettable - 
|-------------------------------------------------------------|----------|
|password                                                     |active_yn |
|-------------------------------------------------------------|----------|
|$2a$10$H8jm56odPlL.f2gI1rYiJeIxbYzNJ3a7OW3J6twJl9peZp1xzfUqa |y         |
|-------------------------------------------------------------|----------|

2024-04-04 11:30:12.774 [http-nio-80-exec-1] INFO 
				jdbc.resultsettable - 
|-------|
|imgseq |
|-------|
|0      |
|-------|

2024-04-04 11:30:58.580 [http-nio-80-exec-3] INFO 
				jdbc.resultsettable - 
|-------------------------------------------------------------|----------|
|password                                                     |active_yn |
|-------------------------------------------------------------|----------|
|$2a$10$H8jm56odPlL.f2gI1rYiJeIxbYzNJ3a7OW3J6twJl9peZp1xzfUqa |y         |
|-------------------------------------------------------------|----------|

2024-04-04 11:31:13.167 [http-nio-80-exec-8] INFO 
				jdbc.resultsettable - 
|-------|
|imgseq |
|-------|
|0      |
|-------|

2024-04-04 11:31:54.127 [http-nio-80-exec-8] INFO 
				jdbc.resultsettable - 
|-------|
|imgseq |
|-------|
|0      |
|-------|

2024-04-04 11:40:32.135 [http-nio-80-exec-10] INFO 
				jdbc.resultsettable - 
|-------------------------------------------------------------|----------|
|password                                                     |active_yn |
|-------------------------------------------------------------|----------|
|$2a$10$H8jm56odPlL.f2gI1rYiJeIxbYzNJ3a7OW3J6twJl9peZp1xzfUqa |y         |
|-------------------------------------------------------------|----------|

2024-04-04 11:40:48.056 [http-nio-80-exec-2] INFO 
				jdbc.resultsettable - 
|-------|
|imgseq |
|-------|
|0      |
|-------|

2024-04-04 11:41:26.252 [http-nio-80-exec-2] INFO 
				jdbc.resultsettable - 
|-------|
|imgseq |
|-------|
|0      |
|-------|

2024-04-04 11:45:41.819 [http-nio-80-exec-2] INFO 
				jdbc.resultsettable - 
|-------------------------------------------------------------|----------|
|password                                                     |active_yn |
|-------------------------------------------------------------|----------|
|$2a$10$H8jm56odPlL.f2gI1rYiJeIxbYzNJ3a7OW3J6twJl9peZp1xzfUqa |y         |
|-------------------------------------------------------------|----------|

2024-04-04 13:25:10.315 [http-nio-80-exec-8] INFO 
				jdbc.resultsettable - 
|-------------------------------------------------------------|----------|
|password                                                     |active_yn |
|-------------------------------------------------------------|----------|
|$2a$10$H8jm56odPlL.f2gI1rYiJeIxbYzNJ3a7OW3J6twJl9peZp1xzfUqa |y         |
|-------------------------------------------------------------|----------|

2024-04-04 13:25:42.170 [http-nio-80-exec-2] INFO 
				jdbc.resultsettable - 
|-------|
|imgseq |
|-------|
|0      |
|-------|

2024-04-04 13:26:33.584 [http-nio-80-exec-9] INFO 
				jdbc.resultsettable - 
|-------------------------------------------------------------|----------|
|password                                                     |active_yn |
|-------------------------------------------------------------|----------|
|$2a$10$H8jm56odPlL.f2gI1rYiJeIxbYzNJ3a7OW3J6twJl9peZp1xzfUqa |y         |
|-------------------------------------------------------------|----------|

2024-04-04 13:27:32.057 [http-nio-80-exec-8] INFO 
				jdbc.resultsettable - 
|-------|
|imgseq |
|-------|
|0      |
|-------|

2024-04-04 13:28:49.335 [http-nio-80-exec-6] INFO 
				jdbc.resultsettable - 
|-------|
|imgseq |
|-------|
|0      |
|-------|

2024-04-04 13:55:50.260 [http-nio-80-exec-4] INFO 
				jdbc.resultsettable - 
|---------|----------|
|password |active_yn |
|---------|----------|
|---------|----------|

2024-04-04 13:55:54.911 [http-nio-80-exec-6] INFO 
				jdbc.resultsettable - 
|-------------------------------------------------------------|----------|
|password                                                     |active_yn |
|-------------------------------------------------------------|----------|
|$2a$10$H8jm56odPlL.f2gI1rYiJeIxbYzNJ3a7OW3J6twJl9peZp1xzfUqa |y         |
|-------------------------------------------------------------|----------|

2024-04-04 13:56:13.468 [http-nio-80-exec-5] INFO 
				jdbc.resultsettable - 
|-------|
|imgseq |
|-------|
|0      |
|-------|

2024-04-04 14:23:39.422 [http-nio-80-exec-1] INFO 
				jdbc.resultsettable - 
|---------|----------|
|password |active_yn |
|---------|----------|
|---------|----------|

2024-04-04 14:23:40.625 [http-nio-80-exec-10] INFO 
				jdbc.resultsettable - 
|-------------------------------------------------------------|----------|
|password                                                     |active_yn |
|-------------------------------------------------------------|----------|
|$2a$10$H8jm56odPlL.f2gI1rYiJeIxbYzNJ3a7OW3J6twJl9peZp1xzfUqa |y         |
|-------------------------------------------------------------|----------|

2024-04-04 14:23:54.767 [http-nio-80-exec-6] INFO 
				jdbc.resultsettable - 
|-------------------------------------------------------------|----------|
|password                                                     |active_yn |
|-------------------------------------------------------------|----------|
|$2a$10$H8jm56odPlL.f2gI1rYiJeIxbYzNJ3a7OW3J6twJl9peZp1xzfUqa |y         |
|-------------------------------------------------------------|----------|

2024-04-04 14:24:03.254 [http-nio-80-exec-7] INFO 
				jdbc.resultsettable - 
|-------------------------------------------------------------|----------|
|password                                                     |active_yn |
|-------------------------------------------------------------|----------|
|$2a$10$H8jm56odPlL.f2gI1rYiJeIxbYzNJ3a7OW3J6twJl9peZp1xzfUqa |y         |
|-------------------------------------------------------------|----------|

2024-04-04 14:26:13.913 [http-nio-80-exec-7] INFO 
				jdbc.resultsettable - 
|-------------------------------------------------------------|----------|
|password                                                     |active_yn |
|-------------------------------------------------------------|----------|
|$2a$10$H8jm56odPlL.f2gI1rYiJeIxbYzNJ3a7OW3J6twJl9peZp1xzfUqa |y         |
|-------------------------------------------------------------|----------|

2024-04-04 14:29:25.548 [http-nio-80-exec-1] INFO 
				jdbc.resultsettable - 
|-------------------------------------------------------------|----------|
|password                                                     |active_yn |
|-------------------------------------------------------------|----------|
|$2a$10$H8jm56odPlL.f2gI1rYiJeIxbYzNJ3a7OW3J6twJl9peZp1xzfUqa |y         |
|-------------------------------------------------------------|----------|

2024-04-04 14:56:30.072 [http-nio-80-exec-5] INFO 
				jdbc.resultsettable - 
|-------------------------------------------------------------|----------|
|password                                                     |active_yn |
|-------------------------------------------------------------|----------|
|$2a$10$H8jm56odPlL.f2gI1rYiJeIxbYzNJ3a7OW3J6twJl9peZp1xzfUqa |y         |
|-------------------------------------------------------------|----------|

2024-04-04 14:57:43.427 [http-nio-80-exec-7] INFO 
				jdbc.resultsettable - 
|-------------------------------------------------------------|----------|
|password                                                     |active_yn |
|-------------------------------------------------------------|----------|
|$2a$10$H8jm56odPlL.f2gI1rYiJeIxbYzNJ3a7OW3J6twJl9peZp1xzfUqa |y         |
|-------------------------------------------------------------|----------|

2024-04-04 15:03:30.900 [http-nio-80-exec-6] INFO 
				jdbc.resultsettable - 
|-------------------------------------------------------------|----------|
|password                                                     |active_yn |
|-------------------------------------------------------------|----------|
|$2a$10$H8jm56odPlL.f2gI1rYiJeIxbYzNJ3a7OW3J6twJl9peZp1xzfUqa |y         |
|-------------------------------------------------------------|----------|

2024-04-04 15:23:29.509 [http-nio-80-exec-9] INFO 
				jdbc.resultsettable - 
|-------------------------------------------------------------|----------|
|password                                                     |active_yn |
|-------------------------------------------------------------|----------|
|$2a$10$H8jm56odPlL.f2gI1rYiJeIxbYzNJ3a7OW3J6twJl9peZp1xzfUqa |y         |
|-------------------------------------------------------------|----------|

2024-04-04 15:31:42.253 [http-nio-80-exec-10] INFO 
				jdbc.resultsettable - 
|-------------------------------------------------------------|----------|
|password                                                     |active_yn |
|-------------------------------------------------------------|----------|
|$2a$10$H8jm56odPlL.f2gI1rYiJeIxbYzNJ3a7OW3J6twJl9peZp1xzfUqa |y         |
|-------------------------------------------------------------|----------|

2024-04-04 15:32:06.552 [http-nio-80-exec-4] INFO 
				jdbc.resultsettable - 
|-----------|
|max_img_id |
|-----------|
|0          |
|-----------|

2024-04-04 15:38:44.456 [http-nio-80-exec-10] INFO 
				jdbc.resultsettable - 
|-------------------------------------------------------------|----------|
|password                                                     |active_yn |
|-------------------------------------------------------------|----------|
|$2a$10$H8jm56odPlL.f2gI1rYiJeIxbYzNJ3a7OW3J6twJl9peZp1xzfUqa |y         |
|-------------------------------------------------------------|----------|

2024-04-04 15:39:00.476 [http-nio-80-exec-1] INFO 
				jdbc.resultsettable - 
|-----------|
|max_img_id |
|-----------|
|0          |
|-----------|

2024-04-04 15:42:43.146 [http-nio-80-exec-7] INFO 
				jdbc.resultsettable - 
|---------|----------|
|password |active_yn |
|---------|----------|
|---------|----------|

2024-04-04 15:42:46.970 [http-nio-80-exec-8] INFO 
				jdbc.resultsettable - 
|-------------------------------------------------------------|----------|
|password                                                     |active_yn |
|-------------------------------------------------------------|----------|
|$2a$10$H8jm56odPlL.f2gI1rYiJeIxbYzNJ3a7OW3J6twJl9peZp1xzfUqa |y         |
|-------------------------------------------------------------|----------|

2024-04-04 15:43:04.985 [http-nio-80-exec-5] INFO 
				jdbc.resultsettable - 
|-----------|
|max_img_id |
|-----------|
|0          |
|-----------|

2024-04-04 15:44:29.398 [http-nio-80-exec-8] INFO 
				jdbc.resultsettable - 
|-----------|
|max_img_id |
|-----------|
|1          |
|-----------|

2024-04-04 15:48:28.229 [http-nio-80-exec-1] INFO 
				jdbc.resultsettable - 
|-----------|
|max_img_id |
|-----------|
|[null]     |
|-----------|

2024-04-04 15:52:46.563 [http-nio-80-exec-8] INFO 
				jdbc.resultsettable - 
|-------------------------------------------------------------|----------|
|password                                                     |active_yn |
|-------------------------------------------------------------|----------|
|$2a$10$H8jm56odPlL.f2gI1rYiJeIxbYzNJ3a7OW3J6twJl9peZp1xzfUqa |y         |
|-------------------------------------------------------------|----------|

2024-04-04 15:56:25.802 [http-nio-80-exec-2] INFO 
				jdbc.resultsettable - 
|-------------------------------------------------------------|----------|
|password                                                     |active_yn |
|-------------------------------------------------------------|----------|
|$2a$10$H8jm56odPlL.f2gI1rYiJeIxbYzNJ3a7OW3J6twJl9peZp1xzfUqa |y         |
|-------------------------------------------------------------|----------|

2024-04-04 15:58:51.503 [http-nio-80-exec-9] INFO 
				jdbc.resultsettable - 
|-------------------------------------------------------------|----------|
|password                                                     |active_yn |
|-------------------------------------------------------------|----------|
|$2a$10$H8jm56odPlL.f2gI1rYiJeIxbYzNJ3a7OW3J6twJl9peZp1xzfUqa |y         |
|-------------------------------------------------------------|----------|

2024-04-04 16:04:54.237 [http-nio-80-exec-9] INFO 
				jdbc.resultsettable - 
|-------------------------------------------------------------|----------|
|password                                                     |active_yn |
|-------------------------------------------------------------|----------|
|$2a$10$H8jm56odPlL.f2gI1rYiJeIxbYzNJ3a7OW3J6twJl9peZp1xzfUqa |y         |
|-------------------------------------------------------------|----------|

2024-04-04 16:09:25.089 [http-nio-80-exec-9] INFO 
				jdbc.resultsettable - 
|-------------------------------------------------------------|----------|
|password                                                     |active_yn |
|-------------------------------------------------------------|----------|
|$2a$10$H8jm56odPlL.f2gI1rYiJeIxbYzNJ3a7OW3J6twJl9peZp1xzfUqa |y         |
|-------------------------------------------------------------|----------|

2024-04-04 16:16:01.945 [http-nio-80-exec-9] INFO 
				jdbc.resultsettable - 
|-------------------------------------------------------------|----------|
|password                                                     |active_yn |
|-------------------------------------------------------------|----------|
|$2a$10$H8jm56odPlL.f2gI1rYiJeIxbYzNJ3a7OW3J6twJl9peZp1xzfUqa |y         |
|-------------------------------------------------------------|----------|

2024-04-04 16:16:07.041 [http-nio-80-exec-4] INFO 
				jdbc.resultsettable - 
|-------------------------------------------------------------|----------|
|password                                                     |active_yn |
|-------------------------------------------------------------|----------|
|$2a$10$H8jm56odPlL.f2gI1rYiJeIxbYzNJ3a7OW3J6twJl9peZp1xzfUqa |y         |
|-------------------------------------------------------------|----------|

2024-04-04 16:16:21.590 [http-nio-80-exec-5] INFO 
				jdbc.resultsettable - 
|-------------------------------------------------------------|----------|
|password                                                     |active_yn |
|-------------------------------------------------------------|----------|
|$2a$10$H8jm56odPlL.f2gI1rYiJeIxbYzNJ3a7OW3J6twJl9peZp1xzfUqa |y         |
|-------------------------------------------------------------|----------|

2024-04-04 16:16:25.183 [http-nio-80-exec-8] INFO 
				jdbc.resultsettable - 
|-------------------------------------------------------------|----------|
|password                                                     |active_yn |
|-------------------------------------------------------------|----------|
|$2a$10$H8jm56odPlL.f2gI1rYiJeIxbYzNJ3a7OW3J6twJl9peZp1xzfUqa |y         |
|-------------------------------------------------------------|----------|

2024-04-04 16:36:53.370 [http-nio-80-exec-2] INFO 
				jdbc.resultsettable - 
|-------------------------------------------------------------|----------|
|password                                                     |active_yn |
|-------------------------------------------------------------|----------|
|$2a$10$H8jm56odPlL.f2gI1rYiJeIxbYzNJ3a7OW3J6twJl9peZp1xzfUqa |y         |
|-------------------------------------------------------------|----------|

2024-04-04 16:37:09.458 [http-nio-80-exec-9] INFO 
				jdbc.resultsettable - 
|-----------|
|max_img_id |
|-----------|
|[null]     |
|-----------|

2024-04-04 17:03:12.437 [http-nio-80-exec-3] INFO 
				jdbc.resultsettable - 
|-------------------------------------------------------------|----------|
|password                                                     |active_yn |
|-------------------------------------------------------------|----------|
|$2a$10$H8jm56odPlL.f2gI1rYiJeIxbYzNJ3a7OW3J6twJl9peZp1xzfUqa |y         |
|-------------------------------------------------------------|----------|

2024-04-04 17:04:55.964 [http-nio-80-exec-5] INFO 
				jdbc.resultsettable - 
|-------------------------------------------------------------|----------|
|password                                                     |active_yn |
|-------------------------------------------------------------|----------|
|$2a$10$H8jm56odPlL.f2gI1rYiJeIxbYzNJ3a7OW3J6twJl9peZp1xzfUqa |y         |
|-------------------------------------------------------------|----------|

2024-04-04 17:07:32.375 [http-nio-80-exec-3] INFO 
				jdbc.resultsettable - 
|-------------------------------------------------------------|----------|
|password                                                     |active_yn |
|-------------------------------------------------------------|----------|
|$2a$10$H8jm56odPlL.f2gI1rYiJeIxbYzNJ3a7OW3J6twJl9peZp1xzfUqa |y         |
|-------------------------------------------------------------|----------|

2024-04-04 17:17:29.087 [http-nio-80-exec-5] INFO 
				jdbc.resultsettable - 
|-------------------------------------------------------------|----------|
|password                                                     |active_yn |
|-------------------------------------------------------------|----------|
|$2a$10$H8jm56odPlL.f2gI1rYiJeIxbYzNJ3a7OW3J6twJl9peZp1xzfUqa |y         |
|-------------------------------------------------------------|----------|

2024-04-04 17:24:17.509 [http-nio-80-exec-2] INFO 
				jdbc.resultsettable - 
|-------------------------------------------------------------|----------|
|password                                                     |active_yn |
|-------------------------------------------------------------|----------|
|$2a$10$H8jm56odPlL.f2gI1rYiJeIxbYzNJ3a7OW3J6twJl9peZp1xzfUqa |y         |
|-------------------------------------------------------------|----------|

2024-04-04 17:32:28.420 [http-nio-80-exec-4] INFO 
				jdbc.resultsettable - 
|-------------------------------------------------------------|----------|
|password                                                     |active_yn |
|-------------------------------------------------------------|----------|
|$2a$10$H8jm56odPlL.f2gI1rYiJeIxbYzNJ3a7OW3J6twJl9peZp1xzfUqa |y         |
|-------------------------------------------------------------|----------|

2024-04-04 18:06:34.736 [http-nio-80-exec-9] INFO 
				jdbc.resultsettable - 
|-------------------------------------------------------------|----------|
|password                                                     |active_yn |
|-------------------------------------------------------------|----------|
|$2a$10$H8jm56odPlL.f2gI1rYiJeIxbYzNJ3a7OW3J6twJl9peZp1xzfUqa |y         |
|-------------------------------------------------------------|----------|

2024-04-04 18:24:16.507 [http-nio-80-exec-5] INFO 
				jdbc.resultsettable - 
|-------------------------------------------------------------|----------|
|password                                                     |active_yn |
|-------------------------------------------------------------|----------|
|$2a$10$H8jm56odPlL.f2gI1rYiJeIxbYzNJ3a7OW3J6twJl9peZp1xzfUqa |y         |
|-------------------------------------------------------------|----------|

2024-04-04 18:24:19.006 [http-nio-80-exec-4] INFO 
				jdbc.resultsettable - 
|-------------------------------------------------------------|----------|
|password                                                     |active_yn |
|-------------------------------------------------------------|----------|
|$2a$10$H8jm56odPlL.f2gI1rYiJeIxbYzNJ3a7OW3J6twJl9peZp1xzfUqa |y         |
|-------------------------------------------------------------|----------|

2024-04-04 18:44:24.238 [http-nio-80-exec-6] INFO 
				jdbc.resultsettable - 
|---------|----------|
|password |active_yn |
|---------|----------|
|---------|----------|

2024-04-04 18:44:31.540 [http-nio-80-exec-4] INFO 
				jdbc.resultsettable - 
|-------------------------------------------------------------|----------|
|password                                                     |active_yn |
|-------------------------------------------------------------|----------|
|$2a$10$H8jm56odPlL.f2gI1rYiJeIxbYzNJ3a7OW3J6twJl9peZp1xzfUqa |y         |
|-------------------------------------------------------------|----------|

2024-04-04 18:46:28.674 [http-nio-80-exec-5] INFO 
				jdbc.resultsettable - 
|-------------------------------------------------------------|----------|
|password                                                     |active_yn |
|-------------------------------------------------------------|----------|
|$2a$10$H8jm56odPlL.f2gI1rYiJeIxbYzNJ3a7OW3J6twJl9peZp1xzfUqa |y         |
|-------------------------------------------------------------|----------|

2024-04-04 18:46:49.262 [http-nio-80-exec-5] INFO 
				jdbc.resultsettable - 
|-----------|
|max_img_id |
|-----------|
|[null]     |
|-----------|

2024-04-04 21:45:52.499 [http-nio-80-exec-10] INFO 
				jdbc.resultsettable - 
|-------------------------------------------------------------|----------|
|password                                                     |active_yn |
|-------------------------------------------------------------|----------|
|$2a$10$H8jm56odPlL.f2gI1rYiJeIxbYzNJ3a7OW3J6twJl9peZp1xzfUqa |y         |
|-------------------------------------------------------------|----------|

2024-04-04 21:46:09.934 [http-nio-80-exec-8] INFO 
				jdbc.resultsettable - 
|-----------|
|max_img_id |
|-----------|
|1          |
|-----------|

2024-04-04 22:01:33.407 [http-nio-80-exec-9] INFO 
				jdbc.resultsettable - 
|-------------------------------------------------------------|----------|
|password                                                     |active_yn |
|-------------------------------------------------------------|----------|
|$2a$10$H8jm56odPlL.f2gI1rYiJeIxbYzNJ3a7OW3J6twJl9peZp1xzfUqa |y         |
|-------------------------------------------------------------|----------|

2024-04-04 22:01:56.338 [http-nio-80-exec-5] INFO 
				jdbc.resultsettable - 
|-----------|
|max_img_id |
|-----------|
|1          |
|-----------|

2024-04-04 22:03:38.371 [http-nio-80-exec-8] INFO 
				jdbc.resultsettable - 
|-----------|
|max_img_id |
|-----------|
|2          |
|-----------|

2024-04-04 22:04:38.288 [http-nio-80-exec-4] INFO 
				jdbc.resultsettable - 
|-----------|
|max_img_id |
|-----------|
|3          |
|-----------|

2024-04-04 22:05:46.063 [http-nio-80-exec-8] INFO 
				jdbc.resultsettable - 
|-----------|
|max_img_id |
|-----------|
|4          |
|-----------|

2024-04-04 22:47:26.702 [http-nio-80-exec-4] INFO 
				jdbc.resultsettable - 
|-------------------------------------------------------------|----------|
|password                                                     |active_yn |
|-------------------------------------------------------------|----------|
|$2a$10$H8jm56odPlL.f2gI1rYiJeIxbYzNJ3a7OW3J6twJl9peZp1xzfUqa |y         |
|-------------------------------------------------------------|----------|

2024-04-04 22:47:29.906 [http-nio-80-exec-5] INFO 
				jdbc.resultsettable - 
|-------------------------------------------------------------|----------|
|password                                                     |active_yn |
|-------------------------------------------------------------|----------|
|$2a$10$H8jm56odPlL.f2gI1rYiJeIxbYzNJ3a7OW3J6twJl9peZp1xzfUqa |y         |
|-------------------------------------------------------------|----------|

2024-04-04 22:47:33.974 [http-nio-80-exec-10] INFO 
				jdbc.resultsettable - 
|-------------------------------------------------------------|----------|
|password                                                     |active_yn |
|-------------------------------------------------------------|----------|
|$2a$10$H8jm56odPlL.f2gI1rYiJeIxbYzNJ3a7OW3J6twJl9peZp1xzfUqa |y         |
|-------------------------------------------------------------|----------|

2024-04-04 22:47:40.226 [http-nio-80-exec-2] INFO 
				jdbc.resultsettable - 
|-------------------------------------------------------------|----------|
|password                                                     |active_yn |
|-------------------------------------------------------------|----------|
|$2a$10$H8jm56odPlL.f2gI1rYiJeIxbYzNJ3a7OW3J6twJl9peZp1xzfUqa |y         |
|-------------------------------------------------------------|----------|

2024-04-04 23:06:43.850 [http-nio-80-exec-6] INFO 
				jdbc.resultsettable - 
|-------------------------------------------------------------|----------|
|password                                                     |active_yn |
|-------------------------------------------------------------|----------|
|$2a$10$H8jm56odPlL.f2gI1rYiJeIxbYzNJ3a7OW3J6twJl9peZp1xzfUqa |y         |
|-------------------------------------------------------------|----------|

2024-04-04 23:07:02.573 [http-nio-80-exec-9] INFO 
				jdbc.resultsettable - 
|-----------|
|max_img_id |
|-----------|
|5          |
|-----------|

2024-04-04 23:08:45.572 [http-nio-80-exec-5] INFO 
				jdbc.resultsettable - 
|-----------|
|max_img_id |
|-----------|
|6          |
|-----------|

2024-04-04 23:21:03.686 [http-nio-80-exec-8] INFO 
				jdbc.resultsettable - 
|-----------|
|max_img_id |
|-----------|
|7          |
|-----------|

2024-04-04 23:21:34.225 [http-nio-80-exec-1] INFO 
				jdbc.resultsettable - 
|-------------------------------------------------------------|----------|
|password                                                     |active_yn |
|-------------------------------------------------------------|----------|
|$2a$10$H8jm56odPlL.f2gI1rYiJeIxbYzNJ3a7OW3J6twJl9peZp1xzfUqa |y         |
|-------------------------------------------------------------|----------|

2024-04-04 23:21:52.963 [http-nio-80-exec-2] INFO 
				jdbc.resultsettable - 
|-----------|
|max_img_id |
|-----------|
|8          |
|-----------|

2024-04-04 23:27:33.325 [http-nio-80-exec-1] INFO 
				jdbc.resultsettable - 
|-----------|
|max_img_id |
|-----------|
|9          |
|-----------|

2024-04-04 23:28:44.710 [http-nio-80-exec-4] INFO 
				jdbc.resultsettable - 
|-----------|
|max_img_id |
|-----------|
|10         |
|-----------|

2024-04-04 23:31:21.874 [http-nio-80-exec-10] INFO 
				jdbc.resultsettable - 
|-----------|
|max_img_id |
|-----------|
|11         |
|-----------|

2024-04-04 23:32:36.621 [http-nio-80-exec-6] INFO 
				jdbc.resultsettable - 
|-------------------------------------------------------------|----------|
|password                                                     |active_yn |
|-------------------------------------------------------------|----------|
|$2a$10$H8jm56odPlL.f2gI1rYiJeIxbYzNJ3a7OW3J6twJl9peZp1xzfUqa |y         |
|-------------------------------------------------------------|----------|

2024-04-04 23:32:59.586 [http-nio-80-exec-1] INFO 
				jdbc.resultsettable - 
|-----------|
|max_img_id |
|-----------|
|12         |
|-----------|

2024-04-04 23:36:07.909 [http-nio-80-exec-10] INFO 
				jdbc.resultsettable - 
|-----------|
|max_img_id |
|-----------|
|13         |
|-----------|

2024-04-04 23:45:07.156 [http-nio-80-exec-3] INFO 
				jdbc.resultsettable - 
|---------|----------|
|password |active_yn |
|---------|----------|
|---------|----------|

2024-04-04 23:45:13.376 [http-nio-80-exec-4] INFO 
				jdbc.resultsettable - 
|-------------------------------------------------------------|----------|
|password                                                     |active_yn |
|-------------------------------------------------------------|----------|
|$2a$10$H8jm56odPlL.f2gI1rYiJeIxbYzNJ3a7OW3J6twJl9peZp1xzfUqa |y         |
|-------------------------------------------------------------|----------|

2024-04-04 23:45:24.170 [http-nio-80-exec-8] INFO 
				jdbc.resultsettable - 
|-----------|
|max_img_id |
|-----------|
|14         |
|-----------|

