2024-03-28 12:06:05.780 [http-nio-8080-exec-1] INFO 
				jdbc.resultsettable - 
|---------|
|count(*) |
|---------|
|3        |
|---------|

2024-03-28 12:06:05.792 [http-nio-8080-exec-1] INFO 
				jdbc.resultsettable - 
|---------|-------|--------|-----------|-------------------------------------------------------------|---------|----------------------|
|board_id |writer |subject |content    |passwd                                                       |read_cnt |enroll_at             |
|---------|-------|--------|-----------|-------------------------------------------------------------|---------|----------------------|
|103310   |c      |c       |<p>c</p>
 |$2a$10$x06S4DdwVTv.52R7C4VF1eUCDI0KrcGBAEeVL52BiM9ZG15wmLoE2 |19       |2024-03-24 22:33:54.0 |
|103305   |b      |b       |<p>b</p>
 |b                                                            |0        |2024-03-21 12:16:03.0 |
|103304   |a      |a       |<p>a</p>
 |a                                                            |2        |2024-03-21 12:14:43.0 |
|---------|-------|--------|-----------|-------------------------------------------------------------|---------|----------------------|

2024-03-28 22:42:43.026 [http-nio-80-exec-7] INFO 
				jdbc.resultsettable - 
|--------|
|user_id |
|--------|
|a       |
|--------|

2024-03-28 22:42:44.844 [http-nio-80-exec-9] INFO 
				jdbc.resultsettable - 
|--------|
|user_id |
|--------|
|--------|

2024-03-28 23:36:08.066 [http-nio-80-exec-4] INFO 
				jdbc.resultsettable - 
|--------|
|user_id |
|--------|
|a       |
|--------|

2024-03-28 23:37:51.078 [http-nio-80-exec-6] INFO 
				jdbc.resultsettable - 
|--------|
|user_id |
|--------|
|a       |
|--------|

2024-03-28 23:37:55.596 [http-nio-80-exec-8] INFO 
				jdbc.resultsettable - 
|--------|
|user_id |
|--------|
|a       |
|--------|

2024-03-28 23:37:58.465 [http-nio-80-exec-3] INFO 
				jdbc.resultsettable - 
|--------|
|user_id |
|--------|
|a       |
|--------|

2024-03-28 23:38:20.524 [http-nio-80-exec-8] INFO 
				jdbc.resultsettable - 
|--------|
|user_id |
|--------|
|a       |
|--------|

2024-03-28 23:38:29.814 [http-nio-80-exec-5] INFO 
				jdbc.resultsettable - 
|--------|
|user_id |
|--------|
|a       |
|--------|

2024-03-28 23:38:59.650 [http-nio-80-exec-3] INFO 
				jdbc.resultsettable - 
|--------|
|user_id |
|--------|
|a       |
|--------|

2024-03-28 23:39:44.088 [http-nio-80-exec-8] INFO 
				jdbc.resultsettable - 
|--------|
|user_id |
|--------|
|a       |
|--------|

2024-03-28 23:39:53.480 [http-nio-80-exec-7] INFO 
				jdbc.resultsettable - 
|--------|
|user_id |
|--------|
|--------|

2024-03-28 23:47:13.792 [http-nio-80-exec-5] INFO 
				jdbc.resultsettable - 
|--------|
|user_id |
|--------|
|a       |
|--------|

2024-03-28 23:47:16.698 [http-nio-80-exec-2] INFO 
				jdbc.resultsettable - 
|--------|
|user_id |
|--------|
|a       |
|--------|

2024-03-28 23:53:23.153 [http-nio-80-exec-1] INFO 
				jdbc.resultsettable - 
|--------|
|user_id |
|--------|
|--------|

