2024-03-29 00:05:41.810 [http-nio-80-exec-9] INFO 
				jdbc.resultsettable - 
|--------|
|user_id |
|--------|
|a       |
|--------|

2024-03-29 12:56:09.943 [http-nio-80-exec-9] INFO 
				jdbc.resultsettable - 
|---------|----------|
|password |active_yn |
|---------|----------|
|---------|----------|

2024-03-29 12:56:25.908 [http-nio-80-exec-5] INFO 
				jdbc.resultsettable - 
|---------|----------|
|password |active_yn |
|---------|----------|
|---------|----------|

2024-03-29 12:56:26.603 [http-nio-80-exec-4] INFO 
				jdbc.resultsettable - 
|---------|----------|
|password |active_yn |
|---------|----------|
|---------|----------|

2024-03-29 12:56:27.874 [http-nio-80-exec-3] INFO 
				jdbc.resultsettable - 
|---------|----------|
|password |active_yn |
|---------|----------|
|---------|----------|

2024-03-29 12:56:28.053 [http-nio-80-exec-7] INFO 
				jdbc.resultsettable - 
|---------|----------|
|password |active_yn |
|---------|----------|
|---------|----------|

2024-03-29 12:56:30.531 [http-nio-80-exec-6] INFO 
				jdbc.resultsettable - 
|---------|----------|
|password |active_yn |
|---------|----------|
|---------|----------|

2024-03-29 12:56:35.783 [http-nio-80-exec-3] INFO 
				jdbc.resultsettable - 
|---------|----------|
|password |active_yn |
|---------|----------|
|---------|----------|

2024-03-29 12:56:51.562 [http-nio-80-exec-6] INFO 
				jdbc.resultsettable - 
|---------|----------|
|password |active_yn |
|---------|----------|
|---------|----------|

2024-03-29 12:56:52.036 [http-nio-80-exec-8] INFO 
				jdbc.resultsettable - 
|---------|----------|
|password |active_yn |
|---------|----------|
|---------|----------|

2024-03-29 12:56:52.216 [http-nio-80-exec-1] INFO 
				jdbc.resultsettable - 
|---------|----------|
|password |active_yn |
|---------|----------|
|---------|----------|

2024-03-29 12:56:52.397 [http-nio-80-exec-10] INFO 
				jdbc.resultsettable - 
|---------|----------|
|password |active_yn |
|---------|----------|
|---------|----------|

2024-03-29 12:56:52.869 [http-nio-80-exec-4] INFO 
				jdbc.resultsettable - 
|---------|----------|
|password |active_yn |
|---------|----------|
|---------|----------|

2024-03-29 12:56:53.060 [http-nio-80-exec-7] INFO 
				jdbc.resultsettable - 
|---------|----------|
|password |active_yn |
|---------|----------|
|---------|----------|

2024-03-29 12:56:53.241 [http-nio-80-exec-9] INFO 
				jdbc.resultsettable - 
|---------|----------|
|password |active_yn |
|---------|----------|
|---------|----------|

2024-03-29 13:03:24.057 [http-nio-80-exec-2] INFO 
				jdbc.resultsettable - 
|-------------------------------------------------------------|----------|
|password                                                     |active_yn |
|-------------------------------------------------------------|----------|
|$2a$10$T6wjp9aMYFplmWMpLeJ2tOAMaLko9HHvrzT6tuw/QDxxnhm7Py116 |Y         |
|-------------------------------------------------------------|----------|

2024-03-29 13:05:53.292 [http-nio-80-exec-5] INFO 
				jdbc.resultsettable - 
|-------------------------------------------------------------|----------|
|password                                                     |active_yn |
|-------------------------------------------------------------|----------|
|$2a$10$T6wjp9aMYFplmWMpLeJ2tOAMaLko9HHvrzT6tuw/QDxxnhm7Py116 |Y         |
|-------------------------------------------------------------|----------|

2024-03-29 13:06:07.945 [http-nio-80-exec-10] INFO 
				jdbc.resultsettable - 
|---------|----------|
|password |active_yn |
|---------|----------|
|---------|----------|

2024-03-29 13:06:13.968 [http-nio-80-exec-4] INFO 
				jdbc.resultsettable - 
|-------------------------------------------------------------|----------|
|password                                                     |active_yn |
|-------------------------------------------------------------|----------|
|$2a$10$T6wjp9aMYFplmWMpLeJ2tOAMaLko9HHvrzT6tuw/QDxxnhm7Py116 |Y         |
|-------------------------------------------------------------|----------|

2024-03-29 13:06:14.697 [http-nio-80-exec-9] INFO 
				jdbc.resultsettable - 
|-------------------------------------------------------------|----------|
|password                                                     |active_yn |
|-------------------------------------------------------------|----------|
|$2a$10$T6wjp9aMYFplmWMpLeJ2tOAMaLko9HHvrzT6tuw/QDxxnhm7Py116 |Y         |
|-------------------------------------------------------------|----------|

2024-03-29 13:06:14.888 [http-nio-80-exec-5] INFO 
				jdbc.resultsettable - 
|-------------------------------------------------------------|----------|
|password                                                     |active_yn |
|-------------------------------------------------------------|----------|
|$2a$10$T6wjp9aMYFplmWMpLeJ2tOAMaLko9HHvrzT6tuw/QDxxnhm7Py116 |Y         |
|-------------------------------------------------------------|----------|

2024-03-29 13:06:20.478 [http-nio-80-exec-1] INFO 
				jdbc.resultsettable - 
|-------------------------------------------------------------|----------|
|password                                                     |active_yn |
|-------------------------------------------------------------|----------|
|$2a$10$fH8jwrJFrn7F8uB1OJ5iXum8p8o.qb585UD0ofuKtKNyATSCLfwqy |Y         |
|-------------------------------------------------------------|----------|

2024-03-29 13:06:21.411 [http-nio-80-exec-6] INFO 
				jdbc.resultsettable - 
|-------------------------------------------------------------|----------|
|password                                                     |active_yn |
|-------------------------------------------------------------|----------|
|$2a$10$fH8jwrJFrn7F8uB1OJ5iXum8p8o.qb585UD0ofuKtKNyATSCLfwqy |Y         |
|-------------------------------------------------------------|----------|

2024-03-29 13:06:22.031 [http-nio-80-exec-2] INFO 
				jdbc.resultsettable - 
|-------------------------------------------------------------|----------|
|password                                                     |active_yn |
|-------------------------------------------------------------|----------|
|$2a$10$fH8jwrJFrn7F8uB1OJ5iXum8p8o.qb585UD0ofuKtKNyATSCLfwqy |Y         |
|-------------------------------------------------------------|----------|

2024-03-29 13:06:22.233 [http-nio-80-exec-7] INFO 
				jdbc.resultsettable - 
|-------------------------------------------------------------|----------|
|password                                                     |active_yn |
|-------------------------------------------------------------|----------|
|$2a$10$fH8jwrJFrn7F8uB1OJ5iXum8p8o.qb585UD0ofuKtKNyATSCLfwqy |Y         |
|-------------------------------------------------------------|----------|

2024-03-29 13:06:48.540 [http-nio-80-exec-5] INFO 
				jdbc.resultsettable - 
|--------|
|user_id |
|--------|
|--------|

2024-03-29 13:07:19.320 [http-nio-80-exec-10] INFO 
				jdbc.resultsettable - 
|-------------------------------------------------------------|----------|
|password                                                     |active_yn |
|-------------------------------------------------------------|----------|
|$2a$10$trrp2bXQottEsBlx.VYTCOELaTkXYGo6lLarjDbTLxzZcUjGd1qj6 |Y         |
|-------------------------------------------------------------|----------|

2024-03-29 13:14:06.578 [http-nio-80-exec-5] INFO 
				jdbc.resultsettable - 
|-------------------------------------------------------------|----------|
|password                                                     |active_yn |
|-------------------------------------------------------------|----------|
|$2a$10$trrp2bXQottEsBlx.VYTCOELaTkXYGo6lLarjDbTLxzZcUjGd1qj6 |Y         |
|-------------------------------------------------------------|----------|

2024-03-29 13:24:17.506 [http-nio-80-exec-6] INFO 
				jdbc.resultsettable - 
|-------------------------------------------------------------|----------|
|password                                                     |active_yn |
|-------------------------------------------------------------|----------|
|$2a$10$trrp2bXQottEsBlx.VYTCOELaTkXYGo6lLarjDbTLxzZcUjGd1qj6 |Y         |
|-------------------------------------------------------------|----------|

2024-03-29 13:24:18.727 [http-nio-80-exec-3] INFO 
				jdbc.resultsettable - 
|-------------------------------------------------------------|----------|
|password                                                     |active_yn |
|-------------------------------------------------------------|----------|
|$2a$10$trrp2bXQottEsBlx.VYTCOELaTkXYGo6lLarjDbTLxzZcUjGd1qj6 |Y         |
|-------------------------------------------------------------|----------|

2024-03-29 13:24:20.010 [http-nio-80-exec-7] INFO 
				jdbc.resultsettable - 
|-------------------------------------------------------------|----------|
|password                                                     |active_yn |
|-------------------------------------------------------------|----------|
|$2a$10$trrp2bXQottEsBlx.VYTCOELaTkXYGo6lLarjDbTLxzZcUjGd1qj6 |Y         |
|-------------------------------------------------------------|----------|

2024-03-29 13:24:20.336 [http-nio-80-exec-9] INFO 
				jdbc.resultsettable - 
|-------------------------------------------------------------|----------|
|password                                                     |active_yn |
|-------------------------------------------------------------|----------|
|$2a$10$trrp2bXQottEsBlx.VYTCOELaTkXYGo6lLarjDbTLxzZcUjGd1qj6 |Y         |
|-------------------------------------------------------------|----------|

2024-03-29 13:24:20.493 [http-nio-80-exec-2] INFO 
				jdbc.resultsettable - 
|-------------------------------------------------------------|----------|
|password                                                     |active_yn |
|-------------------------------------------------------------|----------|
|$2a$10$trrp2bXQottEsBlx.VYTCOELaTkXYGo6lLarjDbTLxzZcUjGd1qj6 |Y         |
|-------------------------------------------------------------|----------|

2024-03-29 13:24:20.661 [http-nio-80-exec-10] INFO 
				jdbc.resultsettable - 
|-------------------------------------------------------------|----------|
|password                                                     |active_yn |
|-------------------------------------------------------------|----------|
|$2a$10$trrp2bXQottEsBlx.VYTCOELaTkXYGo6lLarjDbTLxzZcUjGd1qj6 |Y         |
|-------------------------------------------------------------|----------|

2024-03-29 13:24:20.843 [http-nio-80-exec-8] INFO 
				jdbc.resultsettable - 
|-------------------------------------------------------------|----------|
|password                                                     |active_yn |
|-------------------------------------------------------------|----------|
|$2a$10$trrp2bXQottEsBlx.VYTCOELaTkXYGo6lLarjDbTLxzZcUjGd1qj6 |Y         |
|-------------------------------------------------------------|----------|

2024-03-29 13:24:21.022 [http-nio-80-exec-5] INFO 
				jdbc.resultsettable - 
|-------------------------------------------------------------|----------|
|password                                                     |active_yn |
|-------------------------------------------------------------|----------|
|$2a$10$trrp2bXQottEsBlx.VYTCOELaTkXYGo6lLarjDbTLxzZcUjGd1qj6 |Y         |
|-------------------------------------------------------------|----------|

2024-03-29 13:24:21.178 [http-nio-80-exec-4] INFO 
				jdbc.resultsettable - 
|-------------------------------------------------------------|----------|
|password                                                     |active_yn |
|-------------------------------------------------------------|----------|
|$2a$10$trrp2bXQottEsBlx.VYTCOELaTkXYGo6lLarjDbTLxzZcUjGd1qj6 |Y         |
|-------------------------------------------------------------|----------|

2024-03-29 13:24:21.381 [http-nio-80-exec-1] INFO 
				jdbc.resultsettable - 
|-------------------------------------------------------------|----------|
|password                                                     |active_yn |
|-------------------------------------------------------------|----------|
|$2a$10$trrp2bXQottEsBlx.VYTCOELaTkXYGo6lLarjDbTLxzZcUjGd1qj6 |Y         |
|-------------------------------------------------------------|----------|

2024-03-29 13:24:21.675 [http-nio-80-exec-6] INFO 
				jdbc.resultsettable - 
|-------------------------------------------------------------|----------|
|password                                                     |active_yn |
|-------------------------------------------------------------|----------|
|$2a$10$trrp2bXQottEsBlx.VYTCOELaTkXYGo6lLarjDbTLxzZcUjGd1qj6 |Y         |
|-------------------------------------------------------------|----------|

2024-03-29 13:24:21.886 [http-nio-80-exec-3] INFO 
				jdbc.resultsettable - 
|-------------------------------------------------------------|----------|
|password                                                     |active_yn |
|-------------------------------------------------------------|----------|
|$2a$10$trrp2bXQottEsBlx.VYTCOELaTkXYGo6lLarjDbTLxzZcUjGd1qj6 |Y         |
|-------------------------------------------------------------|----------|

2024-03-29 13:24:22.090 [http-nio-80-exec-7] INFO 
				jdbc.resultsettable - 
|-------------------------------------------------------------|----------|
|password                                                     |active_yn |
|-------------------------------------------------------------|----------|
|$2a$10$trrp2bXQottEsBlx.VYTCOELaTkXYGo6lLarjDbTLxzZcUjGd1qj6 |Y         |
|-------------------------------------------------------------|----------|

2024-03-29 13:24:22.338 [http-nio-80-exec-9] INFO 
				jdbc.resultsettable - 
|-------------------------------------------------------------|----------|
|password                                                     |active_yn |
|-------------------------------------------------------------|----------|
|$2a$10$trrp2bXQottEsBlx.VYTCOELaTkXYGo6lLarjDbTLxzZcUjGd1qj6 |Y         |
|-------------------------------------------------------------|----------|

2024-03-29 13:24:23.197 [http-nio-80-exec-2] INFO 
				jdbc.resultsettable - 
|-------------------------------------------------------------|----------|
|password                                                     |active_yn |
|-------------------------------------------------------------|----------|
|$2a$10$trrp2bXQottEsBlx.VYTCOELaTkXYGo6lLarjDbTLxzZcUjGd1qj6 |Y         |
|-------------------------------------------------------------|----------|

2024-03-29 13:25:20.616 [http-nio-80-exec-10] INFO 
				jdbc.resultsettable - 
|-------------------------------------------------------------|----------|
|password                                                     |active_yn |
|-------------------------------------------------------------|----------|
|$2a$10$trrp2bXQottEsBlx.VYTCOELaTkXYGo6lLarjDbTLxzZcUjGd1qj6 |Y         |
|-------------------------------------------------------------|----------|

2024-03-29 13:25:21.888 [http-nio-80-exec-6] INFO 
				jdbc.resultsettable - 
|-------------------------------------------------------------|----------|
|password                                                     |active_yn |
|-------------------------------------------------------------|----------|
|$2a$10$trrp2bXQottEsBlx.VYTCOELaTkXYGo6lLarjDbTLxzZcUjGd1qj6 |Y         |
|-------------------------------------------------------------|----------|

2024-03-29 13:25:22.077 [http-nio-80-exec-4] INFO 
				jdbc.resultsettable - 
|-------------------------------------------------------------|----------|
|password                                                     |active_yn |
|-------------------------------------------------------------|----------|
|$2a$10$trrp2bXQottEsBlx.VYTCOELaTkXYGo6lLarjDbTLxzZcUjGd1qj6 |Y         |
|-------------------------------------------------------------|----------|

2024-03-29 13:25:22.257 [http-nio-80-exec-1] INFO 
				jdbc.resultsettable - 
|-------------------------------------------------------------|----------|
|password                                                     |active_yn |
|-------------------------------------------------------------|----------|
|$2a$10$trrp2bXQottEsBlx.VYTCOELaTkXYGo6lLarjDbTLxzZcUjGd1qj6 |Y         |
|-------------------------------------------------------------|----------|

2024-03-29 13:26:00.578 [http-nio-80-exec-4] INFO 
				jdbc.resultsettable - 
|-------------------------------------------------------------|----------|
|password                                                     |active_yn |
|-------------------------------------------------------------|----------|
|$2a$10$trrp2bXQottEsBlx.VYTCOELaTkXYGo6lLarjDbTLxzZcUjGd1qj6 |Y         |
|-------------------------------------------------------------|----------|

2024-03-29 13:26:01.782 [http-nio-80-exec-9] INFO 
				jdbc.resultsettable - 
|-------------------------------------------------------------|----------|
|password                                                     |active_yn |
|-------------------------------------------------------------|----------|
|$2a$10$trrp2bXQottEsBlx.VYTCOELaTkXYGo6lLarjDbTLxzZcUjGd1qj6 |Y         |
|-------------------------------------------------------------|----------|

2024-03-29 13:26:02.095 [http-nio-80-exec-3] INFO 
				jdbc.resultsettable - 
|-------------------------------------------------------------|----------|
|password                                                     |active_yn |
|-------------------------------------------------------------|----------|
|$2a$10$trrp2bXQottEsBlx.VYTCOELaTkXYGo6lLarjDbTLxzZcUjGd1qj6 |Y         |
|-------------------------------------------------------------|----------|

2024-03-29 13:26:02.352 [http-nio-80-exec-6] INFO 
				jdbc.resultsettable - 
|-------------------------------------------------------------|----------|
|password                                                     |active_yn |
|-------------------------------------------------------------|----------|
|$2a$10$trrp2bXQottEsBlx.VYTCOELaTkXYGo6lLarjDbTLxzZcUjGd1qj6 |Y         |
|-------------------------------------------------------------|----------|

2024-03-29 13:26:02.533 [http-nio-80-exec-5] INFO 
				jdbc.resultsettable - 
|-------------------------------------------------------------|----------|
|password                                                     |active_yn |
|-------------------------------------------------------------|----------|
|$2a$10$trrp2bXQottEsBlx.VYTCOELaTkXYGo6lLarjDbTLxzZcUjGd1qj6 |Y         |
|-------------------------------------------------------------|----------|

2024-03-29 13:26:02.702 [http-nio-80-exec-7] INFO 
				jdbc.resultsettable - 
|-------------------------------------------------------------|----------|
|password                                                     |active_yn |
|-------------------------------------------------------------|----------|
|$2a$10$trrp2bXQottEsBlx.VYTCOELaTkXYGo6lLarjDbTLxzZcUjGd1qj6 |Y         |
|-------------------------------------------------------------|----------|

2024-03-29 13:26:02.881 [http-nio-80-exec-8] INFO 
				jdbc.resultsettable - 
|-------------------------------------------------------------|----------|
|password                                                     |active_yn |
|-------------------------------------------------------------|----------|
|$2a$10$trrp2bXQottEsBlx.VYTCOELaTkXYGo6lLarjDbTLxzZcUjGd1qj6 |Y         |
|-------------------------------------------------------------|----------|

2024-03-29 13:26:03.061 [http-nio-80-exec-2] INFO 
				jdbc.resultsettable - 
|-------------------------------------------------------------|----------|
|password                                                     |active_yn |
|-------------------------------------------------------------|----------|
|$2a$10$trrp2bXQottEsBlx.VYTCOELaTkXYGo6lLarjDbTLxzZcUjGd1qj6 |Y         |
|-------------------------------------------------------------|----------|

2024-03-29 13:26:03.243 [http-nio-80-exec-10] INFO 
				jdbc.resultsettable - 
|-------------------------------------------------------------|----------|
|password                                                     |active_yn |
|-------------------------------------------------------------|----------|
|$2a$10$trrp2bXQottEsBlx.VYTCOELaTkXYGo6lLarjDbTLxzZcUjGd1qj6 |Y         |
|-------------------------------------------------------------|----------|

2024-03-29 13:27:39.363 [http-nio-80-exec-1] INFO 
				jdbc.resultsettable - 
|-------------------------------------------------------------|----------|
|password                                                     |active_yn |
|-------------------------------------------------------------|----------|
|$2a$10$trrp2bXQottEsBlx.VYTCOELaTkXYGo6lLarjDbTLxzZcUjGd1qj6 |Y         |
|-------------------------------------------------------------|----------|

2024-03-29 13:28:30.534 [http-nio-80-exec-6] INFO 
				jdbc.resultsettable - 
|-------------------------------------------------------------|----------|
|password                                                     |active_yn |
|-------------------------------------------------------------|----------|
|$2a$10$trrp2bXQottEsBlx.VYTCOELaTkXYGo6lLarjDbTLxzZcUjGd1qj6 |Y         |
|-------------------------------------------------------------|----------|

2024-03-29 13:28:42.298 [http-nio-80-exec-7] INFO 
				jdbc.resultsettable - 
|-------------------------------------------------------------|----------|
|password                                                     |active_yn |
|-------------------------------------------------------------|----------|
|$2a$10$trrp2bXQottEsBlx.VYTCOELaTkXYGo6lLarjDbTLxzZcUjGd1qj6 |Y         |
|-------------------------------------------------------------|----------|

2024-03-29 13:28:43.181 [http-nio-80-exec-8] INFO 
				jdbc.resultsettable - 
|-------------------------------------------------------------|----------|
|password                                                     |active_yn |
|-------------------------------------------------------------|----------|
|$2a$10$trrp2bXQottEsBlx.VYTCOELaTkXYGo6lLarjDbTLxzZcUjGd1qj6 |Y         |
|-------------------------------------------------------------|----------|

2024-03-29 13:28:43.461 [http-nio-80-exec-1] INFO 
				jdbc.resultsettable - 
|-------------------------------------------------------------|----------|
|password                                                     |active_yn |
|-------------------------------------------------------------|----------|
|$2a$10$trrp2bXQottEsBlx.VYTCOELaTkXYGo6lLarjDbTLxzZcUjGd1qj6 |Y         |
|-------------------------------------------------------------|----------|

2024-03-29 13:28:43.652 [http-nio-80-exec-4] INFO 
				jdbc.resultsettable - 
|-------------------------------------------------------------|----------|
|password                                                     |active_yn |
|-------------------------------------------------------------|----------|
|$2a$10$trrp2bXQottEsBlx.VYTCOELaTkXYGo6lLarjDbTLxzZcUjGd1qj6 |Y         |
|-------------------------------------------------------------|----------|

2024-03-29 13:28:45.452 [http-nio-80-exec-2] INFO 
				jdbc.resultsettable - 
|-------------------------------------------------------------|----------|
|password                                                     |active_yn |
|-------------------------------------------------------------|----------|
|$2a$10$trrp2bXQottEsBlx.VYTCOELaTkXYGo6lLarjDbTLxzZcUjGd1qj6 |Y         |
|-------------------------------------------------------------|----------|

2024-03-29 13:28:45.631 [http-nio-80-exec-3] INFO 
				jdbc.resultsettable - 
|-------------------------------------------------------------|----------|
|password                                                     |active_yn |
|-------------------------------------------------------------|----------|
|$2a$10$trrp2bXQottEsBlx.VYTCOELaTkXYGo6lLarjDbTLxzZcUjGd1qj6 |Y         |
|-------------------------------------------------------------|----------|

2024-03-29 13:28:46.194 [http-nio-80-exec-5] INFO 
				jdbc.resultsettable - 
|-------------------------------------------------------------|----------|
|password                                                     |active_yn |
|-------------------------------------------------------------|----------|
|$2a$10$trrp2bXQottEsBlx.VYTCOELaTkXYGo6lLarjDbTLxzZcUjGd1qj6 |Y         |
|-------------------------------------------------------------|----------|

2024-03-29 13:28:46.362 [http-nio-80-exec-10] INFO 
				jdbc.resultsettable - 
|-------------------------------------------------------------|----------|
|password                                                     |active_yn |
|-------------------------------------------------------------|----------|
|$2a$10$trrp2bXQottEsBlx.VYTCOELaTkXYGo6lLarjDbTLxzZcUjGd1qj6 |Y         |
|-------------------------------------------------------------|----------|

2024-03-29 13:29:10.875 [http-nio-80-exec-9] INFO 
				jdbc.resultsettable - 
|-------------------------------------------------------------|----------|
|password                                                     |active_yn |
|-------------------------------------------------------------|----------|
|$2a$10$trrp2bXQottEsBlx.VYTCOELaTkXYGo6lLarjDbTLxzZcUjGd1qj6 |Y         |
|-------------------------------------------------------------|----------|

2024-03-29 13:29:11.318 [http-nio-80-exec-6] INFO 
				jdbc.resultsettable - 
|-------------------------------------------------------------|----------|
|password                                                     |active_yn |
|-------------------------------------------------------------|----------|
|$2a$10$trrp2bXQottEsBlx.VYTCOELaTkXYGo6lLarjDbTLxzZcUjGd1qj6 |Y         |
|-------------------------------------------------------------|----------|

2024-03-29 13:29:11.472 [http-nio-80-exec-7] INFO 
				jdbc.resultsettable - 
|-------------------------------------------------------------|----------|
|password                                                     |active_yn |
|-------------------------------------------------------------|----------|
|$2a$10$trrp2bXQottEsBlx.VYTCOELaTkXYGo6lLarjDbTLxzZcUjGd1qj6 |Y         |
|-------------------------------------------------------------|----------|

2024-03-29 13:30:04.558 [http-nio-80-exec-2] INFO 
				jdbc.resultsettable - 
|-------------------------------------------------------------|----------|
|password                                                     |active_yn |
|-------------------------------------------------------------|----------|
|$2a$10$trrp2bXQottEsBlx.VYTCOELaTkXYGo6lLarjDbTLxzZcUjGd1qj6 |Y         |
|-------------------------------------------------------------|----------|

2024-03-29 13:30:08.513 [http-nio-80-exec-5] INFO 
				jdbc.resultsettable - 
|-------------------------------------------------------------|----------|
|password                                                     |active_yn |
|-------------------------------------------------------------|----------|
|$2a$10$trrp2bXQottEsBlx.VYTCOELaTkXYGo6lLarjDbTLxzZcUjGd1qj6 |Y         |
|-------------------------------------------------------------|----------|

2024-03-29 13:30:11.611 [http-nio-80-exec-10] INFO 
				jdbc.resultsettable - 
|-------------------------------------------------------------|----------|
|password                                                     |active_yn |
|-------------------------------------------------------------|----------|
|$2a$10$trrp2bXQottEsBlx.VYTCOELaTkXYGo6lLarjDbTLxzZcUjGd1qj6 |Y         |
|-------------------------------------------------------------|----------|

2024-03-29 13:30:13.130 [http-nio-80-exec-7] INFO 
				jdbc.resultsettable - 
|-------------------------------------------------------------|----------|
|password                                                     |active_yn |
|-------------------------------------------------------------|----------|
|$2a$10$trrp2bXQottEsBlx.VYTCOELaTkXYGo6lLarjDbTLxzZcUjGd1qj6 |Y         |
|-------------------------------------------------------------|----------|

2024-03-29 13:30:13.566 [http-nio-80-exec-1] INFO 
				jdbc.resultsettable - 
|-------------------------------------------------------------|----------|
|password                                                     |active_yn |
|-------------------------------------------------------------|----------|
|$2a$10$trrp2bXQottEsBlx.VYTCOELaTkXYGo6lLarjDbTLxzZcUjGd1qj6 |Y         |
|-------------------------------------------------------------|----------|

2024-03-29 13:30:13.733 [http-nio-80-exec-6] INFO 
				jdbc.resultsettable - 
|-------------------------------------------------------------|----------|
|password                                                     |active_yn |
|-------------------------------------------------------------|----------|
|$2a$10$trrp2bXQottEsBlx.VYTCOELaTkXYGo6lLarjDbTLxzZcUjGd1qj6 |Y         |
|-------------------------------------------------------------|----------|

2024-03-29 13:30:13.889 [http-nio-80-exec-8] INFO 
				jdbc.resultsettable - 
|-------------------------------------------------------------|----------|
|password                                                     |active_yn |
|-------------------------------------------------------------|----------|
|$2a$10$trrp2bXQottEsBlx.VYTCOELaTkXYGo6lLarjDbTLxzZcUjGd1qj6 |Y         |
|-------------------------------------------------------------|----------|

2024-03-29 13:45:16.585 [http-nio-80-exec-5] INFO 
				jdbc.resultsettable - 
|-------------------------------------------------------------|----------|
|password                                                     |active_yn |
|-------------------------------------------------------------|----------|
|$2a$10$trrp2bXQottEsBlx.VYTCOELaTkXYGo6lLarjDbTLxzZcUjGd1qj6 |Y         |
|-------------------------------------------------------------|----------|

2024-03-29 13:45:17.807 [http-nio-80-exec-10] INFO 
				jdbc.resultsettable - 
|-------------------------------------------------------------|----------|
|password                                                     |active_yn |
|-------------------------------------------------------------|----------|
|$2a$10$trrp2bXQottEsBlx.VYTCOELaTkXYGo6lLarjDbTLxzZcUjGd1qj6 |Y         |
|-------------------------------------------------------------|----------|

2024-03-29 13:45:17.974 [http-nio-80-exec-3] INFO 
				jdbc.resultsettable - 
|-------------------------------------------------------------|----------|
|password                                                     |active_yn |
|-------------------------------------------------------------|----------|
|$2a$10$trrp2bXQottEsBlx.VYTCOELaTkXYGo6lLarjDbTLxzZcUjGd1qj6 |Y         |
|-------------------------------------------------------------|----------|

2024-03-29 13:45:18.150 [http-nio-80-exec-1] INFO 
				jdbc.resultsettable - 
|-------------------------------------------------------------|----------|
|password                                                     |active_yn |
|-------------------------------------------------------------|----------|
|$2a$10$trrp2bXQottEsBlx.VYTCOELaTkXYGo6lLarjDbTLxzZcUjGd1qj6 |Y         |
|-------------------------------------------------------------|----------|

2024-03-29 13:45:18.311 [http-nio-80-exec-4] INFO 
				jdbc.resultsettable - 
|-------------------------------------------------------------|----------|
|password                                                     |active_yn |
|-------------------------------------------------------------|----------|
|$2a$10$trrp2bXQottEsBlx.VYTCOELaTkXYGo6lLarjDbTLxzZcUjGd1qj6 |Y         |
|-------------------------------------------------------------|----------|

2024-03-29 13:45:18.489 [http-nio-80-exec-7] INFO 
				jdbc.resultsettable - 
|-------------------------------------------------------------|----------|
|password                                                     |active_yn |
|-------------------------------------------------------------|----------|
|$2a$10$trrp2bXQottEsBlx.VYTCOELaTkXYGo6lLarjDbTLxzZcUjGd1qj6 |Y         |
|-------------------------------------------------------------|----------|

2024-03-29 13:45:18.672 [http-nio-80-exec-2] INFO 
				jdbc.resultsettable - 
|-------------------------------------------------------------|----------|
|password                                                     |active_yn |
|-------------------------------------------------------------|----------|
|$2a$10$trrp2bXQottEsBlx.VYTCOELaTkXYGo6lLarjDbTLxzZcUjGd1qj6 |Y         |
|-------------------------------------------------------------|----------|

2024-03-29 15:03:59.651 [http-nio-80-exec-10] INFO 
				jdbc.resultsettable - 
|-------------------------------------------------------------|----------|
|password                                                     |active_yn |
|-------------------------------------------------------------|----------|
|$2a$10$T6wjp9aMYFplmWMpLeJ2tOAMaLko9HHvrzT6tuw/QDxxnhm7Py116 |Y         |
|-------------------------------------------------------------|----------|

2024-03-29 15:04:49.382 [http-nio-80-exec-2] INFO 
				jdbc.resultsettable - 
|-------------------------------------------------------------|----------|
|password                                                     |active_yn |
|-------------------------------------------------------------|----------|
|$2a$10$T6wjp9aMYFplmWMpLeJ2tOAMaLko9HHvrzT6tuw/QDxxnhm7Py116 |Y         |
|-------------------------------------------------------------|----------|

2024-03-29 15:05:17.476 [http-nio-80-exec-5] INFO 
				jdbc.resultsettable - 
|-------------------------------------------------------------|----------|
|password                                                     |active_yn |
|-------------------------------------------------------------|----------|
|$2a$10$fH8jwrJFrn7F8uB1OJ5iXum8p8o.qb585UD0ofuKtKNyATSCLfwqy |Y         |
|-------------------------------------------------------------|----------|

2024-03-29 15:05:28.451 [http-nio-80-exec-4] INFO 
				jdbc.resultsettable - 
|-------------------------------------------------------------|----------|
|password                                                     |active_yn |
|-------------------------------------------------------------|----------|
|$2a$10$T6wjp9aMYFplmWMpLeJ2tOAMaLko9HHvrzT6tuw/QDxxnhm7Py116 |Y         |
|-------------------------------------------------------------|----------|

2024-03-29 15:05:39.679 [http-nio-80-exec-9] INFO 
				jdbc.resultsettable - 
|-------------------------------------------------------------|----------|
|password                                                     |active_yn |
|-------------------------------------------------------------|----------|
|$2a$10$T6wjp9aMYFplmWMpLeJ2tOAMaLko9HHvrzT6tuw/QDxxnhm7Py116 |Y         |
|-------------------------------------------------------------|----------|

2024-03-29 15:07:21.639 [http-nio-80-exec-4] INFO 
				jdbc.resultsettable - 
|-------------------------------------------------------------|----------|
|password                                                     |active_yn |
|-------------------------------------------------------------|----------|
|$2a$10$T6wjp9aMYFplmWMpLeJ2tOAMaLko9HHvrzT6tuw/QDxxnhm7Py116 |Y         |
|-------------------------------------------------------------|----------|

2024-03-29 15:07:28.519 [http-nio-80-exec-6] INFO 
				jdbc.resultsettable - 
|-------------------------------------------------------------|----------|
|password                                                     |active_yn |
|-------------------------------------------------------------|----------|
|$2a$10$T6wjp9aMYFplmWMpLeJ2tOAMaLko9HHvrzT6tuw/QDxxnhm7Py116 |Y         |
|-------------------------------------------------------------|----------|

2024-03-29 15:07:29.502 [http-nio-80-exec-3] INFO 
				jdbc.resultsettable - 
|-------------------------------------------------------------|----------|
|password                                                     |active_yn |
|-------------------------------------------------------------|----------|
|$2a$10$T6wjp9aMYFplmWMpLeJ2tOAMaLko9HHvrzT6tuw/QDxxnhm7Py116 |Y         |
|-------------------------------------------------------------|----------|

2024-03-29 15:07:43.182 [http-nio-80-exec-10] INFO 
				jdbc.resultsettable - 
|-------------------------------------------------------------|----------|
|password                                                     |active_yn |
|-------------------------------------------------------------|----------|
|$2a$10$T6wjp9aMYFplmWMpLeJ2tOAMaLko9HHvrzT6tuw/QDxxnhm7Py116 |Y         |
|-------------------------------------------------------------|----------|

2024-03-29 15:08:12.928 [http-nio-80-exec-7] INFO 
				jdbc.resultsettable - 
|-------------------------------------------------------------|----------|
|password                                                     |active_yn |
|-------------------------------------------------------------|----------|
|$2a$10$T6wjp9aMYFplmWMpLeJ2tOAMaLko9HHvrzT6tuw/QDxxnhm7Py116 |Y         |
|-------------------------------------------------------------|----------|

2024-03-29 15:08:17.518 [http-nio-80-exec-2] INFO 
				jdbc.resultsettable - 
|-------------------------------------------------------------|----------|
|password                                                     |active_yn |
|-------------------------------------------------------------|----------|
|$2a$10$T6wjp9aMYFplmWMpLeJ2tOAMaLko9HHvrzT6tuw/QDxxnhm7Py116 |Y         |
|-------------------------------------------------------------|----------|

2024-03-29 15:09:16.418 [http-nio-80-exec-9] INFO 
				jdbc.resultsettable - 
|-------------------------------------------------------------|----------|
|password                                                     |active_yn |
|-------------------------------------------------------------|----------|
|$2a$10$T6wjp9aMYFplmWMpLeJ2tOAMaLko9HHvrzT6tuw/QDxxnhm7Py116 |Y         |
|-------------------------------------------------------------|----------|

2024-03-29 15:11:15.764 [http-nio-80-exec-4] INFO 
				jdbc.resultsettable - 
|-------------------------------------------------------------|----------|
|password                                                     |active_yn |
|-------------------------------------------------------------|----------|
|$2a$10$T6wjp9aMYFplmWMpLeJ2tOAMaLko9HHvrzT6tuw/QDxxnhm7Py116 |Y         |
|-------------------------------------------------------------|----------|

2024-03-29 15:12:11.598 [http-nio-80-exec-5] INFO 
				jdbc.resultsettable - 
|-------------------------------------------------------------|----------|
|password                                                     |active_yn |
|-------------------------------------------------------------|----------|
|$2a$10$T6wjp9aMYFplmWMpLeJ2tOAMaLko9HHvrzT6tuw/QDxxnhm7Py116 |Y         |
|-------------------------------------------------------------|----------|

2024-03-29 15:13:10.812 [http-nio-80-exec-4] INFO 
				jdbc.resultsettable - 
|-------------------------------------------------------------|----------|
|password                                                     |active_yn |
|-------------------------------------------------------------|----------|
|$2a$10$T6wjp9aMYFplmWMpLeJ2tOAMaLko9HHvrzT6tuw/QDxxnhm7Py116 |Y         |
|-------------------------------------------------------------|----------|

2024-03-29 15:14:35.748 [http-nio-80-exec-8] INFO 
				jdbc.resultsettable - 
|-------------------------------------------------------------|----------|
|password                                                     |active_yn |
|-------------------------------------------------------------|----------|
|$2a$10$T6wjp9aMYFplmWMpLeJ2tOAMaLko9HHvrzT6tuw/QDxxnhm7Py116 |Y         |
|-------------------------------------------------------------|----------|

2024-03-29 15:15:39.584 [http-nio-80-exec-2] INFO 
				jdbc.resultsettable - 
|-------------------------------------------------------------|----------|
|password                                                     |active_yn |
|-------------------------------------------------------------|----------|
|$2a$10$T6wjp9aMYFplmWMpLeJ2tOAMaLko9HHvrzT6tuw/QDxxnhm7Py116 |Y         |
|-------------------------------------------------------------|----------|

2024-03-29 15:16:16.233 [http-nio-80-exec-9] INFO 
				jdbc.resultsettable - 
|-------------------------------------------------------------|----------|
|password                                                     |active_yn |
|-------------------------------------------------------------|----------|
|$2a$10$T6wjp9aMYFplmWMpLeJ2tOAMaLko9HHvrzT6tuw/QDxxnhm7Py116 |Y         |
|-------------------------------------------------------------|----------|

2024-03-29 15:48:09.029 [http-nio-80-exec-10] INFO 
				jdbc.resultsettable - 
|--------|
|user_id |
|--------|
|--------|

2024-03-29 15:49:11.441 [http-nio-80-exec-5] INFO 
				jdbc.resultsettable - 
|-------------------------------------------------------------|----------|
|password                                                     |active_yn |
|-------------------------------------------------------------|----------|
|$2a$10$ieGblXWiZpgTfSTXbSj9c.qcTk8JKQjgpHdnEXnCWMD1O00YXNwKK |y         |
|-------------------------------------------------------------|----------|

2024-03-29 15:50:35.048 [http-nio-80-exec-6] INFO 
				jdbc.resultsettable - 
|-------------------------------------------------------------|----------|
|password                                                     |active_yn |
|-------------------------------------------------------------|----------|
|$2a$10$ieGblXWiZpgTfSTXbSj9c.qcTk8JKQjgpHdnEXnCWMD1O00YXNwKK |y         |
|-------------------------------------------------------------|----------|

2024-03-29 15:50:50.999 [http-nio-80-exec-9] INFO 
				jdbc.resultsettable - 
|-------------------------------------------------------------|----------|
|password                                                     |active_yn |
|-------------------------------------------------------------|----------|
|$2a$10$ieGblXWiZpgTfSTXbSj9c.qcTk8JKQjgpHdnEXnCWMD1O00YXNwKK |y         |
|-------------------------------------------------------------|----------|

2024-03-29 15:56:12.555 [http-nio-80-exec-8] INFO 
				jdbc.resultsettable - 
|-------------------------------------------------------------|----------|
|password                                                     |active_yn |
|-------------------------------------------------------------|----------|
|$2a$10$ieGblXWiZpgTfSTXbSj9c.qcTk8JKQjgpHdnEXnCWMD1O00YXNwKK |y         |
|-------------------------------------------------------------|----------|

2024-03-29 15:56:21.092 [http-nio-80-exec-1] INFO 
				jdbc.resultsettable - 
|-------------------------------------------------------------|----------|
|password                                                     |active_yn |
|-------------------------------------------------------------|----------|
|$2a$10$ieGblXWiZpgTfSTXbSj9c.qcTk8JKQjgpHdnEXnCWMD1O00YXNwKK |y         |
|-------------------------------------------------------------|----------|

2024-03-29 15:57:00.924 [http-nio-80-exec-9] INFO 
				jdbc.resultsettable - 
|-------------------------------------------------------------|----------|
|password                                                     |active_yn |
|-------------------------------------------------------------|----------|
|$2a$10$ieGblXWiZpgTfSTXbSj9c.qcTk8JKQjgpHdnEXnCWMD1O00YXNwKK |y         |
|-------------------------------------------------------------|----------|

2024-03-29 15:57:06.533 [http-nio-80-exec-2] INFO 
				jdbc.resultsettable - 
|-------------------------------------------------------------|----------|
|password                                                     |active_yn |
|-------------------------------------------------------------|----------|
|$2a$10$ieGblXWiZpgTfSTXbSj9c.qcTk8JKQjgpHdnEXnCWMD1O00YXNwKK |y         |
|-------------------------------------------------------------|----------|

2024-03-29 15:58:02.988 [http-nio-80-exec-4] INFO 
				jdbc.resultsettable - 
|-------------------------------------------------------------|----------|
|password                                                     |active_yn |
|-------------------------------------------------------------|----------|
|$2a$10$ieGblXWiZpgTfSTXbSj9c.qcTk8JKQjgpHdnEXnCWMD1O00YXNwKK |y         |
|-------------------------------------------------------------|----------|

2024-03-29 15:58:16.571 [http-nio-80-exec-10] INFO 
				jdbc.resultsettable - 
|-------------------------------------------------------------|----------|
|password                                                     |active_yn |
|-------------------------------------------------------------|----------|
|$2a$10$ieGblXWiZpgTfSTXbSj9c.qcTk8JKQjgpHdnEXnCWMD1O00YXNwKK |y         |
|-------------------------------------------------------------|----------|

2024-03-29 15:58:25.943 [http-nio-80-exec-1] INFO 
				jdbc.resultsettable - 
|-------------------------------------------------------------|----------|
|password                                                     |active_yn |
|-------------------------------------------------------------|----------|
|$2a$10$ieGblXWiZpgTfSTXbSj9c.qcTk8JKQjgpHdnEXnCWMD1O00YXNwKK |y         |
|-------------------------------------------------------------|----------|

2024-03-29 16:00:11.062 [http-nio-80-exec-1] INFO 
				jdbc.resultsettable - 
|---------|----------|
|password |active_yn |
|---------|----------|
|---------|----------|

2024-03-29 16:00:50.190 [http-nio-80-exec-9] INFO 
				jdbc.resultsettable - 
|-------------------------------------------------------------|----------|
|password                                                     |active_yn |
|-------------------------------------------------------------|----------|
|$2a$10$T6wjp9aMYFplmWMpLeJ2tOAMaLko9HHvrzT6tuw/QDxxnhm7Py116 |Y         |
|-------------------------------------------------------------|----------|

2024-03-29 16:00:58.215 [http-nio-80-exec-1] INFO 
				jdbc.resultsettable - 
|-------------------------------------------------------------|----------|
|password                                                     |active_yn |
|-------------------------------------------------------------|----------|
|$2a$10$ieGblXWiZpgTfSTXbSj9c.qcTk8JKQjgpHdnEXnCWMD1O00YXNwKK |y         |
|-------------------------------------------------------------|----------|

2024-03-29 16:01:12.944 [http-nio-80-exec-10] INFO 
				jdbc.resultsettable - 
|---------|----------|
|password |active_yn |
|---------|----------|
|---------|----------|

2024-03-29 16:01:14.813 [http-nio-80-exec-9] INFO 
				jdbc.resultsettable - 
|---------|----------|
|password |active_yn |
|---------|----------|
|---------|----------|

2024-03-29 16:01:23.210 [http-nio-80-exec-8] INFO 
				jdbc.resultsettable - 
|---------|----------|
|password |active_yn |
|---------|----------|
|---------|----------|

2024-03-29 16:01:25.796 [http-nio-80-exec-7] INFO 
				jdbc.resultsettable - 
|-------------------------------------------------------------|----------|
|password                                                     |active_yn |
|-------------------------------------------------------------|----------|
|$2a$10$ieGblXWiZpgTfSTXbSj9c.qcTk8JKQjgpHdnEXnCWMD1O00YXNwKK |y         |
|-------------------------------------------------------------|----------|

2024-03-29 16:01:32.931 [http-nio-80-exec-3] INFO 
				jdbc.resultsettable - 
|-------------------------------------------------------------|----------|
|password                                                     |active_yn |
|-------------------------------------------------------------|----------|
|$2a$10$ieGblXWiZpgTfSTXbSj9c.qcTk8JKQjgpHdnEXnCWMD1O00YXNwKK |y         |
|-------------------------------------------------------------|----------|

2024-03-29 16:02:00.898 [http-nio-80-exec-7] INFO 
				jdbc.resultsettable - 
|-------------------------------------------------------------|----------|
|password                                                     |active_yn |
|-------------------------------------------------------------|----------|
|$2a$10$ieGblXWiZpgTfSTXbSj9c.qcTk8JKQjgpHdnEXnCWMD1O00YXNwKK |y         |
|-------------------------------------------------------------|----------|

2024-03-29 16:02:17.116 [http-nio-80-exec-8] INFO 
				jdbc.resultsettable - 
|-------------------------------------------------------------|----------|
|password                                                     |active_yn |
|-------------------------------------------------------------|----------|
|$2a$10$ieGblXWiZpgTfSTXbSj9c.qcTk8JKQjgpHdnEXnCWMD1O00YXNwKK |y         |
|-------------------------------------------------------------|----------|

2024-03-29 16:02:21.618 [http-nio-80-exec-1] INFO 
				jdbc.resultsettable - 
|-------------------------------------------------------------|----------|
|password                                                     |active_yn |
|-------------------------------------------------------------|----------|
|$2a$10$ieGblXWiZpgTfSTXbSj9c.qcTk8JKQjgpHdnEXnCWMD1O00YXNwKK |y         |
|-------------------------------------------------------------|----------|

2024-03-29 16:02:40.012 [http-nio-80-exec-9] INFO 
				jdbc.resultsettable - 
|-------------------------------------------------------------|----------|
|password                                                     |active_yn |
|-------------------------------------------------------------|----------|
|$2a$10$ieGblXWiZpgTfSTXbSj9c.qcTk8JKQjgpHdnEXnCWMD1O00YXNwKK |y         |
|-------------------------------------------------------------|----------|

2024-03-29 16:03:26.393 [http-nio-80-exec-6] INFO 
				jdbc.resultsettable - 
|-------------------------------------------------------------|----------|
|password                                                     |active_yn |
|-------------------------------------------------------------|----------|
|$2a$10$ieGblXWiZpgTfSTXbSj9c.qcTk8JKQjgpHdnEXnCWMD1O00YXNwKK |y         |
|-------------------------------------------------------------|----------|

2024-03-29 16:05:51.031 [http-nio-80-exec-8] INFO 
				jdbc.resultsettable - 
|-------------------------------------------------------------|----------|
|password                                                     |active_yn |
|-------------------------------------------------------------|----------|
|$2a$10$ieGblXWiZpgTfSTXbSj9c.qcTk8JKQjgpHdnEXnCWMD1O00YXNwKK |y         |
|-------------------------------------------------------------|----------|

2024-03-29 16:09:30.618 [http-nio-80-exec-1] INFO 
				jdbc.resultsettable - 
|-------------------------------------------------------------|----------|
|password                                                     |active_yn |
|-------------------------------------------------------------|----------|
|$2a$10$ieGblXWiZpgTfSTXbSj9c.qcTk8JKQjgpHdnEXnCWMD1O00YXNwKK |y         |
|-------------------------------------------------------------|----------|

2024-03-29 16:09:33.960 [http-nio-80-exec-10] INFO 
				jdbc.resultsettable - 
|-------------------------------------------------------------|----------|
|password                                                     |active_yn |
|-------------------------------------------------------------|----------|
|$2a$10$ieGblXWiZpgTfSTXbSj9c.qcTk8JKQjgpHdnEXnCWMD1O00YXNwKK |y         |
|-------------------------------------------------------------|----------|

2024-03-29 16:09:42.145 [http-nio-80-exec-2] INFO 
				jdbc.resultsettable - 
|-------------------------------------------------------------|----------|
|password                                                     |active_yn |
|-------------------------------------------------------------|----------|
|$2a$10$ieGblXWiZpgTfSTXbSj9c.qcTk8JKQjgpHdnEXnCWMD1O00YXNwKK |y         |
|-------------------------------------------------------------|----------|

2024-03-29 16:09:44.495 [http-nio-80-exec-9] INFO 
				jdbc.resultsettable - 
|-------------------------------------------------------------|----------|
|password                                                     |active_yn |
|-------------------------------------------------------------|----------|
|$2a$10$ieGblXWiZpgTfSTXbSj9c.qcTk8JKQjgpHdnEXnCWMD1O00YXNwKK |y         |
|-------------------------------------------------------------|----------|

2024-03-29 16:16:53.266 [http-nio-80-exec-1] INFO 
				jdbc.resultsettable - 
|-------------------------------------------------------------|----------|
|password                                                     |active_yn |
|-------------------------------------------------------------|----------|
|$2a$10$ieGblXWiZpgTfSTXbSj9c.qcTk8JKQjgpHdnEXnCWMD1O00YXNwKK |y         |
|-------------------------------------------------------------|----------|

2024-03-29 16:16:55.605 [http-nio-80-exec-8] INFO 
				jdbc.resultsettable - 
|-------------------------------------------------------------|----------|
|password                                                     |active_yn |
|-------------------------------------------------------------|----------|
|$2a$10$ieGblXWiZpgTfSTXbSj9c.qcTk8JKQjgpHdnEXnCWMD1O00YXNwKK |y         |
|-------------------------------------------------------------|----------|

2024-03-29 16:16:59.043 [http-nio-80-exec-6] INFO 
				jdbc.resultsettable - 
|-------------------------------------------------------------|----------|
|password                                                     |active_yn |
|-------------------------------------------------------------|----------|
|$2a$10$ieGblXWiZpgTfSTXbSj9c.qcTk8JKQjgpHdnEXnCWMD1O00YXNwKK |y         |
|-------------------------------------------------------------|----------|

2024-03-29 16:21:24.835 [http-nio-80-exec-4] INFO 
				jdbc.resultsettable - 
|-------------------------------------------------------------|----------|
|password                                                     |active_yn |
|-------------------------------------------------------------|----------|
|$2a$10$ieGblXWiZpgTfSTXbSj9c.qcTk8JKQjgpHdnEXnCWMD1O00YXNwKK |y         |
|-------------------------------------------------------------|----------|

2024-03-29 16:21:26.832 [http-nio-80-exec-3] INFO 
				jdbc.resultsettable - 
|-------------------------------------------------------------|----------|
|password                                                     |active_yn |
|-------------------------------------------------------------|----------|
|$2a$10$ieGblXWiZpgTfSTXbSj9c.qcTk8JKQjgpHdnEXnCWMD1O00YXNwKK |y         |
|-------------------------------------------------------------|----------|

2024-03-29 16:21:30.520 [http-nio-80-exec-1] INFO 
				jdbc.resultsettable - 
|-------------------------------------------------------------|----------|
|password                                                     |active_yn |
|-------------------------------------------------------------|----------|
|$2a$10$ieGblXWiZpgTfSTXbSj9c.qcTk8JKQjgpHdnEXnCWMD1O00YXNwKK |y         |
|-------------------------------------------------------------|----------|

2024-03-29 16:22:22.346 [http-nio-80-exec-1] INFO 
				jdbc.resultsettable - 
|-------------------------------------------------------------|----------|
|password                                                     |active_yn |
|-------------------------------------------------------------|----------|
|$2a$10$ieGblXWiZpgTfSTXbSj9c.qcTk8JKQjgpHdnEXnCWMD1O00YXNwKK |y         |
|-------------------------------------------------------------|----------|

2024-03-29 16:22:24.541 [http-nio-80-exec-8] INFO 
				jdbc.resultsettable - 
|-------------------------------------------------------------|----------|
|password                                                     |active_yn |
|-------------------------------------------------------------|----------|
|$2a$10$ieGblXWiZpgTfSTXbSj9c.qcTk8JKQjgpHdnEXnCWMD1O00YXNwKK |y         |
|-------------------------------------------------------------|----------|

2024-03-29 16:31:48.667 [http-nio-80-exec-3] INFO 
				jdbc.resultsettable - 
|---------|----------|
|password |active_yn |
|---------|----------|
|---------|----------|

2024-03-29 16:33:06.407 [http-nio-80-exec-6] INFO 
				jdbc.resultsettable - 
|---------|----------|
|password |active_yn |
|---------|----------|
|---------|----------|

2024-03-29 16:34:13.598 [http-nio-80-exec-2] INFO 
				jdbc.resultsettable - 
|---------|----------|
|password |active_yn |
|---------|----------|
|---------|----------|

2024-03-29 16:36:16.788 [http-nio-80-exec-5] INFO 
				jdbc.resultsettable - 
|-------------------------------------------------------------|----------|
|password                                                     |active_yn |
|-------------------------------------------------------------|----------|
|$2a$10$ieGblXWiZpgTfSTXbSj9c.qcTk8JKQjgpHdnEXnCWMD1O00YXNwKK |y         |
|-------------------------------------------------------------|----------|

2024-03-29 16:36:22.828 [http-nio-80-exec-8] INFO 
				jdbc.resultsettable - 
|-------------------------------------------------------------|----------|
|password                                                     |active_yn |
|-------------------------------------------------------------|----------|
|$2a$10$ieGblXWiZpgTfSTXbSj9c.qcTk8JKQjgpHdnEXnCWMD1O00YXNwKK |y         |
|-------------------------------------------------------------|----------|

2024-03-29 16:36:28.448 [http-nio-80-exec-6] INFO 
				jdbc.resultsettable - 
|-------------------------------------------------------------|----------|
|password                                                     |active_yn |
|-------------------------------------------------------------|----------|
|$2a$10$ieGblXWiZpgTfSTXbSj9c.qcTk8JKQjgpHdnEXnCWMD1O00YXNwKK |y         |
|-------------------------------------------------------------|----------|

2024-03-29 16:38:26.488 [http-nio-80-exec-5] INFO 
				jdbc.resultsettable - 
|-------------------------------------------------------------|----------|
|password                                                     |active_yn |
|-------------------------------------------------------------|----------|
|$2a$10$ieGblXWiZpgTfSTXbSj9c.qcTk8JKQjgpHdnEXnCWMD1O00YXNwKK |y         |
|-------------------------------------------------------------|----------|

2024-03-29 16:38:29.141 [http-nio-80-exec-8] INFO 
				jdbc.resultsettable - 
|-------------------------------------------------------------|----------|
|password                                                     |active_yn |
|-------------------------------------------------------------|----------|
|$2a$10$ieGblXWiZpgTfSTXbSj9c.qcTk8JKQjgpHdnEXnCWMD1O00YXNwKK |y         |
|-------------------------------------------------------------|----------|

2024-03-29 16:46:53.594 [http-nio-80-exec-8] INFO 
				jdbc.resultsettable - 
|-------------------------------------------------------------|----------|
|password                                                     |active_yn |
|-------------------------------------------------------------|----------|
|$2a$10$ieGblXWiZpgTfSTXbSj9c.qcTk8JKQjgpHdnEXnCWMD1O00YXNwKK |y         |
|-------------------------------------------------------------|----------|

2024-03-29 16:47:22.671 [http-nio-80-exec-9] INFO 
				jdbc.resultsettable - 
|-------------------------------------------------------------|----------|
|password                                                     |active_yn |
|-------------------------------------------------------------|----------|
|$2a$10$ieGblXWiZpgTfSTXbSj9c.qcTk8JKQjgpHdnEXnCWMD1O00YXNwKK |y         |
|-------------------------------------------------------------|----------|

